<?xml version="1.0" encoding="UTF-8"?>
  <testsuites tests="80" disabled="6" errors="0" failures="0" time="2.550941291">
      <testsuite name="conformance tests" package="/Users/igorg/projects/distribution-spec/conformance" tests="80" disabled="0" skipped="6" errors="0" failures="0" time="2.550941291" timestamp="2024-08-06T12:18:28">
          <properties>
              <property name="SuiteSucceeded" value="true"></property>
              <property name="SuiteHasProgrammaticFocus" value="false"></property>
              <property name="SpecialSuiteFailureReason" value=""></property>
              <property name="SuiteLabels" value="[]"></property>
              <property name="RandomSeed" value="1722935908"></property>
              <property name="RandomizeAllSpecs" value="false"></property>
              <property name="LabelFilter" value=""></property>
              <property name="FocusStrings" value=""></property>
              <property name="SkipStrings" value=""></property>
              <property name="FocusFiles" value=""></property>
              <property name="SkipFiles" value=""></property>
              <property name="FailOnPending" value="false"></property>
              <property name="FailFast" value="false"></property>
              <property name="FlakeAttempts" value="0"></property>
              <property name="DryRun" value="false"></property>
              <property name="ParallelTotal" value="1"></property>
              <property name="OutputInterceptorMode" value=""></property>
          </properties>
          <testcase name="OCI Distribution Conformance Tests Pull Setup Populate registry with test blob" classname="conformance tests" status="passed" time="0.069548541">
              <system-err>&gt; Enter [It] Populate registry with test blob - /Users/igorg/projects/distribution-spec/conformance/01_pull_test.go:18 @ 08/06/24 12:18:28.762&#xA;&lt; Exit [It] Populate registry with test blob - /Users/igorg/projects/distribution-spec/conformance/01_pull_test.go:18 @ 08/06/24 12:18:28.832 (69ms)&#xA;&gt; Enter [ReportAfterEach] TOP-LEVEL - /Users/igorg/projects/distribution-spec/conformance/00_conformance_suite_test.go:23 @ 08/06/24 12:18:28.832&#xA;&lt; Exit [ReportAfterEach] TOP-LEVEL - /Users/igorg/projects/distribution-spec/conformance/00_conformance_suite_test.go:23 @ 08/06/24 12:18:28.832 (0s)&#xA;</system-err>
          </testcase>
          <testcase name="OCI Distribution Conformance Tests Pull Setup Populate registry with test blob" classname="conformance tests" status="passed" time="0.037074959">
              <system-err>&gt; Enter [It] Populate registry with test blob - /Users/igorg/projects/distribution-spec/conformance/01_pull_test.go:36 @ 08/06/24 12:18:28.832&#xA;&lt; Exit [It] Populate registry with test blob - /Users/igorg/projects/distribution-spec/conformance/01_pull_test.go:36 @ 08/06/24 12:18:28.869 (37ms)&#xA;&gt; Enter [ReportAfterEach] TOP-LEVEL - /Users/igorg/projects/distribution-spec/conformance/00_conformance_suite_test.go:23 @ 08/06/24 12:18:28.869&#xA;&lt; Exit [ReportAfterEach] TOP-LEVEL - /Users/igorg/projects/distribution-spec/conformance/00_conformance_suite_test.go:23 @ 08/06/24 12:18:28.869 (0s)&#xA;</system-err>
          </testcase>
          <testcase name="OCI Distribution Conformance Tests Pull Setup Populate registry with test layer" classname="conformance tests" status="passed" time="0.041822959">
              <system-err>&gt; Enter [It] Populate registry with test layer - /Users/igorg/projects/distribution-spec/conformance/01_pull_test.go:54 @ 08/06/24 12:18:28.869&#xA;&lt; Exit [It] Populate registry with test layer - /Users/igorg/projects/distribution-spec/conformance/01_pull_test.go:54 @ 08/06/24 12:18:28.911 (42ms)&#xA;&gt; Enter [ReportAfterEach] TOP-LEVEL - /Users/igorg/projects/distribution-spec/conformance/00_conformance_suite_test.go:23 @ 08/06/24 12:18:28.911&#xA;&lt; Exit [ReportAfterEach] TOP-LEVEL - /Users/igorg/projects/distribution-spec/conformance/00_conformance_suite_test.go:23 @ 08/06/24 12:18:28.911 (0s)&#xA;</system-err>
          </testcase>
          <testcase name="OCI Distribution Conformance Tests Pull Setup Populate registry with test manifest" classname="conformance tests" status="passed" time="0.057622709">
              <system-err>&gt; Enter [It] Populate registry with test manifest - /Users/igorg/projects/distribution-spec/conformance/01_pull_test.go:72 @ 08/06/24 12:18:28.911&#xA;&lt; Exit [It] Populate registry with test manifest - /Users/igorg/projects/distribution-spec/conformance/01_pull_test.go:72 @ 08/06/24 12:18:28.968 (58ms)&#xA;&gt; Enter [ReportAfterEach] TOP-LEVEL - /Users/igorg/projects/distribution-spec/conformance/00_conformance_suite_test.go:23 @ 08/06/24 12:18:28.968&#xA;&lt; Exit [ReportAfterEach] TOP-LEVEL - /Users/igorg/projects/distribution-spec/conformance/00_conformance_suite_test.go:23 @ 08/06/24 12:18:28.968 (0s)&#xA;</system-err>
          </testcase>
          <testcase name="OCI Distribution Conformance Tests Pull Setup Populate registry with test manifest" classname="conformance tests" status="passed" time="0.0511565">
              <system-err>&gt; Enter [It] Populate registry with test manifest - /Users/igorg/projects/distribution-spec/conformance/01_pull_test.go:87 @ 08/06/24 12:18:28.968&#xA;&lt; Exit [It] Populate registry with test manifest - /Users/igorg/projects/distribution-spec/conformance/01_pull_test.go:87 @ 08/06/24 12:18:29.02 (51ms)&#xA;&gt; Enter [ReportAfterEach] TOP-LEVEL - /Users/igorg/projects/distribution-spec/conformance/00_conformance_suite_test.go:23 @ 08/06/24 12:18:29.02&#xA;&lt; Exit [ReportAfterEach] TOP-LEVEL - /Users/igorg/projects/distribution-spec/conformance/00_conformance_suite_test.go:23 @ 08/06/24 12:18:29.02 (0s)&#xA;</system-err>
          </testcase>
          <testcase name="OCI Distribution Conformance Tests Pull Setup Get tag name from environment" classname="conformance tests" status="skipped" time="0.000697125">
              <skipped message="skipped - you have skipped this test."></skipped>
              <system-err>&gt; Enter [It] Get tag name from environment - /Users/igorg/projects/distribution-spec/conformance/01_pull_test.go:101 @ 08/06/24 12:18:29.02&#xA;[SKIPPED] you have skipped this test.&#xA;In [It] at: /Users/igorg/projects/distribution-spec/conformance/setup.go:591 @ 08/06/24 12:18:29.02&#xA;&lt; Exit [It] Get tag name from environment - /Users/igorg/projects/distribution-spec/conformance/01_pull_test.go:101 @ 08/06/24 12:18:29.02 (1ms)&#xA;&gt; Enter [ReportAfterEach] TOP-LEVEL - /Users/igorg/projects/distribution-spec/conformance/00_conformance_suite_test.go:23 @ 08/06/24 12:18:29.02&#xA;&lt; Exit [ReportAfterEach] TOP-LEVEL - /Users/igorg/projects/distribution-spec/conformance/00_conformance_suite_test.go:23 @ 08/06/24 12:18:29.02 (0s)&#xA;</system-err>
          </testcase>
          <testcase name="OCI Distribution Conformance Tests Pull Pull blobs HEAD request to nonexistent blob should result in 404 response" classname="conformance tests" status="passed" time="0.014281792">
              <system-err>&gt; Enter [It] HEAD request to nonexistent blob should result in 404 response - /Users/igorg/projects/distribution-spec/conformance/01_pull_test.go:112 @ 08/06/24 12:18:29.02&#xA;&lt; Exit [It] HEAD request to nonexistent blob should result in 404 response - /Users/igorg/projects/distribution-spec/conformance/01_pull_test.go:112 @ 08/06/24 12:18:29.035 (14ms)&#xA;&gt; Enter [ReportAfterEach] TOP-LEVEL - /Users/igorg/projects/distribution-spec/conformance/00_conformance_suite_test.go:23 @ 08/06/24 12:18:29.035&#xA;&lt; Exit [ReportAfterEach] TOP-LEVEL - /Users/igorg/projects/distribution-spec/conformance/00_conformance_suite_test.go:23 @ 08/06/24 12:18:29.035 (0s)&#xA;</system-err>
          </testcase>
          <testcase name="OCI Distribution Conformance Tests Pull Pull blobs HEAD request to existing blob should yield 200" classname="conformance tests" status="passed" time="0.006939417">
              <system-err>&gt; Enter [It] HEAD request to existing blob should yield 200 - /Users/igorg/projects/distribution-spec/conformance/01_pull_test.go:121 @ 08/06/24 12:18:29.035&#xA;&lt; Exit [It] HEAD request to existing blob should yield 200 - /Users/igorg/projects/distribution-spec/conformance/01_pull_test.go:121 @ 08/06/24 12:18:29.042 (7ms)&#xA;&gt; Enter [ReportAfterEach] TOP-LEVEL - /Users/igorg/projects/distribution-spec/conformance/00_conformance_suite_test.go:23 @ 08/06/24 12:18:29.042&#xA;&lt; Exit [ReportAfterEach] TOP-LEVEL - /Users/igorg/projects/distribution-spec/conformance/00_conformance_suite_test.go:23 @ 08/06/24 12:18:29.042 (0s)&#xA;</system-err>
          </testcase>
          <testcase name="OCI Distribution Conformance Tests Pull Pull blobs GET nonexistent blob should result in 404 response" classname="conformance tests" status="passed" time="0.008038875">
              <system-err>&gt; Enter [It] GET nonexistent blob should result in 404 response - /Users/igorg/projects/distribution-spec/conformance/01_pull_test.go:133 @ 08/06/24 12:18:29.042&#xA;&lt; Exit [It] GET nonexistent blob should result in 404 response - /Users/igorg/projects/distribution-spec/conformance/01_pull_test.go:133 @ 08/06/24 12:18:29.05 (8ms)&#xA;&gt; Enter [ReportAfterEach] TOP-LEVEL - /Users/igorg/projects/distribution-spec/conformance/00_conformance_suite_test.go:23 @ 08/06/24 12:18:29.05&#xA;&lt; Exit [ReportAfterEach] TOP-LEVEL - /Users/igorg/projects/distribution-spec/conformance/00_conformance_suite_test.go:23 @ 08/06/24 12:18:29.05 (0s)&#xA;</system-err>
          </testcase>
          <testcase name="OCI Distribution Conformance Tests Pull Pull blobs GET request to existing blob URL should yield 200" classname="conformance tests" status="passed" time="0.022039458">
              <system-err>&gt; Enter [It] GET request to existing blob URL should yield 200 - /Users/igorg/projects/distribution-spec/conformance/01_pull_test.go:142 @ 08/06/24 12:18:29.05&#xA;&lt; Exit [It] GET request to existing blob URL should yield 200 - /Users/igorg/projects/distribution-spec/conformance/01_pull_test.go:142 @ 08/06/24 12:18:29.072 (22ms)&#xA;&gt; Enter [ReportAfterEach] TOP-LEVEL - /Users/igorg/projects/distribution-spec/conformance/00_conformance_suite_test.go:23 @ 08/06/24 12:18:29.072&#xA;&lt; Exit [ReportAfterEach] TOP-LEVEL - /Users/igorg/projects/distribution-spec/conformance/00_conformance_suite_test.go:23 @ 08/06/24 12:18:29.072 (0s)&#xA;</system-err>
          </testcase>
          <testcase name="OCI Distribution Conformance Tests Pull Pull manifests HEAD request to nonexistent manifest should return 404" classname="conformance tests" status="passed" time="0.008206375">
              <system-err>&gt; Enter [It] HEAD request to nonexistent manifest should return 404 - /Users/igorg/projects/distribution-spec/conformance/01_pull_test.go:152 @ 08/06/24 12:18:29.072&#xA;&lt; Exit [It] HEAD request to nonexistent manifest should return 404 - /Users/igorg/projects/distribution-spec/conformance/01_pull_test.go:152 @ 08/06/24 12:18:29.08 (8ms)&#xA;&gt; Enter [ReportAfterEach] TOP-LEVEL - /Users/igorg/projects/distribution-spec/conformance/00_conformance_suite_test.go:23 @ 08/06/24 12:18:29.08&#xA;&lt; Exit [ReportAfterEach] TOP-LEVEL - /Users/igorg/projects/distribution-spec/conformance/00_conformance_suite_test.go:23 @ 08/06/24 12:18:29.08 (0s)&#xA;</system-err>
          </testcase>
          <testcase name="OCI Distribution Conformance Tests Pull Pull manifests HEAD request to manifest[0] path (digest) should yield 200 response" classname="conformance tests" status="passed" time="0.014781334">
              <system-err>&gt; Enter [It] HEAD request to manifest[0] path (digest) should yield 200 response - /Users/igorg/projects/distribution-spec/conformance/01_pull_test.go:161 @ 08/06/24 12:18:29.08&#xA;&lt; Exit [It] HEAD request to manifest[0] path (digest) should yield 200 response - /Users/igorg/projects/distribution-spec/conformance/01_pull_test.go:161 @ 08/06/24 12:18:29.095 (15ms)&#xA;&gt; Enter [ReportAfterEach] TOP-LEVEL - /Users/igorg/projects/distribution-spec/conformance/00_conformance_suite_test.go:23 @ 08/06/24 12:18:29.095&#xA;&lt; Exit [ReportAfterEach] TOP-LEVEL - /Users/igorg/projects/distribution-spec/conformance/00_conformance_suite_test.go:23 @ 08/06/24 12:18:29.095 (0s)&#xA;</system-err>
          </testcase>
          <testcase name="OCI Distribution Conformance Tests Pull Pull manifests HEAD request to manifest[1] path (digest) should yield 200 response" classname="conformance tests" status="passed" time="0.015574416">
              <system-err>&gt; Enter [It] HEAD request to manifest[1] path (digest) should yield 200 response - /Users/igorg/projects/distribution-spec/conformance/01_pull_test.go:173 @ 08/06/24 12:18:29.095&#xA;&lt; Exit [It] HEAD request to manifest[1] path (digest) should yield 200 response - /Users/igorg/projects/distribution-spec/conformance/01_pull_test.go:173 @ 08/06/24 12:18:29.111 (16ms)&#xA;&gt; Enter [ReportAfterEach] TOP-LEVEL - /Users/igorg/projects/distribution-spec/conformance/00_conformance_suite_test.go:23 @ 08/06/24 12:18:29.111&#xA;&lt; Exit [ReportAfterEach] TOP-LEVEL - /Users/igorg/projects/distribution-spec/conformance/00_conformance_suite_test.go:23 @ 08/06/24 12:18:29.111 (0s)&#xA;</system-err>
          </testcase>
          <testcase name="OCI Distribution Conformance Tests Pull Pull manifests HEAD request to manifest path (tag) should yield 200 response" classname="conformance tests" status="passed" time="0.012923666">
              <system-err>&gt; Enter [It] HEAD request to manifest path (tag) should yield 200 response - /Users/igorg/projects/distribution-spec/conformance/01_pull_test.go:185 @ 08/06/24 12:18:29.111&#xA;&lt; Exit [It] HEAD request to manifest path (tag) should yield 200 response - /Users/igorg/projects/distribution-spec/conformance/01_pull_test.go:185 @ 08/06/24 12:18:29.124 (13ms)&#xA;&gt; Enter [ReportAfterEach] TOP-LEVEL - /Users/igorg/projects/distribution-spec/conformance/00_conformance_suite_test.go:23 @ 08/06/24 12:18:29.124&#xA;&lt; Exit [ReportAfterEach] TOP-LEVEL - /Users/igorg/projects/distribution-spec/conformance/00_conformance_suite_test.go:23 @ 08/06/24 12:18:29.124 (0s)&#xA;</system-err>
          </testcase>
          <testcase name="OCI Distribution Conformance Tests Pull Pull manifests GET nonexistent manifest should return 404" classname="conformance tests" status="passed" time="0.009240625">
              <system-err>&gt; Enter [It] GET nonexistent manifest should return 404 - /Users/igorg/projects/distribution-spec/conformance/01_pull_test.go:198 @ 08/06/24 12:18:29.124&#xA;&lt; Exit [It] GET nonexistent manifest should return 404 - /Users/igorg/projects/distribution-spec/conformance/01_pull_test.go:198 @ 08/06/24 12:18:29.133 (9ms)&#xA;&gt; Enter [ReportAfterEach] TOP-LEVEL - /Users/igorg/projects/distribution-spec/conformance/00_conformance_suite_test.go:23 @ 08/06/24 12:18:29.133&#xA;&lt; Exit [ReportAfterEach] TOP-LEVEL - /Users/igorg/projects/distribution-spec/conformance/00_conformance_suite_test.go:23 @ 08/06/24 12:18:29.133 (0s)&#xA;</system-err>
          </testcase>
          <testcase name="OCI Distribution Conformance Tests Pull Pull manifests GET request to manifest[0] path (digest) should yield 200 response" classname="conformance tests" status="passed" time="0.011506167">
              <system-err>&gt; Enter [It] GET request to manifest[0] path (digest) should yield 200 response - /Users/igorg/projects/distribution-spec/conformance/01_pull_test.go:207 @ 08/06/24 12:18:29.133&#xA;&lt; Exit [It] GET request to manifest[0] path (digest) should yield 200 response - /Users/igorg/projects/distribution-spec/conformance/01_pull_test.go:207 @ 08/06/24 12:18:29.145 (12ms)&#xA;&gt; Enter [ReportAfterEach] TOP-LEVEL - /Users/igorg/projects/distribution-spec/conformance/00_conformance_suite_test.go:23 @ 08/06/24 12:18:29.145&#xA;&lt; Exit [ReportAfterEach] TOP-LEVEL - /Users/igorg/projects/distribution-spec/conformance/00_conformance_suite_test.go:23 @ 08/06/24 12:18:29.145 (0s)&#xA;</system-err>
          </testcase>
          <testcase name="OCI Distribution Conformance Tests Pull Pull manifests GET request to manifest[1] path (digest) should yield 200 response" classname="conformance tests" status="passed" time="0.01192975">
              <system-err>&gt; Enter [It] GET request to manifest[1] path (digest) should yield 200 response - /Users/igorg/projects/distribution-spec/conformance/01_pull_test.go:216 @ 08/06/24 12:18:29.145&#xA;&lt; Exit [It] GET request to manifest[1] path (digest) should yield 200 response - /Users/igorg/projects/distribution-spec/conformance/01_pull_test.go:216 @ 08/06/24 12:18:29.157 (12ms)&#xA;&gt; Enter [ReportAfterEach] TOP-LEVEL - /Users/igorg/projects/distribution-spec/conformance/00_conformance_suite_test.go:23 @ 08/06/24 12:18:29.157&#xA;&lt; Exit [ReportAfterEach] TOP-LEVEL - /Users/igorg/projects/distribution-spec/conformance/00_conformance_suite_test.go:23 @ 08/06/24 12:18:29.157 (0s)&#xA;</system-err>
          </testcase>
          <testcase name="OCI Distribution Conformance Tests Pull Pull manifests GET request to manifest path (tag) should yield 200 response" classname="conformance tests" status="passed" time="0.014099834">
              <system-err>&gt; Enter [It] GET request to manifest path (tag) should yield 200 response - /Users/igorg/projects/distribution-spec/conformance/01_pull_test.go:225 @ 08/06/24 12:18:29.157&#xA;&lt; Exit [It] GET request to manifest path (tag) should yield 200 response - /Users/igorg/projects/distribution-spec/conformance/01_pull_test.go:225 @ 08/06/24 12:18:29.171 (14ms)&#xA;&gt; Enter [ReportAfterEach] TOP-LEVEL - /Users/igorg/projects/distribution-spec/conformance/00_conformance_suite_test.go:23 @ 08/06/24 12:18:29.171&#xA;&lt; Exit [ReportAfterEach] TOP-LEVEL - /Users/igorg/projects/distribution-spec/conformance/00_conformance_suite_test.go:23 @ 08/06/24 12:18:29.171 (0s)&#xA;</system-err>
          </testcase>
          <testcase name="OCI Distribution Conformance Tests Pull Error codes 400 response body should contain OCI-conforming JSON message" classname="conformance tests" status="passed" time="0.008819167">
              <system-err>&gt; Enter [It] 400 response body should contain OCI-conforming JSON message - /Users/igorg/projects/distribution-spec/conformance/01_pull_test.go:237 @ 08/06/24 12:18:29.171&#xA;&lt; Exit [It] 400 response body should contain OCI-conforming JSON message - /Users/igorg/projects/distribution-spec/conformance/01_pull_test.go:237 @ 08/06/24 12:18:29.18 (9ms)&#xA;&gt; Enter [ReportAfterEach] TOP-LEVEL - /Users/igorg/projects/distribution-spec/conformance/00_conformance_suite_test.go:23 @ 08/06/24 12:18:29.18&#xA;&lt; Exit [ReportAfterEach] TOP-LEVEL - /Users/igorg/projects/distribution-spec/conformance/00_conformance_suite_test.go:23 @ 08/06/24 12:18:29.18 (0s)&#xA;</system-err>
          </testcase>
          <testcase name="OCI Distribution Conformance Tests Pull Teardown Delete manifest[0] created in setup" classname="conformance tests" status="passed" time="0.054847542">
              <system-err>&gt; Enter [It] Delete manifest[0] created in setup - /Users/igorg/projects/distribution-spec/conformance/01_pull_test.go:260 @ 08/06/24 12:18:29.18&#xA;&lt; Exit [It] Delete manifest[0] created in setup - /Users/igorg/projects/distribution-spec/conformance/01_pull_test.go:260 @ 08/06/24 12:18:29.235 (55ms)&#xA;&gt; Enter [ReportAfterEach] TOP-LEVEL - /Users/igorg/projects/distribution-spec/conformance/00_conformance_suite_test.go:23 @ 08/06/24 12:18:29.235&#xA;&lt; Exit [ReportAfterEach] TOP-LEVEL - /Users/igorg/projects/distribution-spec/conformance/00_conformance_suite_test.go:23 @ 08/06/24 12:18:29.235 (0s)&#xA;</system-err>
          </testcase>
          <testcase name="OCI Distribution Conformance Tests Pull Teardown Delete manifest[1] created in setup" classname="conformance tests" status="passed" time="0.035646917">
              <system-err>&gt; Enter [It] Delete manifest[1] created in setup - /Users/igorg/projects/distribution-spec/conformance/01_pull_test.go:274 @ 08/06/24 12:18:29.235&#xA;&lt; Exit [It] Delete manifest[1] created in setup - /Users/igorg/projects/distribution-spec/conformance/01_pull_test.go:274 @ 08/06/24 12:18:29.271 (36ms)&#xA;&gt; Enter [ReportAfterEach] TOP-LEVEL - /Users/igorg/projects/distribution-spec/conformance/00_conformance_suite_test.go:23 @ 08/06/24 12:18:29.271&#xA;&lt; Exit [ReportAfterEach] TOP-LEVEL - /Users/igorg/projects/distribution-spec/conformance/00_conformance_suite_test.go:23 @ 08/06/24 12:18:29.271 (0s)&#xA;</system-err>
          </testcase>
          <testcase name="OCI Distribution Conformance Tests Pull Teardown Delete config[0] blob created in setup" classname="conformance tests" status="passed" time="0.008785792">
              <system-err>&gt; Enter [It] Delete config[0] blob created in setup - /Users/igorg/projects/distribution-spec/conformance/01_pull_test.go:290 @ 08/06/24 12:18:29.271&#xA;&lt; Exit [It] Delete config[0] blob created in setup - /Users/igorg/projects/distribution-spec/conformance/01_pull_test.go:290 @ 08/06/24 12:18:29.279 (9ms)&#xA;&gt; Enter [ReportAfterEach] TOP-LEVEL - /Users/igorg/projects/distribution-spec/conformance/00_conformance_suite_test.go:23 @ 08/06/24 12:18:29.28&#xA;&lt; Exit [ReportAfterEach] TOP-LEVEL - /Users/igorg/projects/distribution-spec/conformance/00_conformance_suite_test.go:23 @ 08/06/24 12:18:29.28 (0s)&#xA;</system-err>
          </testcase>
          <testcase name="OCI Distribution Conformance Tests Pull Teardown Delete config[1] blob created in setup" classname="conformance tests" status="passed" time="0.006397792">
              <system-err>&gt; Enter [It] Delete config[1] blob created in setup - /Users/igorg/projects/distribution-spec/conformance/01_pull_test.go:304 @ 08/06/24 12:18:29.28&#xA;&lt; Exit [It] Delete config[1] blob created in setup - /Users/igorg/projects/distribution-spec/conformance/01_pull_test.go:304 @ 08/06/24 12:18:29.286 (6ms)&#xA;&gt; Enter [ReportAfterEach] TOP-LEVEL - /Users/igorg/projects/distribution-spec/conformance/00_conformance_suite_test.go:23 @ 08/06/24 12:18:29.286&#xA;&lt; Exit [ReportAfterEach] TOP-LEVEL - /Users/igorg/projects/distribution-spec/conformance/00_conformance_suite_test.go:23 @ 08/06/24 12:18:29.286 (0s)&#xA;</system-err>
          </testcase>
          <testcase name="OCI Distribution Conformance Tests Pull Teardown Delete layer blob created in setup" classname="conformance tests" status="passed" time="0.0069565">
              <system-err>&gt; Enter [It] Delete layer blob created in setup - /Users/igorg/projects/distribution-spec/conformance/01_pull_test.go:319 @ 08/06/24 12:18:29.286&#xA;&lt; Exit [It] Delete layer blob created in setup - /Users/igorg/projects/distribution-spec/conformance/01_pull_test.go:319 @ 08/06/24 12:18:29.293 (7ms)&#xA;&gt; Enter [ReportAfterEach] TOP-LEVEL - /Users/igorg/projects/distribution-spec/conformance/00_conformance_suite_test.go:23 @ 08/06/24 12:18:29.293&#xA;&lt; Exit [ReportAfterEach] TOP-LEVEL - /Users/igorg/projects/distribution-spec/conformance/00_conformance_suite_test.go:23 @ 08/06/24 12:18:29.293 (0s)&#xA;</system-err>
          </testcase>
          <testcase name="OCI Distribution Conformance Tests Push Blob Upload Streamed PATCH request with blob in body should yield 202 response" classname="conformance tests" status="passed" time="0.025155916">
              <system-err>&gt; Enter [It] PATCH request with blob in body should yield 202 response - /Users/igorg/projects/distribution-spec/conformance/02_push_test.go:25 @ 08/06/24 12:18:29.293&#xA;&lt; Exit [It] PATCH request with blob in body should yield 202 response - /Users/igorg/projects/distribution-spec/conformance/02_push_test.go:25 @ 08/06/24 12:18:29.318 (25ms)&#xA;&gt; Enter [ReportAfterEach] TOP-LEVEL - /Users/igorg/projects/distribution-spec/conformance/00_conformance_suite_test.go:23 @ 08/06/24 12:18:29.318&#xA;&lt; Exit [ReportAfterEach] TOP-LEVEL - /Users/igorg/projects/distribution-spec/conformance/00_conformance_suite_test.go:23 @ 08/06/24 12:18:29.321 (2ms)&#xA;</system-err>
          </testcase>
          <testcase name="OCI Distribution Conformance Tests Push Blob Upload Streamed PUT request to session URL with digest should yield 201 response" classname="conformance tests" status="passed" time="0.018918875">
              <system-err>&gt; Enter [It] PUT request to session URL with digest should yield 201 response - /Users/igorg/projects/distribution-spec/conformance/02_push_test.go:42 @ 08/06/24 12:18:29.321&#xA;&lt; Exit [It] PUT request to session URL with digest should yield 201 response - /Users/igorg/projects/distribution-spec/conformance/02_push_test.go:42 @ 08/06/24 12:18:29.34 (19ms)&#xA;&gt; Enter [ReportAfterEach] TOP-LEVEL - /Users/igorg/projects/distribution-spec/conformance/00_conformance_suite_test.go:23 @ 08/06/24 12:18:29.34&#xA;&lt; Exit [ReportAfterEach] TOP-LEVEL - /Users/igorg/projects/distribution-spec/conformance/00_conformance_suite_test.go:23 @ 08/06/24 12:18:29.34 (0s)&#xA;</system-err>
          </testcase>
          <testcase name="OCI Distribution Conformance Tests Push Blob Upload Monolithic GET nonexistent blob should result in 404 response" classname="conformance tests" status="passed" time="0.006197584">
              <system-err>&gt; Enter [It] GET nonexistent blob should result in 404 response - /Users/igorg/projects/distribution-spec/conformance/02_push_test.go:58 @ 08/06/24 12:18:29.34&#xA;&lt; Exit [It] GET nonexistent blob should result in 404 response - /Users/igorg/projects/distribution-spec/conformance/02_push_test.go:58 @ 08/06/24 12:18:29.346 (6ms)&#xA;&gt; Enter [ReportAfterEach] TOP-LEVEL - /Users/igorg/projects/distribution-spec/conformance/00_conformance_suite_test.go:23 @ 08/06/24 12:18:29.346&#xA;&lt; Exit [ReportAfterEach] TOP-LEVEL - /Users/igorg/projects/distribution-spec/conformance/00_conformance_suite_test.go:23 @ 08/06/24 12:18:29.346 (0s)&#xA;</system-err>
          </testcase>
          <testcase name="OCI Distribution Conformance Tests Push Blob Upload Monolithic POST request with digest and blob should yield a 201 or 202" classname="conformance tests" status="passed" time="0.017705125">
              <system-err>&gt; Enter [It] POST request with digest and blob should yield a 201 or 202 - /Users/igorg/projects/distribution-spec/conformance/02_push_test.go:67 @ 08/06/24 12:18:29.346&#xA;&lt; Exit [It] POST request with digest and blob should yield a 201 or 202 - /Users/igorg/projects/distribution-spec/conformance/02_push_test.go:67 @ 08/06/24 12:18:29.364 (18ms)&#xA;&gt; Enter [ReportAfterEach] TOP-LEVEL - /Users/igorg/projects/distribution-spec/conformance/00_conformance_suite_test.go:23 @ 08/06/24 12:18:29.364&#xA;&lt; Exit [ReportAfterEach] TOP-LEVEL - /Users/igorg/projects/distribution-spec/conformance/00_conformance_suite_test.go:23 @ 08/06/24 12:18:29.364 (0s)&#xA;</system-err>
          </testcase>
          <testcase name="OCI Distribution Conformance Tests Push Blob Upload Monolithic GET request to blob URL from prior request should yield 200 or 404 based on response code" classname="conformance tests" status="passed" time="0.009578917">
              <system-err>&gt; Enter [It] GET request to blob URL from prior request should yield 200 or 404 based on response code - /Users/igorg/projects/distribution-spec/conformance/02_push_test.go:85 @ 08/06/24 12:18:29.364&#xA;&lt; Exit [It] GET request to blob URL from prior request should yield 200 or 404 based on response code - /Users/igorg/projects/distribution-spec/conformance/02_push_test.go:85 @ 08/06/24 12:18:29.373 (10ms)&#xA;&gt; Enter [ReportAfterEach] TOP-LEVEL - /Users/igorg/projects/distribution-spec/conformance/00_conformance_suite_test.go:23 @ 08/06/24 12:18:29.373&#xA;&lt; Exit [ReportAfterEach] TOP-LEVEL - /Users/igorg/projects/distribution-spec/conformance/00_conformance_suite_test.go:23 @ 08/06/24 12:18:29.373 (0s)&#xA;</system-err>
          </testcase>
          <testcase name="OCI Distribution Conformance Tests Push Blob Upload Monolithic POST request should yield a session ID" classname="conformance tests" status="passed" time="0.010446833">
              <system-err>&gt; Enter [It] POST request should yield a session ID - /Users/igorg/projects/distribution-spec/conformance/02_push_test.go:98 @ 08/06/24 12:18:29.374&#xA;&lt; Exit [It] POST request should yield a session ID - /Users/igorg/projects/distribution-spec/conformance/02_push_test.go:98 @ 08/06/24 12:18:29.384 (10ms)&#xA;&gt; Enter [ReportAfterEach] TOP-LEVEL - /Users/igorg/projects/distribution-spec/conformance/00_conformance_suite_test.go:23 @ 08/06/24 12:18:29.384&#xA;&lt; Exit [ReportAfterEach] TOP-LEVEL - /Users/igorg/projects/distribution-spec/conformance/00_conformance_suite_test.go:23 @ 08/06/24 12:18:29.384 (0s)&#xA;</system-err>
          </testcase>
          <testcase name="OCI Distribution Conformance Tests Push Blob Upload Monolithic PUT upload of a blob should yield a 201 Response" classname="conformance tests" status="passed" time="0.019801959">
              <system-err>&gt; Enter [It] PUT upload of a blob should yield a 201 Response - /Users/igorg/projects/distribution-spec/conformance/02_push_test.go:107 @ 08/06/24 12:18:29.384&#xA;&lt; Exit [It] PUT upload of a blob should yield a 201 Response - /Users/igorg/projects/distribution-spec/conformance/02_push_test.go:107 @ 08/06/24 12:18:29.404 (20ms)&#xA;&gt; Enter [ReportAfterEach] TOP-LEVEL - /Users/igorg/projects/distribution-spec/conformance/00_conformance_suite_test.go:23 @ 08/06/24 12:18:29.404&#xA;&lt; Exit [ReportAfterEach] TOP-LEVEL - /Users/igorg/projects/distribution-spec/conformance/00_conformance_suite_test.go:23 @ 08/06/24 12:18:29.404 (0s)&#xA;</system-err>
          </testcase>
          <testcase name="OCI Distribution Conformance Tests Push Blob Upload Monolithic GET request to existing blob should yield 200 response" classname="conformance tests" status="passed" time="0.00786425">
              <system-err>&gt; Enter [It] GET request to existing blob should yield 200 response - /Users/igorg/projects/distribution-spec/conformance/02_push_test.go:121 @ 08/06/24 12:18:29.404&#xA;&lt; Exit [It] GET request to existing blob should yield 200 response - /Users/igorg/projects/distribution-spec/conformance/02_push_test.go:121 @ 08/06/24 12:18:29.412 (8ms)&#xA;&gt; Enter [ReportAfterEach] TOP-LEVEL - /Users/igorg/projects/distribution-spec/conformance/00_conformance_suite_test.go:23 @ 08/06/24 12:18:29.412&#xA;&lt; Exit [ReportAfterEach] TOP-LEVEL - /Users/igorg/projects/distribution-spec/conformance/00_conformance_suite_test.go:23 @ 08/06/24 12:18:29.412 (0s)&#xA;</system-err>
          </testcase>
          <testcase name="OCI Distribution Conformance Tests Push Blob Upload Monolithic PUT upload of a layer blob should yield a 201 Response" classname="conformance tests" status="passed" time="0.024397083">
              <system-err>&gt; Enter [It] PUT upload of a layer blob should yield a 201 Response - /Users/igorg/projects/distribution-spec/conformance/02_push_test.go:129 @ 08/06/24 12:18:29.412&#xA;&lt; Exit [It] PUT upload of a layer blob should yield a 201 Response - /Users/igorg/projects/distribution-spec/conformance/02_push_test.go:129 @ 08/06/24 12:18:29.436 (24ms)&#xA;&gt; Enter [ReportAfterEach] TOP-LEVEL - /Users/igorg/projects/distribution-spec/conformance/00_conformance_suite_test.go:23 @ 08/06/24 12:18:29.436&#xA;&lt; Exit [ReportAfterEach] TOP-LEVEL - /Users/igorg/projects/distribution-spec/conformance/00_conformance_suite_test.go:23 @ 08/06/24 12:18:29.436 (0s)&#xA;</system-err>
          </testcase>
          <testcase name="OCI Distribution Conformance Tests Push Blob Upload Monolithic GET request to existing layer should yield 200 response" classname="conformance tests" status="passed" time="0.007468542">
              <system-err>&gt; Enter [It] GET request to existing layer should yield 200 response - /Users/igorg/projects/distribution-spec/conformance/02_push_test.go:146 @ 08/06/24 12:18:29.436&#xA;&lt; Exit [It] GET request to existing layer should yield 200 response - /Users/igorg/projects/distribution-spec/conformance/02_push_test.go:146 @ 08/06/24 12:18:29.444 (7ms)&#xA;&gt; Enter [ReportAfterEach] TOP-LEVEL - /Users/igorg/projects/distribution-spec/conformance/00_conformance_suite_test.go:23 @ 08/06/24 12:18:29.444&#xA;&lt; Exit [ReportAfterEach] TOP-LEVEL - /Users/igorg/projects/distribution-spec/conformance/00_conformance_suite_test.go:23 @ 08/06/24 12:18:29.444 (0s)&#xA;</system-err>
          </testcase>
          <testcase name="OCI Distribution Conformance Tests Push Blob Upload Chunked Out-of-order blob upload should return 416" classname="conformance tests" status="passed" time="0.014035958">
              <system-err>&gt; Enter [It] Out-of-order blob upload should return 416 - /Users/igorg/projects/distribution-spec/conformance/02_push_test.go:156 @ 08/06/24 12:18:29.444&#xA;&lt; Exit [It] Out-of-order blob upload should return 416 - /Users/igorg/projects/distribution-spec/conformance/02_push_test.go:156 @ 08/06/24 12:18:29.458 (14ms)&#xA;&gt; Enter [ReportAfterEach] TOP-LEVEL - /Users/igorg/projects/distribution-spec/conformance/00_conformance_suite_test.go:23 @ 08/06/24 12:18:29.458&#xA;&lt; Exit [ReportAfterEach] TOP-LEVEL - /Users/igorg/projects/distribution-spec/conformance/00_conformance_suite_test.go:23 @ 08/06/24 12:18:29.458 (0s)&#xA;</system-err>
          </testcase>
          <testcase name="OCI Distribution Conformance Tests Push Blob Upload Chunked PATCH request with first chunk should return 202" classname="conformance tests" status="passed" time="0.035682875">
              <system-err>&gt; Enter [It] PATCH request with first chunk should return 202 - /Users/igorg/projects/distribution-spec/conformance/02_push_test.go:185 @ 08/06/24 12:18:29.458&#xA;&lt; Exit [It] PATCH request with first chunk should return 202 - /Users/igorg/projects/distribution-spec/conformance/02_push_test.go:185 @ 08/06/24 12:18:29.494 (36ms)&#xA;&gt; Enter [ReportAfterEach] TOP-LEVEL - /Users/igorg/projects/distribution-spec/conformance/00_conformance_suite_test.go:23 @ 08/06/24 12:18:29.494&#xA;&lt; Exit [ReportAfterEach] TOP-LEVEL - /Users/igorg/projects/distribution-spec/conformance/00_conformance_suite_test.go:23 @ 08/06/24 12:18:29.494 (0s)&#xA;</system-err>
          </testcase>
          <testcase name="OCI Distribution Conformance Tests Push Blob Upload Chunked Retry previous blob chunk should return 416" classname="conformance tests" status="passed" time="0.015428167">
              <system-err>&gt; Enter [It] Retry previous blob chunk should return 416 - /Users/igorg/projects/distribution-spec/conformance/02_push_test.go:206 @ 08/06/24 12:18:29.494&#xA;&lt; Exit [It] Retry previous blob chunk should return 416 - /Users/igorg/projects/distribution-spec/conformance/02_push_test.go:206 @ 08/06/24 12:18:29.509 (15ms)&#xA;&gt; Enter [ReportAfterEach] TOP-LEVEL - /Users/igorg/projects/distribution-spec/conformance/00_conformance_suite_test.go:23 @ 08/06/24 12:18:29.509&#xA;&lt; Exit [ReportAfterEach] TOP-LEVEL - /Users/igorg/projects/distribution-spec/conformance/00_conformance_suite_test.go:23 @ 08/06/24 12:18:29.509 (0s)&#xA;</system-err>
          </testcase>
          <testcase name="OCI Distribution Conformance Tests Push Blob Upload Chunked Get on stale blob upload should return 204 with a range and location" classname="conformance tests" status="passed" time="0.006063791">
              <system-err>&gt; Enter [It] Get on stale blob upload should return 204 with a range and location - /Users/igorg/projects/distribution-spec/conformance/02_push_test.go:218 @ 08/06/24 12:18:29.509&#xA;&lt; Exit [It] Get on stale blob upload should return 204 with a range and location - /Users/igorg/projects/distribution-spec/conformance/02_push_test.go:218 @ 08/06/24 12:18:29.515 (6ms)&#xA;&gt; Enter [ReportAfterEach] TOP-LEVEL - /Users/igorg/projects/distribution-spec/conformance/00_conformance_suite_test.go:23 @ 08/06/24 12:18:29.515&#xA;&lt; Exit [ReportAfterEach] TOP-LEVEL - /Users/igorg/projects/distribution-spec/conformance/00_conformance_suite_test.go:23 @ 08/06/24 12:18:29.515 (0s)&#xA;</system-err>
          </testcase>
          <testcase name="OCI Distribution Conformance Tests Push Blob Upload Chunked PATCH request with second chunk should return 202" classname="conformance tests" status="passed" time="0.01570375">
              <system-err>&gt; Enter [It] PATCH request with second chunk should return 202 - /Users/igorg/projects/distribution-spec/conformance/02_push_test.go:229 @ 08/06/24 12:18:29.515&#xA;&lt; Exit [It] PATCH request with second chunk should return 202 - /Users/igorg/projects/distribution-spec/conformance/02_push_test.go:229 @ 08/06/24 12:18:29.531 (16ms)&#xA;&gt; Enter [ReportAfterEach] TOP-LEVEL - /Users/igorg/projects/distribution-spec/conformance/00_conformance_suite_test.go:23 @ 08/06/24 12:18:29.531&#xA;&lt; Exit [ReportAfterEach] TOP-LEVEL - /Users/igorg/projects/distribution-spec/conformance/00_conformance_suite_test.go:23 @ 08/06/24 12:18:29.535 (4ms)&#xA;</system-err>
          </testcase>
          <testcase name="OCI Distribution Conformance Tests Push Blob Upload Chunked PUT request with digest should return 201" classname="conformance tests" status="passed" time="0.04069">
              <system-err>&gt; Enter [It] PUT request with digest should return 201 - /Users/igorg/projects/distribution-spec/conformance/02_push_test.go:244 @ 08/06/24 12:18:29.535&#xA;&lt; Exit [It] PUT request with digest should return 201 - /Users/igorg/projects/distribution-spec/conformance/02_push_test.go:244 @ 08/06/24 12:18:29.576 (41ms)&#xA;&gt; Enter [ReportAfterEach] TOP-LEVEL - /Users/igorg/projects/distribution-spec/conformance/00_conformance_suite_test.go:23 @ 08/06/24 12:18:29.576&#xA;&lt; Exit [ReportAfterEach] TOP-LEVEL - /Users/igorg/projects/distribution-spec/conformance/00_conformance_suite_test.go:23 @ 08/06/24 12:18:29.576 (0s)&#xA;</system-err>
          </testcase>
          <testcase name="OCI Distribution Conformance Tests Push Cross-Repository Blob Mount Cross-mounting of a blob without the from argument should yield session id" classname="conformance tests" status="passed" time="0.016149166">
              <system-err>&gt; Enter [It] Cross-mounting of a blob without the from argument should yield session id - /Users/igorg/projects/distribution-spec/conformance/02_push_test.go:259 @ 08/06/24 12:18:29.576&#xA;&lt; Exit [It] Cross-mounting of a blob without the from argument should yield session id - /Users/igorg/projects/distribution-spec/conformance/02_push_test.go:259 @ 08/06/24 12:18:29.592 (16ms)&#xA;&gt; Enter [ReportAfterEach] TOP-LEVEL - /Users/igorg/projects/distribution-spec/conformance/00_conformance_suite_test.go:23 @ 08/06/24 12:18:29.592&#xA;&lt; Exit [ReportAfterEach] TOP-LEVEL - /Users/igorg/projects/distribution-spec/conformance/00_conformance_suite_test.go:23 @ 08/06/24 12:18:29.593 (0s)&#xA;</system-err>
          </testcase>
          <testcase name="OCI Distribution Conformance Tests Push Cross-Repository Blob Mount POST request to mount another repository&#39;s blob should return 201 or 202" classname="conformance tests" status="passed" time="0.0187195">
              <system-err>&gt; Enter [It] POST request to mount another repository&#39;s blob should return 201 or 202 - /Users/igorg/projects/distribution-spec/conformance/02_push_test.go:270 @ 08/06/24 12:18:29.593&#xA;&lt; Exit [It] POST request to mount another repository&#39;s blob should return 201 or 202 - /Users/igorg/projects/distribution-spec/conformance/02_push_test.go:270 @ 08/06/24 12:18:29.611 (19ms)&#xA;&gt; Enter [ReportAfterEach] TOP-LEVEL - /Users/igorg/projects/distribution-spec/conformance/00_conformance_suite_test.go:23 @ 08/06/24 12:18:29.611&#xA;&lt; Exit [ReportAfterEach] TOP-LEVEL - /Users/igorg/projects/distribution-spec/conformance/00_conformance_suite_test.go:23 @ 08/06/24 12:18:29.611 (0s)&#xA;</system-err>
          </testcase>
          <testcase name="OCI Distribution Conformance Tests Push Cross-Repository Blob Mount GET request to test digest within cross-mount namespace should return 200" classname="conformance tests" status="skipped" time="0.000596334">
              <skipped message="skipped - you have skipped this test."></skipped>
              <system-err>&gt; Enter [It] GET request to test digest within cross-mount namespace should return 200 - /Users/igorg/projects/distribution-spec/conformance/02_push_test.go:285 @ 08/06/24 12:18:29.611&#xA;[SKIPPED] you have skipped this test.&#xA;In [It] at: /Users/igorg/projects/distribution-spec/conformance/setup.go:585 @ 08/06/24 12:18:29.612&#xA;&lt; Exit [It] GET request to test digest within cross-mount namespace should return 200 - /Users/igorg/projects/distribution-spec/conformance/02_push_test.go:285 @ 08/06/24 12:18:29.612 (1ms)&#xA;&gt; Enter [ReportAfterEach] TOP-LEVEL - /Users/igorg/projects/distribution-spec/conformance/00_conformance_suite_test.go:23 @ 08/06/24 12:18:29.612&#xA;&lt; Exit [ReportAfterEach] TOP-LEVEL - /Users/igorg/projects/distribution-spec/conformance/00_conformance_suite_test.go:23 @ 08/06/24 12:18:29.612 (0s)&#xA;</system-err>
          </testcase>
          <testcase name="OCI Distribution Conformance Tests Push Cross-Repository Blob Mount Cross-mounting of nonexistent blob should yield session id" classname="conformance tests" status="passed" time="2.2833e-05">
              <system-err>&gt; Enter [It] Cross-mounting of nonexistent blob should yield session id - /Users/igorg/projects/distribution-spec/conformance/02_push_test.go:295 @ 08/06/24 12:18:29.612&#xA;&lt; Exit [It] Cross-mounting of nonexistent blob should yield session id - /Users/igorg/projects/distribution-spec/conformance/02_push_test.go:295 @ 08/06/24 12:18:29.612 (0s)&#xA;&gt; Enter [ReportAfterEach] TOP-LEVEL - /Users/igorg/projects/distribution-spec/conformance/00_conformance_suite_test.go:23 @ 08/06/24 12:18:29.612&#xA;&lt; Exit [ReportAfterEach] TOP-LEVEL - /Users/igorg/projects/distribution-spec/conformance/00_conformance_suite_test.go:23 @ 08/06/24 12:18:29.612 (0s)&#xA;</system-err>
          </testcase>
          <testcase name="OCI Distribution Conformance Tests Push Cross-Repository Blob Mount Cross-mounting without from, and automatic content discovery enabled should return a 201" classname="conformance tests" status="skipped" time="0.000226833">
              <skipped message="skipped - you have skipped this test."></skipped>
              <system-err>&gt; Enter [It] Cross-mounting without from, and automatic content discovery enabled should return a 201 - /Users/igorg/projects/distribution-spec/conformance/02_push_test.go:301 @ 08/06/24 12:18:29.612&#xA;[SKIPPED] you have skipped this test.&#xA;In [It] at: /Users/igorg/projects/distribution-spec/conformance/setup.go:585 @ 08/06/24 12:18:29.612&#xA;&lt; Exit [It] Cross-mounting without from, and automatic content discovery enabled should return a 201 - /Users/igorg/projects/distribution-spec/conformance/02_push_test.go:301 @ 08/06/24 12:18:29.612 (0s)&#xA;&gt; Enter [ReportAfterEach] TOP-LEVEL - /Users/igorg/projects/distribution-spec/conformance/00_conformance_suite_test.go:23 @ 08/06/24 12:18:29.612&#xA;&lt; Exit [ReportAfterEach] TOP-LEVEL - /Users/igorg/projects/distribution-spec/conformance/00_conformance_suite_test.go:23 @ 08/06/24 12:18:29.612 (0s)&#xA;</system-err>
          </testcase>
          <testcase name="OCI Distribution Conformance Tests Push Cross-Repository Blob Mount Cross-mounting without from, and automatic content discovery disabled should return a 202" classname="conformance tests" status="skipped" time="0.000244375">
              <skipped message="skipped - you have skipped this test."></skipped>
              <system-err>&gt; Enter [It] Cross-mounting without from, and automatic content discovery disabled should return a 202 - /Users/igorg/projects/distribution-spec/conformance/02_push_test.go:314 @ 08/06/24 12:18:29.612&#xA;[SKIPPED] you have skipped this test.&#xA;In [It] at: /Users/igorg/projects/distribution-spec/conformance/setup.go:585 @ 08/06/24 12:18:29.613&#xA;&lt; Exit [It] Cross-mounting without from, and automatic content discovery disabled should return a 202 - /Users/igorg/projects/distribution-spec/conformance/02_push_test.go:314 @ 08/06/24 12:18:29.613 (0s)&#xA;&gt; Enter [ReportAfterEach] TOP-LEVEL - /Users/igorg/projects/distribution-spec/conformance/00_conformance_suite_test.go:23 @ 08/06/24 12:18:29.613&#xA;&lt; Exit [ReportAfterEach] TOP-LEVEL - /Users/igorg/projects/distribution-spec/conformance/00_conformance_suite_test.go:23 @ 08/06/24 12:18:29.613 (0s)&#xA;</system-err>
          </testcase>
          <testcase name="OCI Distribution Conformance Tests Push Manifest Upload GET nonexistent manifest should return 404" classname="conformance tests" status="passed" time="0.009614916">
              <system-err>&gt; Enter [It] GET nonexistent manifest should return 404 - /Users/igorg/projects/distribution-spec/conformance/02_push_test.go:329 @ 08/06/24 12:18:29.613&#xA;&lt; Exit [It] GET nonexistent manifest should return 404 - /Users/igorg/projects/distribution-spec/conformance/02_push_test.go:329 @ 08/06/24 12:18:29.622 (10ms)&#xA;&gt; Enter [ReportAfterEach] TOP-LEVEL - /Users/igorg/projects/distribution-spec/conformance/00_conformance_suite_test.go:23 @ 08/06/24 12:18:29.622&#xA;&lt; Exit [ReportAfterEach] TOP-LEVEL - /Users/igorg/projects/distribution-spec/conformance/00_conformance_suite_test.go:23 @ 08/06/24 12:18:29.622 (0s)&#xA;</system-err>
          </testcase>
          <testcase name="OCI Distribution Conformance Tests Push Manifest Upload PUT should accept a manifest upload" classname="conformance tests" status="passed" time="0.182294208">
              <system-err>&gt; Enter [It] PUT should accept a manifest upload - /Users/igorg/projects/distribution-spec/conformance/02_push_test.go:338 @ 08/06/24 12:18:29.622&#xA;&lt; Exit [It] PUT should accept a manifest upload - /Users/igorg/projects/distribution-spec/conformance/02_push_test.go:338 @ 08/06/24 12:18:29.805 (182ms)&#xA;&gt; Enter [ReportAfterEach] TOP-LEVEL - /Users/igorg/projects/distribution-spec/conformance/00_conformance_suite_test.go:23 @ 08/06/24 12:18:29.805&#xA;&lt; Exit [ReportAfterEach] TOP-LEVEL - /Users/igorg/projects/distribution-spec/conformance/00_conformance_suite_test.go:23 @ 08/06/24 12:18:29.805 (0s)&#xA;</system-err>
          </testcase>
          <testcase name="OCI Distribution Conformance Tests Push Manifest Upload Registry should accept a manifest upload with no layers" classname="conformance tests" status="passed" time="0.043246209">
              <system-err>&gt; Enter [It] Registry should accept a manifest upload with no layers - /Users/igorg/projects/distribution-spec/conformance/02_push_test.go:354 @ 08/06/24 12:18:29.805&#xA;&lt; Exit [It] Registry should accept a manifest upload with no layers - /Users/igorg/projects/distribution-spec/conformance/02_push_test.go:354 @ 08/06/24 12:18:29.848 (43ms)&#xA;&gt; Enter [ReportAfterEach] TOP-LEVEL - /Users/igorg/projects/distribution-spec/conformance/00_conformance_suite_test.go:23 @ 08/06/24 12:18:29.848&#xA;&lt; Exit [ReportAfterEach] TOP-LEVEL - /Users/igorg/projects/distribution-spec/conformance/00_conformance_suite_test.go:23 @ 08/06/24 12:18:29.848 (0s)&#xA;</system-err>
          </testcase>
          <testcase name="OCI Distribution Conformance Tests Push Manifest Upload GET request to manifest URL (digest) should yield 200 response" classname="conformance tests" status="passed" time="0.0129195">
              <system-err>&gt; Enter [It] GET request to manifest URL (digest) should yield 200 response - /Users/igorg/projects/distribution-spec/conformance/02_push_test.go:372 @ 08/06/24 12:18:29.848&#xA;&lt; Exit [It] GET request to manifest URL (digest) should yield 200 response - /Users/igorg/projects/distribution-spec/conformance/02_push_test.go:372 @ 08/06/24 12:18:29.861 (13ms)&#xA;&gt; Enter [ReportAfterEach] TOP-LEVEL - /Users/igorg/projects/distribution-spec/conformance/00_conformance_suite_test.go:23 @ 08/06/24 12:18:29.861&#xA;&lt; Exit [ReportAfterEach] TOP-LEVEL - /Users/igorg/projects/distribution-spec/conformance/00_conformance_suite_test.go:23 @ 08/06/24 12:18:29.861 (0s)&#xA;</system-err>
          </testcase>
          <testcase name="OCI Distribution Conformance Tests Push Teardown Delete manifest created in tests" classname="conformance tests" status="passed" time="0.154494583">
              <system-err>&gt; Enter [It] Delete manifest created in tests - /Users/igorg/projects/distribution-spec/conformance/02_push_test.go:384 @ 08/06/24 12:18:29.861&#xA;&lt; Exit [It] Delete manifest created in tests - /Users/igorg/projects/distribution-spec/conformance/02_push_test.go:384 @ 08/06/24 12:18:30.015 (154ms)&#xA;&gt; Enter [ReportAfterEach] TOP-LEVEL - /Users/igorg/projects/distribution-spec/conformance/00_conformance_suite_test.go:23 @ 08/06/24 12:18:30.015&#xA;&lt; Exit [ReportAfterEach] TOP-LEVEL - /Users/igorg/projects/distribution-spec/conformance/00_conformance_suite_test.go:23 @ 08/06/24 12:18:30.016 (0s)&#xA;</system-err>
          </testcase>
          <testcase name="OCI Distribution Conformance Tests Push Teardown Delete config blob created in tests" classname="conformance tests" status="passed" time="0.005815625">
              <system-err>&gt; Enter [It] Delete config blob created in tests - /Users/igorg/projects/distribution-spec/conformance/02_push_test.go:412 @ 08/06/24 12:18:30.016&#xA;&lt; Exit [It] Delete config blob created in tests - /Users/igorg/projects/distribution-spec/conformance/02_push_test.go:412 @ 08/06/24 12:18:30.021 (6ms)&#xA;&gt; Enter [ReportAfterEach] TOP-LEVEL - /Users/igorg/projects/distribution-spec/conformance/00_conformance_suite_test.go:23 @ 08/06/24 12:18:30.021&#xA;&lt; Exit [ReportAfterEach] TOP-LEVEL - /Users/igorg/projects/distribution-spec/conformance/00_conformance_suite_test.go:23 @ 08/06/24 12:18:30.021 (0s)&#xA;</system-err>
          </testcase>
          <testcase name="OCI Distribution Conformance Tests Push Teardown Delete layer blob created in setup" classname="conformance tests" status="passed" time="0.005135125">
              <system-err>&gt; Enter [It] Delete layer blob created in setup - /Users/igorg/projects/distribution-spec/conformance/02_push_test.go:428 @ 08/06/24 12:18:30.021&#xA;&lt; Exit [It] Delete layer blob created in setup - /Users/igorg/projects/distribution-spec/conformance/02_push_test.go:428 @ 08/06/24 12:18:30.027 (5ms)&#xA;&gt; Enter [ReportAfterEach] TOP-LEVEL - /Users/igorg/projects/distribution-spec/conformance/00_conformance_suite_test.go:23 @ 08/06/24 12:18:30.027&#xA;&lt; Exit [ReportAfterEach] TOP-LEVEL - /Users/igorg/projects/distribution-spec/conformance/00_conformance_suite_test.go:23 @ 08/06/24 12:18:30.027 (0s)&#xA;</system-err>
          </testcase>
          <testcase name="OCI Distribution Conformance Tests Content Discovery Setup Populate registry with test blob" classname="conformance tests" status="passed" time="0.021556333">
              <system-err>&gt; Enter [It] Populate registry with test blob - /Users/igorg/projects/distribution-spec/conformance/03_discovery_test.go:24 @ 08/06/24 12:18:30.027&#xA;&lt; Exit [It] Populate registry with test blob - /Users/igorg/projects/distribution-spec/conformance/03_discovery_test.go:24 @ 08/06/24 12:18:30.048 (22ms)&#xA;&gt; Enter [ReportAfterEach] TOP-LEVEL - /Users/igorg/projects/distribution-spec/conformance/00_conformance_suite_test.go:23 @ 08/06/24 12:18:30.048&#xA;&lt; Exit [ReportAfterEach] TOP-LEVEL - /Users/igorg/projects/distribution-spec/conformance/00_conformance_suite_test.go:23 @ 08/06/24 12:18:30.048 (0s)&#xA;</system-err>
          </testcase>
          <testcase name="OCI Distribution Conformance Tests Content Discovery Setup Populate registry with test layer" classname="conformance tests" status="passed" time="0.020507667">
              <system-err>&gt; Enter [It] Populate registry with test layer - /Users/igorg/projects/distribution-spec/conformance/03_discovery_test.go:42 @ 08/06/24 12:18:30.048&#xA;&lt; Exit [It] Populate registry with test layer - /Users/igorg/projects/distribution-spec/conformance/03_discovery_test.go:42 @ 08/06/24 12:18:30.069 (21ms)&#xA;&gt; Enter [ReportAfterEach] TOP-LEVEL - /Users/igorg/projects/distribution-spec/conformance/00_conformance_suite_test.go:23 @ 08/06/24 12:18:30.069&#xA;&lt; Exit [ReportAfterEach] TOP-LEVEL - /Users/igorg/projects/distribution-spec/conformance/00_conformance_suite_test.go:23 @ 08/06/24 12:18:30.069 (0s)&#xA;</system-err>
          </testcase>
          <testcase name="OCI Distribution Conformance Tests Content Discovery Setup Populate registry with test tags" classname="conformance tests" status="passed" time="0.163755291">
              <system-err>&gt; Enter [It] Populate registry with test tags - /Users/igorg/projects/distribution-spec/conformance/03_discovery_test.go:60 @ 08/06/24 12:18:30.069&#xA;&lt; Exit [It] Populate registry with test tags - /Users/igorg/projects/distribution-spec/conformance/03_discovery_test.go:60 @ 08/06/24 12:18:30.233 (164ms)&#xA;&gt; Enter [ReportAfterEach] TOP-LEVEL - /Users/igorg/projects/distribution-spec/conformance/00_conformance_suite_test.go:23 @ 08/06/24 12:18:30.233&#xA;&lt; Exit [ReportAfterEach] TOP-LEVEL - /Users/igorg/projects/distribution-spec/conformance/00_conformance_suite_test.go:23 @ 08/06/24 12:18:30.233 (0s)&#xA;</system-err>
          </testcase>
          <testcase name="OCI Distribution Conformance Tests Content Discovery Setup Populate registry with test tags (no push)" classname="conformance tests" status="skipped" time="0.000185375">
              <skipped message="skipped - you have skipped this test."></skipped>
              <system-err>&gt; Enter [It] Populate registry with test tags (no push) - /Users/igorg/projects/distribution-spec/conformance/03_discovery_test.go:82 @ 08/06/24 12:18:30.233&#xA;[SKIPPED] you have skipped this test.&#xA;In [It] at: /Users/igorg/projects/distribution-spec/conformance/setup.go:591 @ 08/06/24 12:18:30.233&#xA;&lt; Exit [It] Populate registry with test tags (no push) - /Users/igorg/projects/distribution-spec/conformance/03_discovery_test.go:82 @ 08/06/24 12:18:30.233 (0s)&#xA;&gt; Enter [ReportAfterEach] TOP-LEVEL - /Users/igorg/projects/distribution-spec/conformance/00_conformance_suite_test.go:23 @ 08/06/24 12:18:30.233&#xA;&lt; Exit [ReportAfterEach] TOP-LEVEL - /Users/igorg/projects/distribution-spec/conformance/00_conformance_suite_test.go:23 @ 08/06/24 12:18:30.233 (0s)&#xA;</system-err>
          </testcase>
          <testcase name="OCI Distribution Conformance Tests Content Discovery Setup References setup" classname="conformance tests" status="passed" time="0.404208583">
              <system-err>&gt; Enter [It] References setup - /Users/igorg/projects/distribution-spec/conformance/03_discovery_test.go:88 @ 08/06/24 12:18:30.233&#xA;&lt; Exit [It] References setup - /Users/igorg/projects/distribution-spec/conformance/03_discovery_test.go:88 @ 08/06/24 12:18:30.637 (404ms)&#xA;&gt; Enter [ReportAfterEach] TOP-LEVEL - /Users/igorg/projects/distribution-spec/conformance/00_conformance_suite_test.go:23 @ 08/06/24 12:18:30.637&#xA;&lt; Exit [ReportAfterEach] TOP-LEVEL - /Users/igorg/projects/distribution-spec/conformance/00_conformance_suite_test.go:23 @ 08/06/24 12:18:30.637 (0s)&#xA;</system-err>
          </testcase>
          <testcase name="OCI Distribution Conformance Tests Content Discovery Test content discovery endpoints (listing tags) GET request to list tags should yield 200 response" classname="conformance tests" status="passed" time="0.01095725">
              <system-err>&gt; Enter [It] GET request to list tags should yield 200 response - /Users/igorg/projects/distribution-spec/conformance/03_discovery_test.go:256 @ 08/06/24 12:18:30.637&#xA;&lt; Exit [It] GET request to list tags should yield 200 response - /Users/igorg/projects/distribution-spec/conformance/03_discovery_test.go:256 @ 08/06/24 12:18:30.648 (11ms)&#xA;&gt; Enter [ReportAfterEach] TOP-LEVEL - /Users/igorg/projects/distribution-spec/conformance/00_conformance_suite_test.go:23 @ 08/06/24 12:18:30.648&#xA;&lt; Exit [ReportAfterEach] TOP-LEVEL - /Users/igorg/projects/distribution-spec/conformance/00_conformance_suite_test.go:23 @ 08/06/24 12:18:30.648 (0s)&#xA;</system-err>
          </testcase>
          <testcase name="OCI Distribution Conformance Tests Content Discovery Test content discovery endpoints (listing tags) GET number of tags should be limitable by `n` query parameter" classname="conformance tests" status="passed" time="0.006853792">
              <system-err>&gt; Enter [It] GET number of tags should be limitable by `n` query parameter - /Users/igorg/projects/distribution-spec/conformance/03_discovery_test.go:266 @ 08/06/24 12:18:30.648&#xA;&lt; Exit [It] GET number of tags should be limitable by `n` query parameter - /Users/igorg/projects/distribution-spec/conformance/03_discovery_test.go:266 @ 08/06/24 12:18:30.655 (7ms)&#xA;&gt; Enter [ReportAfterEach] TOP-LEVEL - /Users/igorg/projects/distribution-spec/conformance/00_conformance_suite_test.go:23 @ 08/06/24 12:18:30.655&#xA;&lt; Exit [ReportAfterEach] TOP-LEVEL - /Users/igorg/projects/distribution-spec/conformance/00_conformance_suite_test.go:23 @ 08/06/24 12:18:30.655 (0s)&#xA;</system-err>
          </testcase>
          <testcase name="OCI Distribution Conformance Tests Content Discovery Test content discovery endpoints (listing tags) GET start of tag is set by `last` query parameter" classname="conformance tests" status="passed" time="0.018262">
              <system-err>&gt; Enter [It] GET start of tag is set by `last` query parameter - /Users/igorg/projects/distribution-spec/conformance/03_discovery_test.go:279 @ 08/06/24 12:18:30.655&#xA;&lt; Exit [It] GET start of tag is set by `last` query parameter - /Users/igorg/projects/distribution-spec/conformance/03_discovery_test.go:279 @ 08/06/24 12:18:30.673 (18ms)&#xA;&gt; Enter [ReportAfterEach] TOP-LEVEL - /Users/igorg/projects/distribution-spec/conformance/00_conformance_suite_test.go:23 @ 08/06/24 12:18:30.673&#xA;&lt; Exit [ReportAfterEach] TOP-LEVEL - /Users/igorg/projects/distribution-spec/conformance/00_conformance_suite_test.go:23 @ 08/06/24 12:18:30.674 (0s)&#xA;</system-err>
          </testcase>
          <testcase name="OCI Distribution Conformance Tests Content Discovery Test content discovery endpoints (listing references) GET request to nonexistent blob should result in empty 200 response" classname="conformance tests" status="passed" time="0.007366125">
              <system-err>&gt; Enter [It] GET request to nonexistent blob should result in empty 200 response - /Users/igorg/projects/distribution-spec/conformance/03_discovery_test.go:300 @ 08/06/24 12:18:30.674&#xA;&lt; Exit [It] GET request to nonexistent blob should result in empty 200 response - /Users/igorg/projects/distribution-spec/conformance/03_discovery_test.go:300 @ 08/06/24 12:18:30.681 (7ms)&#xA;&gt; Enter [ReportAfterEach] TOP-LEVEL - /Users/igorg/projects/distribution-spec/conformance/00_conformance_suite_test.go:23 @ 08/06/24 12:18:30.681&#xA;&lt; Exit [ReportAfterEach] TOP-LEVEL - /Users/igorg/projects/distribution-spec/conformance/00_conformance_suite_test.go:23 @ 08/06/24 12:18:30.681 (0s)&#xA;</system-err>
          </testcase>
          <testcase name="OCI Distribution Conformance Tests Content Discovery Test content discovery endpoints (listing references) GET request to existing blob should yield 200" classname="conformance tests" status="passed" time="0.007766125">
              <system-err>&gt; Enter [It] GET request to existing blob should yield 200 - /Users/igorg/projects/distribution-spec/conformance/03_discovery_test.go:315 @ 08/06/24 12:18:30.681&#xA;&lt; Exit [It] GET request to existing blob should yield 200 - /Users/igorg/projects/distribution-spec/conformance/03_discovery_test.go:315 @ 08/06/24 12:18:30.689 (8ms)&#xA;&gt; Enter [ReportAfterEach] TOP-LEVEL - /Users/igorg/projects/distribution-spec/conformance/00_conformance_suite_test.go:23 @ 08/06/24 12:18:30.689&#xA;&lt; Exit [ReportAfterEach] TOP-LEVEL - /Users/igorg/projects/distribution-spec/conformance/00_conformance_suite_test.go:23 @ 08/06/24 12:18:30.689 (0s)&#xA;</system-err>
          </testcase>
          <testcase name="OCI Distribution Conformance Tests Content Discovery Test content discovery endpoints (listing references) GET request to existing blob with filter should yield 200" classname="conformance tests" status="passed" time="0.006420125">
              <system-err>&gt; Enter [It] GET request to existing blob with filter should yield 200 - /Users/igorg/projects/distribution-spec/conformance/03_discovery_test.go:335 @ 08/06/24 12:18:30.689&#xA;&lt; Exit [It] GET request to existing blob with filter should yield 200 - /Users/igorg/projects/distribution-spec/conformance/03_discovery_test.go:335 @ 08/06/24 12:18:30.695 (6ms)&#xA;&gt; Enter [ReportAfterEach] TOP-LEVEL - /Users/igorg/projects/distribution-spec/conformance/00_conformance_suite_test.go:23 @ 08/06/24 12:18:30.695&#xA;&lt; Exit [ReportAfterEach] TOP-LEVEL - /Users/igorg/projects/distribution-spec/conformance/00_conformance_suite_test.go:23 @ 08/06/24 12:18:30.695 (0s)&#xA;</system-err>
          </testcase>
          <testcase name="OCI Distribution Conformance Tests Content Discovery Test content discovery endpoints (listing references) GET request to missing manifest should yield 200" classname="conformance tests" status="passed" time="0.010245667">
              <system-err>&gt; Enter [It] GET request to missing manifest should yield 200 - /Users/igorg/projects/distribution-spec/conformance/03_discovery_test.go:367 @ 08/06/24 12:18:30.695&#xA;&lt; Exit [It] GET request to missing manifest should yield 200 - /Users/igorg/projects/distribution-spec/conformance/03_discovery_test.go:367 @ 08/06/24 12:18:30.706 (10ms)&#xA;&gt; Enter [ReportAfterEach] TOP-LEVEL - /Users/igorg/projects/distribution-spec/conformance/00_conformance_suite_test.go:23 @ 08/06/24 12:18:30.706&#xA;&lt; Exit [ReportAfterEach] TOP-LEVEL - /Users/igorg/projects/distribution-spec/conformance/00_conformance_suite_test.go:23 @ 08/06/24 12:18:30.706 (0s)&#xA;</system-err>
          </testcase>
          <testcase name="OCI Distribution Conformance Tests Content Discovery Teardown Delete created manifest &amp; associated tags" classname="conformance tests" status="passed" time="0.333016042">
              <system-err>&gt; Enter [It] Delete created manifest &amp; associated tags - /Users/igorg/projects/distribution-spec/conformance/03_discovery_test.go:386 @ 08/06/24 12:18:30.706&#xA;&lt; Exit [It] Delete created manifest &amp; associated tags - /Users/igorg/projects/distribution-spec/conformance/03_discovery_test.go:386 @ 08/06/24 12:18:31.039 (333ms)&#xA;&gt; Enter [ReportAfterEach] TOP-LEVEL - /Users/igorg/projects/distribution-spec/conformance/00_conformance_suite_test.go:23 @ 08/06/24 12:18:31.039&#xA;&lt; Exit [ReportAfterEach] TOP-LEVEL - /Users/igorg/projects/distribution-spec/conformance/00_conformance_suite_test.go:23 @ 08/06/24 12:18:31.039 (0s)&#xA;</system-err>
          </testcase>
          <testcase name="OCI Distribution Conformance Tests Content Discovery Teardown Delete config blob created in tests" classname="conformance tests" status="passed" time="0.008083334">
              <system-err>&gt; Enter [It] Delete config blob created in tests - /Users/igorg/projects/distribution-spec/conformance/03_discovery_test.go:415 @ 08/06/24 12:18:31.039&#xA;&lt; Exit [It] Delete config blob created in tests - /Users/igorg/projects/distribution-spec/conformance/03_discovery_test.go:415 @ 08/06/24 12:18:31.047 (8ms)&#xA;&gt; Enter [ReportAfterEach] TOP-LEVEL - /Users/igorg/projects/distribution-spec/conformance/00_conformance_suite_test.go:23 @ 08/06/24 12:18:31.047&#xA;&lt; Exit [ReportAfterEach] TOP-LEVEL - /Users/igorg/projects/distribution-spec/conformance/00_conformance_suite_test.go:23 @ 08/06/24 12:18:31.047 (0s)&#xA;</system-err>
          </testcase>
          <testcase name="OCI Distribution Conformance Tests Content Discovery Teardown Delete layer blob created in setup" classname="conformance tests" status="passed" time="0.005411666">
              <system-err>&gt; Enter [It] Delete layer blob created in setup - /Users/igorg/projects/distribution-spec/conformance/03_discovery_test.go:430 @ 08/06/24 12:18:31.047&#xA;&lt; Exit [It] Delete layer blob created in setup - /Users/igorg/projects/distribution-spec/conformance/03_discovery_test.go:430 @ 08/06/24 12:18:31.052 (5ms)&#xA;&gt; Enter [ReportAfterEach] TOP-LEVEL - /Users/igorg/projects/distribution-spec/conformance/00_conformance_suite_test.go:23 @ 08/06/24 12:18:31.052&#xA;&lt; Exit [ReportAfterEach] TOP-LEVEL - /Users/igorg/projects/distribution-spec/conformance/00_conformance_suite_test.go:23 @ 08/06/24 12:18:31.053 (0s)&#xA;</system-err>
          </testcase>
          <testcase name="OCI Distribution Conformance Tests Content Discovery Teardown References teardown" classname="conformance tests" status="passed" time="0.068604417">
              <system-err>&gt; Enter [It] References teardown - /Users/igorg/projects/distribution-spec/conformance/03_discovery_test.go:475 @ 08/06/24 12:18:31.053&#xA;&lt; Exit [It] References teardown - /Users/igorg/projects/distribution-spec/conformance/03_discovery_test.go:475 @ 08/06/24 12:18:31.121 (69ms)&#xA;&gt; Enter [ReportAfterEach] TOP-LEVEL - /Users/igorg/projects/distribution-spec/conformance/00_conformance_suite_test.go:23 @ 08/06/24 12:18:31.121&#xA;&lt; Exit [ReportAfterEach] TOP-LEVEL - /Users/igorg/projects/distribution-spec/conformance/00_conformance_suite_test.go:23 @ 08/06/24 12:18:31.121 (0s)&#xA;</system-err>
          </testcase>
          <testcase name="OCI Distribution Conformance Tests Content Management Setup Populate registry with test config blob" classname="conformance tests" status="passed" time="0.02521675">
              <system-err>&gt; Enter [It] Populate registry with test config blob - /Users/igorg/projects/distribution-spec/conformance/04_management_test.go:21 @ 08/06/24 12:18:31.121&#xA;&lt; Exit [It] Populate registry with test config blob - /Users/igorg/projects/distribution-spec/conformance/04_management_test.go:21 @ 08/06/24 12:18:31.146 (25ms)&#xA;&gt; Enter [ReportAfterEach] TOP-LEVEL - /Users/igorg/projects/distribution-spec/conformance/00_conformance_suite_test.go:23 @ 08/06/24 12:18:31.147&#xA;&lt; Exit [ReportAfterEach] TOP-LEVEL - /Users/igorg/projects/distribution-spec/conformance/00_conformance_suite_test.go:23 @ 08/06/24 12:18:31.147 (0s)&#xA;</system-err>
          </testcase>
          <testcase name="OCI Distribution Conformance Tests Content Management Setup Populate registry with test layer" classname="conformance tests" status="passed" time="0.02972225">
              <system-err>&gt; Enter [It] Populate registry with test layer - /Users/igorg/projects/distribution-spec/conformance/04_management_test.go:39 @ 08/06/24 12:18:31.147&#xA;&lt; Exit [It] Populate registry with test layer - /Users/igorg/projects/distribution-spec/conformance/04_management_test.go:39 @ 08/06/24 12:18:31.176 (30ms)&#xA;&gt; Enter [ReportAfterEach] TOP-LEVEL - /Users/igorg/projects/distribution-spec/conformance/00_conformance_suite_test.go:23 @ 08/06/24 12:18:31.176&#xA;&lt; Exit [ReportAfterEach] TOP-LEVEL - /Users/igorg/projects/distribution-spec/conformance/00_conformance_suite_test.go:23 @ 08/06/24 12:18:31.178 (2ms)&#xA;</system-err>
          </testcase>
          <testcase name="OCI Distribution Conformance Tests Content Management Setup Populate registry with test tag" classname="conformance tests" status="passed" time="0.054118042">
              <system-err>&gt; Enter [It] Populate registry with test tag - /Users/igorg/projects/distribution-spec/conformance/04_management_test.go:57 @ 08/06/24 12:18:31.178&#xA;&lt; Exit [It] Populate registry with test tag - /Users/igorg/projects/distribution-spec/conformance/04_management_test.go:57 @ 08/06/24 12:18:31.232 (54ms)&#xA;&gt; Enter [ReportAfterEach] TOP-LEVEL - /Users/igorg/projects/distribution-spec/conformance/00_conformance_suite_test.go:23 @ 08/06/24 12:18:31.232&#xA;&lt; Exit [ReportAfterEach] TOP-LEVEL - /Users/igorg/projects/distribution-spec/conformance/00_conformance_suite_test.go:23 @ 08/06/24 12:18:31.232 (0s)&#xA;</system-err>
          </testcase>
          <testcase name="OCI Distribution Conformance Tests Content Management Setup Check how many tags there are before anything gets deleted" classname="conformance tests" status="passed" time="0.012326583">
              <system-err>&gt; Enter [It] Check how many tags there are before anything gets deleted - /Users/igorg/projects/distribution-spec/conformance/04_management_test.go:72 @ 08/06/24 12:18:31.232&#xA;&lt; Exit [It] Check how many tags there are before anything gets deleted - /Users/igorg/projects/distribution-spec/conformance/04_management_test.go:72 @ 08/06/24 12:18:31.245 (12ms)&#xA;&gt; Enter [ReportAfterEach] TOP-LEVEL - /Users/igorg/projects/distribution-spec/conformance/00_conformance_suite_test.go:23 @ 08/06/24 12:18:31.245&#xA;&lt; Exit [ReportAfterEach] TOP-LEVEL - /Users/igorg/projects/distribution-spec/conformance/00_conformance_suite_test.go:23 @ 08/06/24 12:18:31.245 (0s)&#xA;</system-err>
          </testcase>
          <testcase name="OCI Distribution Conformance Tests Content Management Manifest delete DELETE request to manifest tag should return 202, unless tag deletion is disallowed (400/405)" classname="conformance tests" status="passed" time="0.02762">
              <system-err>&gt; Enter [It] DELETE request to manifest tag should return 202, unless tag deletion is disallowed (400/405) - /Users/igorg/projects/distribution-spec/conformance/04_management_test.go:88 @ 08/06/24 12:18:31.245&#xA;&lt; Exit [It] DELETE request to manifest tag should return 202, unless tag deletion is disallowed (400/405) - /Users/igorg/projects/distribution-spec/conformance/04_management_test.go:88 @ 08/06/24 12:18:31.272 (28ms)&#xA;&gt; Enter [ReportAfterEach] TOP-LEVEL - /Users/igorg/projects/distribution-spec/conformance/00_conformance_suite_test.go:23 @ 08/06/24 12:18:31.272&#xA;&lt; Exit [ReportAfterEach] TOP-LEVEL - /Users/igorg/projects/distribution-spec/conformance/00_conformance_suite_test.go:23 @ 08/06/24 12:18:31.272 (0s)&#xA;</system-err>
          </testcase>
          <testcase name="OCI Distribution Conformance Tests Content Management Manifest delete DELETE request to manifest (digest) should yield 202 response unless already deleted" classname="conformance tests" status="passed" time="0.014453">
              <system-err>&gt; Enter [It] DELETE request to manifest (digest) should yield 202 response unless already deleted - /Users/igorg/projects/distribution-spec/conformance/04_management_test.go:106 @ 08/06/24 12:18:31.272&#xA;&lt; Exit [It] DELETE request to manifest (digest) should yield 202 response unless already deleted - /Users/igorg/projects/distribution-spec/conformance/04_management_test.go:106 @ 08/06/24 12:18:31.287 (14ms)&#xA;&gt; Enter [ReportAfterEach] TOP-LEVEL - /Users/igorg/projects/distribution-spec/conformance/00_conformance_suite_test.go:23 @ 08/06/24 12:18:31.287&#xA;&lt; Exit [ReportAfterEach] TOP-LEVEL - /Users/igorg/projects/distribution-spec/conformance/00_conformance_suite_test.go:23 @ 08/06/24 12:18:31.287 (0s)&#xA;</system-err>
          </testcase>
          <testcase name="OCI Distribution Conformance Tests Content Management Manifest delete GET request to deleted manifest URL should yield 404 response, unless delete is disallowed" classname="conformance tests" status="passed" time="0.006036125">
              <system-err>&gt; Enter [It] GET request to deleted manifest URL should yield 404 response, unless delete is disallowed - /Users/igorg/projects/distribution-spec/conformance/04_management_test.go:118 @ 08/06/24 12:18:31.287&#xA;&lt; Exit [It] GET request to deleted manifest URL should yield 404 response, unless delete is disallowed - /Users/igorg/projects/distribution-spec/conformance/04_management_test.go:118 @ 08/06/24 12:18:31.293 (6ms)&#xA;&gt; Enter [ReportAfterEach] TOP-LEVEL - /Users/igorg/projects/distribution-spec/conformance/00_conformance_suite_test.go:23 @ 08/06/24 12:18:31.293&#xA;&lt; Exit [ReportAfterEach] TOP-LEVEL - /Users/igorg/projects/distribution-spec/conformance/00_conformance_suite_test.go:23 @ 08/06/24 12:18:31.293 (0s)&#xA;</system-err>
          </testcase>
          <testcase name="OCI Distribution Conformance Tests Content Management Manifest delete GET request to tags list should reflect manifest deletion" classname="conformance tests" status="passed" time="0.010789833">
              <system-err>&gt; Enter [It] GET request to tags list should reflect manifest deletion - /Users/igorg/projects/distribution-spec/conformance/04_management_test.go:129 @ 08/06/24 12:18:31.293&#xA;&lt; Exit [It] GET request to tags list should reflect manifest deletion - /Users/igorg/projects/distribution-spec/conformance/04_management_test.go:129 @ 08/06/24 12:18:31.304 (11ms)&#xA;&gt; Enter [ReportAfterEach] TOP-LEVEL - /Users/igorg/projects/distribution-spec/conformance/00_conformance_suite_test.go:23 @ 08/06/24 12:18:31.304&#xA;&lt; Exit [ReportAfterEach] TOP-LEVEL - /Users/igorg/projects/distribution-spec/conformance/00_conformance_suite_test.go:23 @ 08/06/24 12:18:31.304 (0s)&#xA;</system-err>
          </testcase>
          <testcase name="OCI Distribution Conformance Tests Content Management Blob delete DELETE request to blob URL should yield 202 response" classname="conformance tests" status="passed" time="0.008818667">
              <system-err>&gt; Enter [It] DELETE request to blob URL should yield 202 response - /Users/igorg/projects/distribution-spec/conformance/04_management_test.go:153 @ 08/06/24 12:18:31.304&#xA;&lt; Exit [It] DELETE request to blob URL should yield 202 response - /Users/igorg/projects/distribution-spec/conformance/04_management_test.go:153 @ 08/06/24 12:18:31.313 (9ms)&#xA;&gt; Enter [ReportAfterEach] TOP-LEVEL - /Users/igorg/projects/distribution-spec/conformance/00_conformance_suite_test.go:23 @ 08/06/24 12:18:31.313&#xA;&lt; Exit [ReportAfterEach] TOP-LEVEL - /Users/igorg/projects/distribution-spec/conformance/00_conformance_suite_test.go:23 @ 08/06/24 12:18:31.313 (0s)&#xA;</system-err>
          </testcase>
          <testcase name="OCI Distribution Conformance Tests Content Management Blob delete GET request to deleted blob URL should yield 404 response" classname="conformance tests" status="skipped" time="7.8875e-05">
              <skipped message="skipped - you have skipped this test."></skipped>
              <system-err>&gt; Enter [It] GET request to deleted blob URL should yield 404 response - /Users/igorg/projects/distribution-spec/conformance/04_management_test.go:180 @ 08/06/24 12:18:31.313&#xA;[SKIPPED] you have skipped this test.&#xA;In [It] at: /Users/igorg/projects/distribution-spec/conformance/setup.go:585 @ 08/06/24 12:18:31.313&#xA;&lt; Exit [It] GET request to deleted blob URL should yield 404 response - /Users/igorg/projects/distribution-spec/conformance/04_management_test.go:180 @ 08/06/24 12:18:31.313 (0s)&#xA;&gt; Enter [ReportAfterEach] TOP-LEVEL - /Users/igorg/projects/distribution-spec/conformance/00_conformance_suite_test.go:23 @ 08/06/24 12:18:31.313&#xA;&lt; Exit [ReportAfterEach] TOP-LEVEL - /Users/igorg/projects/distribution-spec/conformance/00_conformance_suite_test.go:23 @ 08/06/24 12:18:31.313 (0s)&#xA;</system-err>
          </testcase>
          <testcase name="html custom reporter" classname="conformance tests" status="passed" time="0.007922708">
              <system-err>&gt; Enter [ReportAfterSuite] TOP-LEVEL - /Users/igorg/projects/distribution-spec/conformance/00_conformance_suite_test.go:24 @ 08/06/24 12:18:31.313&#xA;&lt; Exit [ReportAfterSuite] TOP-LEVEL - /Users/igorg/projects/distribution-spec/conformance/00_conformance_suite_test.go:24 @ 08/06/24 12:18:31.321 (8ms)&#xA;</system-err>
          </testcase>
      </testsuite>
  </testsuites>