<?xml version="1.0" encoding="UTF-8"?>
  <testsuites tests="80" disabled="6" errors="0" failures="0" time="2.36577125">
      <testsuite name="conformance tests" package="/Users/igorg/projects/distribution-spec/conformance" tests="80" disabled="0" skipped="6" errors="0" failures="0" time="2.36577125" timestamp="2024-08-06T12:19:32">
          <properties>
              <property name="SuiteSucceeded" value="true"></property>
              <property name="SuiteHasProgrammaticFocus" value="false"></property>
              <property name="SpecialSuiteFailureReason" value=""></property>
              <property name="SuiteLabels" value="[]"></property>
              <property name="RandomSeed" value="1722935972"></property>
              <property name="RandomizeAllSpecs" value="false"></property>
              <property name="LabelFilter" value=""></property>
              <property name="FocusStrings" value=""></property>
              <property name="SkipStrings" value=""></property>
              <property name="FocusFiles" value=""></property>
              <property name="SkipFiles" value=""></property>
              <property name="FailOnPending" value="false"></property>
              <property name="FailFast" value="false"></property>
              <property name="FlakeAttempts" value="0"></property>
              <property name="DryRun" value="false"></property>
              <property name="ParallelTotal" value="1"></property>
              <property name="OutputInterceptorMode" value=""></property>
          </properties>
          <testcase name="OCI Distribution Conformance Tests Pull Setup Populate registry with test blob" classname="conformance tests" status="passed" time="0.075187125">
              <system-err>&gt; Enter [It] Populate registry with test blob - /Users/igorg/projects/distribution-spec/conformance/01_pull_test.go:18 @ 08/06/24 12:19:32.496&#xA;&lt; Exit [It] Populate registry with test blob - /Users/igorg/projects/distribution-spec/conformance/01_pull_test.go:18 @ 08/06/24 12:19:32.571 (75ms)&#xA;&gt; Enter [ReportAfterEach] TOP-LEVEL - /Users/igorg/projects/distribution-spec/conformance/00_conformance_suite_test.go:23 @ 08/06/24 12:19:32.571&#xA;&lt; Exit [ReportAfterEach] TOP-LEVEL - /Users/igorg/projects/distribution-spec/conformance/00_conformance_suite_test.go:23 @ 08/06/24 12:19:32.571 (0s)&#xA;</system-err>
          </testcase>
          <testcase name="OCI Distribution Conformance Tests Pull Setup Populate registry with test blob" classname="conformance tests" status="passed" time="0.057764584">
              <system-err>&gt; Enter [It] Populate registry with test blob - /Users/igorg/projects/distribution-spec/conformance/01_pull_test.go:36 @ 08/06/24 12:19:32.571&#xA;&lt; Exit [It] Populate registry with test blob - /Users/igorg/projects/distribution-spec/conformance/01_pull_test.go:36 @ 08/06/24 12:19:32.629 (58ms)&#xA;&gt; Enter [ReportAfterEach] TOP-LEVEL - /Users/igorg/projects/distribution-spec/conformance/00_conformance_suite_test.go:23 @ 08/06/24 12:19:32.629&#xA;&lt; Exit [ReportAfterEach] TOP-LEVEL - /Users/igorg/projects/distribution-spec/conformance/00_conformance_suite_test.go:23 @ 08/06/24 12:19:32.629 (0s)&#xA;</system-err>
          </testcase>
          <testcase name="OCI Distribution Conformance Tests Pull Setup Populate registry with test layer" classname="conformance tests" status="passed" time="0.029329583">
              <system-err>&gt; Enter [It] Populate registry with test layer - /Users/igorg/projects/distribution-spec/conformance/01_pull_test.go:54 @ 08/06/24 12:19:32.629&#xA;&lt; Exit [It] Populate registry with test layer - /Users/igorg/projects/distribution-spec/conformance/01_pull_test.go:54 @ 08/06/24 12:19:32.658 (29ms)&#xA;&gt; Enter [ReportAfterEach] TOP-LEVEL - /Users/igorg/projects/distribution-spec/conformance/00_conformance_suite_test.go:23 @ 08/06/24 12:19:32.658&#xA;&lt; Exit [ReportAfterEach] TOP-LEVEL - /Users/igorg/projects/distribution-spec/conformance/00_conformance_suite_test.go:23 @ 08/06/24 12:19:32.658 (0s)&#xA;</system-err>
          </testcase>
          <testcase name="OCI Distribution Conformance Tests Pull Setup Populate registry with test manifest" classname="conformance tests" status="passed" time="0.052858291">
              <system-err>&gt; Enter [It] Populate registry with test manifest - /Users/igorg/projects/distribution-spec/conformance/01_pull_test.go:72 @ 08/06/24 12:19:32.658&#xA;&lt; Exit [It] Populate registry with test manifest - /Users/igorg/projects/distribution-spec/conformance/01_pull_test.go:72 @ 08/06/24 12:19:32.711 (53ms)&#xA;&gt; Enter [ReportAfterEach] TOP-LEVEL - /Users/igorg/projects/distribution-spec/conformance/00_conformance_suite_test.go:23 @ 08/06/24 12:19:32.711&#xA;&lt; Exit [ReportAfterEach] TOP-LEVEL - /Users/igorg/projects/distribution-spec/conformance/00_conformance_suite_test.go:23 @ 08/06/24 12:19:32.711 (0s)&#xA;</system-err>
          </testcase>
          <testcase name="OCI Distribution Conformance Tests Pull Setup Populate registry with test manifest" classname="conformance tests" status="passed" time="0.042225166">
              <system-err>&gt; Enter [It] Populate registry with test manifest - /Users/igorg/projects/distribution-spec/conformance/01_pull_test.go:87 @ 08/06/24 12:19:32.711&#xA;&lt; Exit [It] Populate registry with test manifest - /Users/igorg/projects/distribution-spec/conformance/01_pull_test.go:87 @ 08/06/24 12:19:32.753 (42ms)&#xA;&gt; Enter [ReportAfterEach] TOP-LEVEL - /Users/igorg/projects/distribution-spec/conformance/00_conformance_suite_test.go:23 @ 08/06/24 12:19:32.753&#xA;&lt; Exit [ReportAfterEach] TOP-LEVEL - /Users/igorg/projects/distribution-spec/conformance/00_conformance_suite_test.go:23 @ 08/06/24 12:19:32.753 (0s)&#xA;</system-err>
          </testcase>
          <testcase name="OCI Distribution Conformance Tests Pull Setup Get tag name from environment" classname="conformance tests" status="skipped" time="0.001822708">
              <skipped message="skipped - you have skipped this test."></skipped>
              <system-err>&gt; Enter [It] Get tag name from environment - /Users/igorg/projects/distribution-spec/conformance/01_pull_test.go:101 @ 08/06/24 12:19:32.754&#xA;[SKIPPED] you have skipped this test.&#xA;In [It] at: /Users/igorg/projects/distribution-spec/conformance/setup.go:591 @ 08/06/24 12:19:32.755&#xA;&lt; Exit [It] Get tag name from environment - /Users/igorg/projects/distribution-spec/conformance/01_pull_test.go:101 @ 08/06/24 12:19:32.755 (2ms)&#xA;&gt; Enter [ReportAfterEach] TOP-LEVEL - /Users/igorg/projects/distribution-spec/conformance/00_conformance_suite_test.go:23 @ 08/06/24 12:19:32.755&#xA;&lt; Exit [ReportAfterEach] TOP-LEVEL - /Users/igorg/projects/distribution-spec/conformance/00_conformance_suite_test.go:23 @ 08/06/24 12:19:32.755 (0s)&#xA;</system-err>
          </testcase>
          <testcase name="OCI Distribution Conformance Tests Pull Pull blobs HEAD request to nonexistent blob should result in 404 response" classname="conformance tests" status="passed" time="0.018365208">
              <system-err>&gt; Enter [It] HEAD request to nonexistent blob should result in 404 response - /Users/igorg/projects/distribution-spec/conformance/01_pull_test.go:112 @ 08/06/24 12:19:32.755&#xA;&lt; Exit [It] HEAD request to nonexistent blob should result in 404 response - /Users/igorg/projects/distribution-spec/conformance/01_pull_test.go:112 @ 08/06/24 12:19:32.774 (18ms)&#xA;&gt; Enter [ReportAfterEach] TOP-LEVEL - /Users/igorg/projects/distribution-spec/conformance/00_conformance_suite_test.go:23 @ 08/06/24 12:19:32.774&#xA;&lt; Exit [ReportAfterEach] TOP-LEVEL - /Users/igorg/projects/distribution-spec/conformance/00_conformance_suite_test.go:23 @ 08/06/24 12:19:32.774 (0s)&#xA;</system-err>
          </testcase>
          <testcase name="OCI Distribution Conformance Tests Pull Pull blobs HEAD request to existing blob should yield 200" classname="conformance tests" status="passed" time="0.009449375">
              <system-err>&gt; Enter [It] HEAD request to existing blob should yield 200 - /Users/igorg/projects/distribution-spec/conformance/01_pull_test.go:121 @ 08/06/24 12:19:32.774&#xA;&lt; Exit [It] HEAD request to existing blob should yield 200 - /Users/igorg/projects/distribution-spec/conformance/01_pull_test.go:121 @ 08/06/24 12:19:32.783 (9ms)&#xA;&gt; Enter [ReportAfterEach] TOP-LEVEL - /Users/igorg/projects/distribution-spec/conformance/00_conformance_suite_test.go:23 @ 08/06/24 12:19:32.783&#xA;&lt; Exit [ReportAfterEach] TOP-LEVEL - /Users/igorg/projects/distribution-spec/conformance/00_conformance_suite_test.go:23 @ 08/06/24 12:19:32.783 (0s)&#xA;</system-err>
          </testcase>
          <testcase name="OCI Distribution Conformance Tests Pull Pull blobs GET nonexistent blob should result in 404 response" classname="conformance tests" status="passed" time="0.008668584">
              <system-err>&gt; Enter [It] GET nonexistent blob should result in 404 response - /Users/igorg/projects/distribution-spec/conformance/01_pull_test.go:133 @ 08/06/24 12:19:32.783&#xA;&lt; Exit [It] GET nonexistent blob should result in 404 response - /Users/igorg/projects/distribution-spec/conformance/01_pull_test.go:133 @ 08/06/24 12:19:32.792 (9ms)&#xA;&gt; Enter [ReportAfterEach] TOP-LEVEL - /Users/igorg/projects/distribution-spec/conformance/00_conformance_suite_test.go:23 @ 08/06/24 12:19:32.792&#xA;&lt; Exit [ReportAfterEach] TOP-LEVEL - /Users/igorg/projects/distribution-spec/conformance/00_conformance_suite_test.go:23 @ 08/06/24 12:19:32.792 (0s)&#xA;</system-err>
          </testcase>
          <testcase name="OCI Distribution Conformance Tests Pull Pull blobs GET request to existing blob URL should yield 200" classname="conformance tests" status="passed" time="0.00915525">
              <system-err>&gt; Enter [It] GET request to existing blob URL should yield 200 - /Users/igorg/projects/distribution-spec/conformance/01_pull_test.go:142 @ 08/06/24 12:19:32.792&#xA;&lt; Exit [It] GET request to existing blob URL should yield 200 - /Users/igorg/projects/distribution-spec/conformance/01_pull_test.go:142 @ 08/06/24 12:19:32.801 (9ms)&#xA;&gt; Enter [ReportAfterEach] TOP-LEVEL - /Users/igorg/projects/distribution-spec/conformance/00_conformance_suite_test.go:23 @ 08/06/24 12:19:32.801&#xA;&lt; Exit [ReportAfterEach] TOP-LEVEL - /Users/igorg/projects/distribution-spec/conformance/00_conformance_suite_test.go:23 @ 08/06/24 12:19:32.801 (0s)&#xA;</system-err>
          </testcase>
          <testcase name="OCI Distribution Conformance Tests Pull Pull manifests HEAD request to nonexistent manifest should return 404" classname="conformance tests" status="passed" time="0.008091416">
              <system-err>&gt; Enter [It] HEAD request to nonexistent manifest should return 404 - /Users/igorg/projects/distribution-spec/conformance/01_pull_test.go:152 @ 08/06/24 12:19:32.801&#xA;&lt; Exit [It] HEAD request to nonexistent manifest should return 404 - /Users/igorg/projects/distribution-spec/conformance/01_pull_test.go:152 @ 08/06/24 12:19:32.809 (8ms)&#xA;&gt; Enter [ReportAfterEach] TOP-LEVEL - /Users/igorg/projects/distribution-spec/conformance/00_conformance_suite_test.go:23 @ 08/06/24 12:19:32.809&#xA;&lt; Exit [ReportAfterEach] TOP-LEVEL - /Users/igorg/projects/distribution-spec/conformance/00_conformance_suite_test.go:23 @ 08/06/24 12:19:32.81 (0s)&#xA;</system-err>
          </testcase>
          <testcase name="OCI Distribution Conformance Tests Pull Pull manifests HEAD request to manifest[0] path (digest) should yield 200 response" classname="conformance tests" status="passed" time="0.012279625">
              <system-err>&gt; Enter [It] HEAD request to manifest[0] path (digest) should yield 200 response - /Users/igorg/projects/distribution-spec/conformance/01_pull_test.go:161 @ 08/06/24 12:19:32.81&#xA;&lt; Exit [It] HEAD request to manifest[0] path (digest) should yield 200 response - /Users/igorg/projects/distribution-spec/conformance/01_pull_test.go:161 @ 08/06/24 12:19:32.822 (12ms)&#xA;&gt; Enter [ReportAfterEach] TOP-LEVEL - /Users/igorg/projects/distribution-spec/conformance/00_conformance_suite_test.go:23 @ 08/06/24 12:19:32.822&#xA;&lt; Exit [ReportAfterEach] TOP-LEVEL - /Users/igorg/projects/distribution-spec/conformance/00_conformance_suite_test.go:23 @ 08/06/24 12:19:32.822 (0s)&#xA;</system-err>
          </testcase>
          <testcase name="OCI Distribution Conformance Tests Pull Pull manifests HEAD request to manifest[1] path (digest) should yield 200 response" classname="conformance tests" status="passed" time="0.010880833">
              <system-err>&gt; Enter [It] HEAD request to manifest[1] path (digest) should yield 200 response - /Users/igorg/projects/distribution-spec/conformance/01_pull_test.go:173 @ 08/06/24 12:19:32.822&#xA;&lt; Exit [It] HEAD request to manifest[1] path (digest) should yield 200 response - /Users/igorg/projects/distribution-spec/conformance/01_pull_test.go:173 @ 08/06/24 12:19:32.833 (11ms)&#xA;&gt; Enter [ReportAfterEach] TOP-LEVEL - /Users/igorg/projects/distribution-spec/conformance/00_conformance_suite_test.go:23 @ 08/06/24 12:19:32.833&#xA;&lt; Exit [ReportAfterEach] TOP-LEVEL - /Users/igorg/projects/distribution-spec/conformance/00_conformance_suite_test.go:23 @ 08/06/24 12:19:32.833 (0s)&#xA;</system-err>
          </testcase>
          <testcase name="OCI Distribution Conformance Tests Pull Pull manifests HEAD request to manifest path (tag) should yield 200 response" classname="conformance tests" status="passed" time="0.010856042">
              <system-err>&gt; Enter [It] HEAD request to manifest path (tag) should yield 200 response - /Users/igorg/projects/distribution-spec/conformance/01_pull_test.go:185 @ 08/06/24 12:19:32.833&#xA;&lt; Exit [It] HEAD request to manifest path (tag) should yield 200 response - /Users/igorg/projects/distribution-spec/conformance/01_pull_test.go:185 @ 08/06/24 12:19:32.844 (11ms)&#xA;&gt; Enter [ReportAfterEach] TOP-LEVEL - /Users/igorg/projects/distribution-spec/conformance/00_conformance_suite_test.go:23 @ 08/06/24 12:19:32.844&#xA;&lt; Exit [ReportAfterEach] TOP-LEVEL - /Users/igorg/projects/distribution-spec/conformance/00_conformance_suite_test.go:23 @ 08/06/24 12:19:32.844 (0s)&#xA;</system-err>
          </testcase>
          <testcase name="OCI Distribution Conformance Tests Pull Pull manifests GET nonexistent manifest should return 404" classname="conformance tests" status="passed" time="0.008122541">
              <system-err>&gt; Enter [It] GET nonexistent manifest should return 404 - /Users/igorg/projects/distribution-spec/conformance/01_pull_test.go:198 @ 08/06/24 12:19:32.844&#xA;&lt; Exit [It] GET nonexistent manifest should return 404 - /Users/igorg/projects/distribution-spec/conformance/01_pull_test.go:198 @ 08/06/24 12:19:32.852 (8ms)&#xA;&gt; Enter [ReportAfterEach] TOP-LEVEL - /Users/igorg/projects/distribution-spec/conformance/00_conformance_suite_test.go:23 @ 08/06/24 12:19:32.852&#xA;&lt; Exit [ReportAfterEach] TOP-LEVEL - /Users/igorg/projects/distribution-spec/conformance/00_conformance_suite_test.go:23 @ 08/06/24 12:19:32.852 (0s)&#xA;</system-err>
          </testcase>
          <testcase name="OCI Distribution Conformance Tests Pull Pull manifests GET request to manifest[0] path (digest) should yield 200 response" classname="conformance tests" status="passed" time="0.012657083">
              <system-err>&gt; Enter [It] GET request to manifest[0] path (digest) should yield 200 response - /Users/igorg/projects/distribution-spec/conformance/01_pull_test.go:207 @ 08/06/24 12:19:32.852&#xA;&lt; Exit [It] GET request to manifest[0] path (digest) should yield 200 response - /Users/igorg/projects/distribution-spec/conformance/01_pull_test.go:207 @ 08/06/24 12:19:32.865 (13ms)&#xA;&gt; Enter [ReportAfterEach] TOP-LEVEL - /Users/igorg/projects/distribution-spec/conformance/00_conformance_suite_test.go:23 @ 08/06/24 12:19:32.865&#xA;&lt; Exit [ReportAfterEach] TOP-LEVEL - /Users/igorg/projects/distribution-spec/conformance/00_conformance_suite_test.go:23 @ 08/06/24 12:19:32.865 (0s)&#xA;</system-err>
          </testcase>
          <testcase name="OCI Distribution Conformance Tests Pull Pull manifests GET request to manifest[1] path (digest) should yield 200 response" classname="conformance tests" status="passed" time="0.014014875">
              <system-err>&gt; Enter [It] GET request to manifest[1] path (digest) should yield 200 response - /Users/igorg/projects/distribution-spec/conformance/01_pull_test.go:216 @ 08/06/24 12:19:32.865&#xA;&lt; Exit [It] GET request to manifest[1] path (digest) should yield 200 response - /Users/igorg/projects/distribution-spec/conformance/01_pull_test.go:216 @ 08/06/24 12:19:32.879 (14ms)&#xA;&gt; Enter [ReportAfterEach] TOP-LEVEL - /Users/igorg/projects/distribution-spec/conformance/00_conformance_suite_test.go:23 @ 08/06/24 12:19:32.879&#xA;&lt; Exit [ReportAfterEach] TOP-LEVEL - /Users/igorg/projects/distribution-spec/conformance/00_conformance_suite_test.go:23 @ 08/06/24 12:19:32.879 (0s)&#xA;</system-err>
          </testcase>
          <testcase name="OCI Distribution Conformance Tests Pull Pull manifests GET request to manifest path (tag) should yield 200 response" classname="conformance tests" status="passed" time="0.009258458">
              <system-err>&gt; Enter [It] GET request to manifest path (tag) should yield 200 response - /Users/igorg/projects/distribution-spec/conformance/01_pull_test.go:225 @ 08/06/24 12:19:32.879&#xA;&lt; Exit [It] GET request to manifest path (tag) should yield 200 response - /Users/igorg/projects/distribution-spec/conformance/01_pull_test.go:225 @ 08/06/24 12:19:32.888 (9ms)&#xA;&gt; Enter [ReportAfterEach] TOP-LEVEL - /Users/igorg/projects/distribution-spec/conformance/00_conformance_suite_test.go:23 @ 08/06/24 12:19:32.888&#xA;&lt; Exit [ReportAfterEach] TOP-LEVEL - /Users/igorg/projects/distribution-spec/conformance/00_conformance_suite_test.go:23 @ 08/06/24 12:19:32.888 (0s)&#xA;</system-err>
          </testcase>
          <testcase name="OCI Distribution Conformance Tests Pull Error codes 400 response body should contain OCI-conforming JSON message" classname="conformance tests" status="passed" time="0.005925417">
              <system-err>&gt; Enter [It] 400 response body should contain OCI-conforming JSON message - /Users/igorg/projects/distribution-spec/conformance/01_pull_test.go:237 @ 08/06/24 12:19:32.888&#xA;&lt; Exit [It] 400 response body should contain OCI-conforming JSON message - /Users/igorg/projects/distribution-spec/conformance/01_pull_test.go:237 @ 08/06/24 12:19:32.894 (6ms)&#xA;&gt; Enter [ReportAfterEach] TOP-LEVEL - /Users/igorg/projects/distribution-spec/conformance/00_conformance_suite_test.go:23 @ 08/06/24 12:19:32.894&#xA;&lt; Exit [ReportAfterEach] TOP-LEVEL - /Users/igorg/projects/distribution-spec/conformance/00_conformance_suite_test.go:23 @ 08/06/24 12:19:32.894 (0s)&#xA;</system-err>
          </testcase>
          <testcase name="OCI Distribution Conformance Tests Pull Teardown Delete manifest[0] created in setup" classname="conformance tests" status="passed" time="0.049484958">
              <system-err>&gt; Enter [It] Delete manifest[0] created in setup - /Users/igorg/projects/distribution-spec/conformance/01_pull_test.go:260 @ 08/06/24 12:19:32.894&#xA;&lt; Exit [It] Delete manifest[0] created in setup - /Users/igorg/projects/distribution-spec/conformance/01_pull_test.go:260 @ 08/06/24 12:19:32.943 (49ms)&#xA;&gt; Enter [ReportAfterEach] TOP-LEVEL - /Users/igorg/projects/distribution-spec/conformance/00_conformance_suite_test.go:23 @ 08/06/24 12:19:32.943&#xA;&lt; Exit [ReportAfterEach] TOP-LEVEL - /Users/igorg/projects/distribution-spec/conformance/00_conformance_suite_test.go:23 @ 08/06/24 12:19:32.944 (0s)&#xA;</system-err>
          </testcase>
          <testcase name="OCI Distribution Conformance Tests Pull Teardown Delete manifest[1] created in setup" classname="conformance tests" status="passed" time="0.044773875">
              <system-err>&gt; Enter [It] Delete manifest[1] created in setup - /Users/igorg/projects/distribution-spec/conformance/01_pull_test.go:274 @ 08/06/24 12:19:32.944&#xA;&lt; Exit [It] Delete manifest[1] created in setup - /Users/igorg/projects/distribution-spec/conformance/01_pull_test.go:274 @ 08/06/24 12:19:32.988 (45ms)&#xA;&gt; Enter [ReportAfterEach] TOP-LEVEL - /Users/igorg/projects/distribution-spec/conformance/00_conformance_suite_test.go:23 @ 08/06/24 12:19:32.988&#xA;&lt; Exit [ReportAfterEach] TOP-LEVEL - /Users/igorg/projects/distribution-spec/conformance/00_conformance_suite_test.go:23 @ 08/06/24 12:19:32.988 (0s)&#xA;</system-err>
          </testcase>
          <testcase name="OCI Distribution Conformance Tests Pull Teardown Delete config[0] blob created in setup" classname="conformance tests" status="passed" time="0.008489084">
              <system-err>&gt; Enter [It] Delete config[0] blob created in setup - /Users/igorg/projects/distribution-spec/conformance/01_pull_test.go:290 @ 08/06/24 12:19:32.988&#xA;&lt; Exit [It] Delete config[0] blob created in setup - /Users/igorg/projects/distribution-spec/conformance/01_pull_test.go:290 @ 08/06/24 12:19:32.997 (8ms)&#xA;&gt; Enter [ReportAfterEach] TOP-LEVEL - /Users/igorg/projects/distribution-spec/conformance/00_conformance_suite_test.go:23 @ 08/06/24 12:19:32.997&#xA;&lt; Exit [ReportAfterEach] TOP-LEVEL - /Users/igorg/projects/distribution-spec/conformance/00_conformance_suite_test.go:23 @ 08/06/24 12:19:32.997 (0s)&#xA;</system-err>
          </testcase>
          <testcase name="OCI Distribution Conformance Tests Pull Teardown Delete config[1] blob created in setup" classname="conformance tests" status="passed" time="0.005532959">
              <system-err>&gt; Enter [It] Delete config[1] blob created in setup - /Users/igorg/projects/distribution-spec/conformance/01_pull_test.go:304 @ 08/06/24 12:19:32.997&#xA;&lt; Exit [It] Delete config[1] blob created in setup - /Users/igorg/projects/distribution-spec/conformance/01_pull_test.go:304 @ 08/06/24 12:19:33.003 (6ms)&#xA;&gt; Enter [ReportAfterEach] TOP-LEVEL - /Users/igorg/projects/distribution-spec/conformance/00_conformance_suite_test.go:23 @ 08/06/24 12:19:33.003&#xA;&lt; Exit [ReportAfterEach] TOP-LEVEL - /Users/igorg/projects/distribution-spec/conformance/00_conformance_suite_test.go:23 @ 08/06/24 12:19:33.003 (0s)&#xA;</system-err>
          </testcase>
          <testcase name="OCI Distribution Conformance Tests Pull Teardown Delete layer blob created in setup" classname="conformance tests" status="passed" time="0.004548208">
              <system-err>&gt; Enter [It] Delete layer blob created in setup - /Users/igorg/projects/distribution-spec/conformance/01_pull_test.go:319 @ 08/06/24 12:19:33.003&#xA;&lt; Exit [It] Delete layer blob created in setup - /Users/igorg/projects/distribution-spec/conformance/01_pull_test.go:319 @ 08/06/24 12:19:33.007 (5ms)&#xA;&gt; Enter [ReportAfterEach] TOP-LEVEL - /Users/igorg/projects/distribution-spec/conformance/00_conformance_suite_test.go:23 @ 08/06/24 12:19:33.007&#xA;&lt; Exit [ReportAfterEach] TOP-LEVEL - /Users/igorg/projects/distribution-spec/conformance/00_conformance_suite_test.go:23 @ 08/06/24 12:19:33.007 (0s)&#xA;</system-err>
          </testcase>
          <testcase name="OCI Distribution Conformance Tests Push Blob Upload Streamed PATCH request with blob in body should yield 202 response" classname="conformance tests" status="passed" time="0.019586125">
              <system-err>&gt; Enter [It] PATCH request with blob in body should yield 202 response - /Users/igorg/projects/distribution-spec/conformance/02_push_test.go:25 @ 08/06/24 12:19:33.007&#xA;&lt; Exit [It] PATCH request with blob in body should yield 202 response - /Users/igorg/projects/distribution-spec/conformance/02_push_test.go:25 @ 08/06/24 12:19:33.027 (20ms)&#xA;&gt; Enter [ReportAfterEach] TOP-LEVEL - /Users/igorg/projects/distribution-spec/conformance/00_conformance_suite_test.go:23 @ 08/06/24 12:19:33.027&#xA;&lt; Exit [ReportAfterEach] TOP-LEVEL - /Users/igorg/projects/distribution-spec/conformance/00_conformance_suite_test.go:23 @ 08/06/24 12:19:33.027 (0s)&#xA;</system-err>
          </testcase>
          <testcase name="OCI Distribution Conformance Tests Push Blob Upload Streamed PUT request to session URL with digest should yield 201 response" classname="conformance tests" status="passed" time="0.018998417">
              <system-err>&gt; Enter [It] PUT request to session URL with digest should yield 201 response - /Users/igorg/projects/distribution-spec/conformance/02_push_test.go:42 @ 08/06/24 12:19:33.027&#xA;&lt; Exit [It] PUT request to session URL with digest should yield 201 response - /Users/igorg/projects/distribution-spec/conformance/02_push_test.go:42 @ 08/06/24 12:19:33.046 (19ms)&#xA;&gt; Enter [ReportAfterEach] TOP-LEVEL - /Users/igorg/projects/distribution-spec/conformance/00_conformance_suite_test.go:23 @ 08/06/24 12:19:33.046&#xA;&lt; Exit [ReportAfterEach] TOP-LEVEL - /Users/igorg/projects/distribution-spec/conformance/00_conformance_suite_test.go:23 @ 08/06/24 12:19:33.046 (0s)&#xA;</system-err>
          </testcase>
          <testcase name="OCI Distribution Conformance Tests Push Blob Upload Monolithic GET nonexistent blob should result in 404 response" classname="conformance tests" status="passed" time="0.008493916">
              <system-err>&gt; Enter [It] GET nonexistent blob should result in 404 response - /Users/igorg/projects/distribution-spec/conformance/02_push_test.go:58 @ 08/06/24 12:19:33.046&#xA;&lt; Exit [It] GET nonexistent blob should result in 404 response - /Users/igorg/projects/distribution-spec/conformance/02_push_test.go:58 @ 08/06/24 12:19:33.054 (8ms)&#xA;&gt; Enter [ReportAfterEach] TOP-LEVEL - /Users/igorg/projects/distribution-spec/conformance/00_conformance_suite_test.go:23 @ 08/06/24 12:19:33.054&#xA;&lt; Exit [ReportAfterEach] TOP-LEVEL - /Users/igorg/projects/distribution-spec/conformance/00_conformance_suite_test.go:23 @ 08/06/24 12:19:33.054 (0s)&#xA;</system-err>
          </testcase>
          <testcase name="OCI Distribution Conformance Tests Push Blob Upload Monolithic POST request with digest and blob should yield a 201 or 202" classname="conformance tests" status="passed" time="0.016656208">
              <system-err>&gt; Enter [It] POST request with digest and blob should yield a 201 or 202 - /Users/igorg/projects/distribution-spec/conformance/02_push_test.go:67 @ 08/06/24 12:19:33.055&#xA;&lt; Exit [It] POST request with digest and blob should yield a 201 or 202 - /Users/igorg/projects/distribution-spec/conformance/02_push_test.go:67 @ 08/06/24 12:19:33.071 (17ms)&#xA;&gt; Enter [ReportAfterEach] TOP-LEVEL - /Users/igorg/projects/distribution-spec/conformance/00_conformance_suite_test.go:23 @ 08/06/24 12:19:33.071&#xA;&lt; Exit [ReportAfterEach] TOP-LEVEL - /Users/igorg/projects/distribution-spec/conformance/00_conformance_suite_test.go:23 @ 08/06/24 12:19:33.071 (0s)&#xA;</system-err>
          </testcase>
          <testcase name="OCI Distribution Conformance Tests Push Blob Upload Monolithic GET request to blob URL from prior request should yield 200 or 404 based on response code" classname="conformance tests" status="passed" time="0.006173375">
              <system-err>&gt; Enter [It] GET request to blob URL from prior request should yield 200 or 404 based on response code - /Users/igorg/projects/distribution-spec/conformance/02_push_test.go:85 @ 08/06/24 12:19:33.071&#xA;&lt; Exit [It] GET request to blob URL from prior request should yield 200 or 404 based on response code - /Users/igorg/projects/distribution-spec/conformance/02_push_test.go:85 @ 08/06/24 12:19:33.077 (6ms)&#xA;&gt; Enter [ReportAfterEach] TOP-LEVEL - /Users/igorg/projects/distribution-spec/conformance/00_conformance_suite_test.go:23 @ 08/06/24 12:19:33.077&#xA;&lt; Exit [ReportAfterEach] TOP-LEVEL - /Users/igorg/projects/distribution-spec/conformance/00_conformance_suite_test.go:23 @ 08/06/24 12:19:33.077 (0s)&#xA;</system-err>
          </testcase>
          <testcase name="OCI Distribution Conformance Tests Push Blob Upload Monolithic POST request should yield a session ID" classname="conformance tests" status="passed" time="0.0064975">
              <system-err>&gt; Enter [It] POST request should yield a session ID - /Users/igorg/projects/distribution-spec/conformance/02_push_test.go:98 @ 08/06/24 12:19:33.077&#xA;&lt; Exit [It] POST request should yield a session ID - /Users/igorg/projects/distribution-spec/conformance/02_push_test.go:98 @ 08/06/24 12:19:33.084 (6ms)&#xA;&gt; Enter [ReportAfterEach] TOP-LEVEL - /Users/igorg/projects/distribution-spec/conformance/00_conformance_suite_test.go:23 @ 08/06/24 12:19:33.084&#xA;&lt; Exit [ReportAfterEach] TOP-LEVEL - /Users/igorg/projects/distribution-spec/conformance/00_conformance_suite_test.go:23 @ 08/06/24 12:19:33.084 (0s)&#xA;</system-err>
          </testcase>
          <testcase name="OCI Distribution Conformance Tests Push Blob Upload Monolithic PUT upload of a blob should yield a 201 Response" classname="conformance tests" status="passed" time="0.015951917">
              <system-err>&gt; Enter [It] PUT upload of a blob should yield a 201 Response - /Users/igorg/projects/distribution-spec/conformance/02_push_test.go:107 @ 08/06/24 12:19:33.084&#xA;&lt; Exit [It] PUT upload of a blob should yield a 201 Response - /Users/igorg/projects/distribution-spec/conformance/02_push_test.go:107 @ 08/06/24 12:19:33.1 (16ms)&#xA;&gt; Enter [ReportAfterEach] TOP-LEVEL - /Users/igorg/projects/distribution-spec/conformance/00_conformance_suite_test.go:23 @ 08/06/24 12:19:33.1&#xA;&lt; Exit [ReportAfterEach] TOP-LEVEL - /Users/igorg/projects/distribution-spec/conformance/00_conformance_suite_test.go:23 @ 08/06/24 12:19:33.1 (0s)&#xA;</system-err>
          </testcase>
          <testcase name="OCI Distribution Conformance Tests Push Blob Upload Monolithic GET request to existing blob should yield 200 response" classname="conformance tests" status="passed" time="0.006820209">
              <system-err>&gt; Enter [It] GET request to existing blob should yield 200 response - /Users/igorg/projects/distribution-spec/conformance/02_push_test.go:121 @ 08/06/24 12:19:33.1&#xA;&lt; Exit [It] GET request to existing blob should yield 200 response - /Users/igorg/projects/distribution-spec/conformance/02_push_test.go:121 @ 08/06/24 12:19:33.107 (7ms)&#xA;&gt; Enter [ReportAfterEach] TOP-LEVEL - /Users/igorg/projects/distribution-spec/conformance/00_conformance_suite_test.go:23 @ 08/06/24 12:19:33.107&#xA;&lt; Exit [ReportAfterEach] TOP-LEVEL - /Users/igorg/projects/distribution-spec/conformance/00_conformance_suite_test.go:23 @ 08/06/24 12:19:33.107 (0s)&#xA;</system-err>
          </testcase>
          <testcase name="OCI Distribution Conformance Tests Push Blob Upload Monolithic PUT upload of a layer blob should yield a 201 Response" classname="conformance tests" status="passed" time="0.022990083">
              <system-err>&gt; Enter [It] PUT upload of a layer blob should yield a 201 Response - /Users/igorg/projects/distribution-spec/conformance/02_push_test.go:129 @ 08/06/24 12:19:33.107&#xA;&lt; Exit [It] PUT upload of a layer blob should yield a 201 Response - /Users/igorg/projects/distribution-spec/conformance/02_push_test.go:129 @ 08/06/24 12:19:33.13 (23ms)&#xA;&gt; Enter [ReportAfterEach] TOP-LEVEL - /Users/igorg/projects/distribution-spec/conformance/00_conformance_suite_test.go:23 @ 08/06/24 12:19:33.13&#xA;&lt; Exit [ReportAfterEach] TOP-LEVEL - /Users/igorg/projects/distribution-spec/conformance/00_conformance_suite_test.go:23 @ 08/06/24 12:19:33.13 (0s)&#xA;</system-err>
          </testcase>
          <testcase name="OCI Distribution Conformance Tests Push Blob Upload Monolithic GET request to existing layer should yield 200 response" classname="conformance tests" status="passed" time="0.007300583">
              <system-err>&gt; Enter [It] GET request to existing layer should yield 200 response - /Users/igorg/projects/distribution-spec/conformance/02_push_test.go:146 @ 08/06/24 12:19:33.13&#xA;&lt; Exit [It] GET request to existing layer should yield 200 response - /Users/igorg/projects/distribution-spec/conformance/02_push_test.go:146 @ 08/06/24 12:19:33.137 (7ms)&#xA;&gt; Enter [ReportAfterEach] TOP-LEVEL - /Users/igorg/projects/distribution-spec/conformance/00_conformance_suite_test.go:23 @ 08/06/24 12:19:33.137&#xA;&lt; Exit [ReportAfterEach] TOP-LEVEL - /Users/igorg/projects/distribution-spec/conformance/00_conformance_suite_test.go:23 @ 08/06/24 12:19:33.137 (0s)&#xA;</system-err>
          </testcase>
          <testcase name="OCI Distribution Conformance Tests Push Blob Upload Chunked Out-of-order blob upload should return 416" classname="conformance tests" status="passed" time="0.019803834">
              <system-err>&gt; Enter [It] Out-of-order blob upload should return 416 - /Users/igorg/projects/distribution-spec/conformance/02_push_test.go:156 @ 08/06/24 12:19:33.137&#xA;&lt; Exit [It] Out-of-order blob upload should return 416 - /Users/igorg/projects/distribution-spec/conformance/02_push_test.go:156 @ 08/06/24 12:19:33.157 (20ms)&#xA;&gt; Enter [ReportAfterEach] TOP-LEVEL - /Users/igorg/projects/distribution-spec/conformance/00_conformance_suite_test.go:23 @ 08/06/24 12:19:33.157&#xA;&lt; Exit [ReportAfterEach] TOP-LEVEL - /Users/igorg/projects/distribution-spec/conformance/00_conformance_suite_test.go:23 @ 08/06/24 12:19:33.157 (0s)&#xA;</system-err>
          </testcase>
          <testcase name="OCI Distribution Conformance Tests Push Blob Upload Chunked PATCH request with first chunk should return 202" classname="conformance tests" status="passed" time="0.032060375">
              <system-err>&gt; Enter [It] PATCH request with first chunk should return 202 - /Users/igorg/projects/distribution-spec/conformance/02_push_test.go:185 @ 08/06/24 12:19:33.157&#xA;&lt; Exit [It] PATCH request with first chunk should return 202 - /Users/igorg/projects/distribution-spec/conformance/02_push_test.go:185 @ 08/06/24 12:19:33.189 (32ms)&#xA;&gt; Enter [ReportAfterEach] TOP-LEVEL - /Users/igorg/projects/distribution-spec/conformance/00_conformance_suite_test.go:23 @ 08/06/24 12:19:33.189&#xA;&lt; Exit [ReportAfterEach] TOP-LEVEL - /Users/igorg/projects/distribution-spec/conformance/00_conformance_suite_test.go:23 @ 08/06/24 12:19:33.189 (0s)&#xA;</system-err>
          </testcase>
          <testcase name="OCI Distribution Conformance Tests Push Blob Upload Chunked Retry previous blob chunk should return 416" classname="conformance tests" status="passed" time="0.009697125">
              <system-err>&gt; Enter [It] Retry previous blob chunk should return 416 - /Users/igorg/projects/distribution-spec/conformance/02_push_test.go:206 @ 08/06/24 12:19:33.189&#xA;&lt; Exit [It] Retry previous blob chunk should return 416 - /Users/igorg/projects/distribution-spec/conformance/02_push_test.go:206 @ 08/06/24 12:19:33.199 (10ms)&#xA;&gt; Enter [ReportAfterEach] TOP-LEVEL - /Users/igorg/projects/distribution-spec/conformance/00_conformance_suite_test.go:23 @ 08/06/24 12:19:33.199&#xA;&lt; Exit [ReportAfterEach] TOP-LEVEL - /Users/igorg/projects/distribution-spec/conformance/00_conformance_suite_test.go:23 @ 08/06/24 12:19:33.199 (0s)&#xA;</system-err>
          </testcase>
          <testcase name="OCI Distribution Conformance Tests Push Blob Upload Chunked Get on stale blob upload should return 204 with a range and location" classname="conformance tests" status="passed" time="0.007547292">
              <system-err>&gt; Enter [It] Get on stale blob upload should return 204 with a range and location - /Users/igorg/projects/distribution-spec/conformance/02_push_test.go:218 @ 08/06/24 12:19:33.199&#xA;&lt; Exit [It] Get on stale blob upload should return 204 with a range and location - /Users/igorg/projects/distribution-spec/conformance/02_push_test.go:218 @ 08/06/24 12:19:33.207 (8ms)&#xA;&gt; Enter [ReportAfterEach] TOP-LEVEL - /Users/igorg/projects/distribution-spec/conformance/00_conformance_suite_test.go:23 @ 08/06/24 12:19:33.207&#xA;&lt; Exit [ReportAfterEach] TOP-LEVEL - /Users/igorg/projects/distribution-spec/conformance/00_conformance_suite_test.go:23 @ 08/06/24 12:19:33.207 (0s)&#xA;</system-err>
          </testcase>
          <testcase name="OCI Distribution Conformance Tests Push Blob Upload Chunked PATCH request with second chunk should return 202" classname="conformance tests" status="passed" time="0.016910958">
              <system-err>&gt; Enter [It] PATCH request with second chunk should return 202 - /Users/igorg/projects/distribution-spec/conformance/02_push_test.go:229 @ 08/06/24 12:19:33.207&#xA;&lt; Exit [It] PATCH request with second chunk should return 202 - /Users/igorg/projects/distribution-spec/conformance/02_push_test.go:229 @ 08/06/24 12:19:33.224 (17ms)&#xA;&gt; Enter [ReportAfterEach] TOP-LEVEL - /Users/igorg/projects/distribution-spec/conformance/00_conformance_suite_test.go:23 @ 08/06/24 12:19:33.224&#xA;&lt; Exit [ReportAfterEach] TOP-LEVEL - /Users/igorg/projects/distribution-spec/conformance/00_conformance_suite_test.go:23 @ 08/06/24 12:19:33.224 (0s)&#xA;</system-err>
          </testcase>
          <testcase name="OCI Distribution Conformance Tests Push Blob Upload Chunked PUT request with digest should return 201" classname="conformance tests" status="passed" time="0.026047417">
              <system-err>&gt; Enter [It] PUT request with digest should return 201 - /Users/igorg/projects/distribution-spec/conformance/02_push_test.go:244 @ 08/06/24 12:19:33.224&#xA;&lt; Exit [It] PUT request with digest should return 201 - /Users/igorg/projects/distribution-spec/conformance/02_push_test.go:244 @ 08/06/24 12:19:33.25 (26ms)&#xA;&gt; Enter [ReportAfterEach] TOP-LEVEL - /Users/igorg/projects/distribution-spec/conformance/00_conformance_suite_test.go:23 @ 08/06/24 12:19:33.25&#xA;&lt; Exit [ReportAfterEach] TOP-LEVEL - /Users/igorg/projects/distribution-spec/conformance/00_conformance_suite_test.go:23 @ 08/06/24 12:19:33.25 (0s)&#xA;</system-err>
          </testcase>
          <testcase name="OCI Distribution Conformance Tests Push Cross-Repository Blob Mount Cross-mounting of a blob without the from argument should yield session id" classname="conformance tests" status="passed" time="0.013670875">
              <system-err>&gt; Enter [It] Cross-mounting of a blob without the from argument should yield session id - /Users/igorg/projects/distribution-spec/conformance/02_push_test.go:259 @ 08/06/24 12:19:33.25&#xA;&lt; Exit [It] Cross-mounting of a blob without the from argument should yield session id - /Users/igorg/projects/distribution-spec/conformance/02_push_test.go:259 @ 08/06/24 12:19:33.264 (14ms)&#xA;&gt; Enter [ReportAfterEach] TOP-LEVEL - /Users/igorg/projects/distribution-spec/conformance/00_conformance_suite_test.go:23 @ 08/06/24 12:19:33.264&#xA;&lt; Exit [ReportAfterEach] TOP-LEVEL - /Users/igorg/projects/distribution-spec/conformance/00_conformance_suite_test.go:23 @ 08/06/24 12:19:33.264 (0s)&#xA;</system-err>
          </testcase>
          <testcase name="OCI Distribution Conformance Tests Push Cross-Repository Blob Mount POST request to mount another repository&#39;s blob should return 201 or 202" classname="conformance tests" status="passed" time="0.0113645">
              <system-err>&gt; Enter [It] POST request to mount another repository&#39;s blob should return 201 or 202 - /Users/igorg/projects/distribution-spec/conformance/02_push_test.go:270 @ 08/06/24 12:19:33.264&#xA;&lt; Exit [It] POST request to mount another repository&#39;s blob should return 201 or 202 - /Users/igorg/projects/distribution-spec/conformance/02_push_test.go:270 @ 08/06/24 12:19:33.275 (11ms)&#xA;&gt; Enter [ReportAfterEach] TOP-LEVEL - /Users/igorg/projects/distribution-spec/conformance/00_conformance_suite_test.go:23 @ 08/06/24 12:19:33.275&#xA;&lt; Exit [ReportAfterEach] TOP-LEVEL - /Users/igorg/projects/distribution-spec/conformance/00_conformance_suite_test.go:23 @ 08/06/24 12:19:33.275 (0s)&#xA;</system-err>
          </testcase>
          <testcase name="OCI Distribution Conformance Tests Push Cross-Repository Blob Mount GET request to test digest within cross-mount namespace should return 200" classname="conformance tests" status="skipped" time="8.625e-05">
              <skipped message="skipped - you have skipped this test."></skipped>
              <system-err>&gt; Enter [It] GET request to test digest within cross-mount namespace should return 200 - /Users/igorg/projects/distribution-spec/conformance/02_push_test.go:285 @ 08/06/24 12:19:33.275&#xA;[SKIPPED] you have skipped this test.&#xA;In [It] at: /Users/igorg/projects/distribution-spec/conformance/setup.go:585 @ 08/06/24 12:19:33.275&#xA;&lt; Exit [It] GET request to test digest within cross-mount namespace should return 200 - /Users/igorg/projects/distribution-spec/conformance/02_push_test.go:285 @ 08/06/24 12:19:33.275 (0s)&#xA;&gt; Enter [ReportAfterEach] TOP-LEVEL - /Users/igorg/projects/distribution-spec/conformance/00_conformance_suite_test.go:23 @ 08/06/24 12:19:33.275&#xA;&lt; Exit [ReportAfterEach] TOP-LEVEL - /Users/igorg/projects/distribution-spec/conformance/00_conformance_suite_test.go:23 @ 08/06/24 12:19:33.275 (0s)&#xA;</system-err>
          </testcase>
          <testcase name="OCI Distribution Conformance Tests Push Cross-Repository Blob Mount Cross-mounting of nonexistent blob should yield session id" classname="conformance tests" status="passed" time="9.417e-06">
              <system-err>&gt; Enter [It] Cross-mounting of nonexistent blob should yield session id - /Users/igorg/projects/distribution-spec/conformance/02_push_test.go:295 @ 08/06/24 12:19:33.275&#xA;&lt; Exit [It] Cross-mounting of nonexistent blob should yield session id - /Users/igorg/projects/distribution-spec/conformance/02_push_test.go:295 @ 08/06/24 12:19:33.275 (0s)&#xA;&gt; Enter [ReportAfterEach] TOP-LEVEL - /Users/igorg/projects/distribution-spec/conformance/00_conformance_suite_test.go:23 @ 08/06/24 12:19:33.275&#xA;&lt; Exit [ReportAfterEach] TOP-LEVEL - /Users/igorg/projects/distribution-spec/conformance/00_conformance_suite_test.go:23 @ 08/06/24 12:19:33.275 (0s)&#xA;</system-err>
          </testcase>
          <testcase name="OCI Distribution Conformance Tests Push Cross-Repository Blob Mount Cross-mounting without from, and automatic content discovery enabled should return a 201" classname="conformance tests" status="skipped" time="5.6709e-05">
              <skipped message="skipped - you have skipped this test."></skipped>
              <system-err>&gt; Enter [It] Cross-mounting without from, and automatic content discovery enabled should return a 201 - /Users/igorg/projects/distribution-spec/conformance/02_push_test.go:301 @ 08/06/24 12:19:33.275&#xA;[SKIPPED] you have skipped this test.&#xA;In [It] at: /Users/igorg/projects/distribution-spec/conformance/setup.go:585 @ 08/06/24 12:19:33.275&#xA;&lt; Exit [It] Cross-mounting without from, and automatic content discovery enabled should return a 201 - /Users/igorg/projects/distribution-spec/conformance/02_push_test.go:301 @ 08/06/24 12:19:33.275 (0s)&#xA;&gt; Enter [ReportAfterEach] TOP-LEVEL - /Users/igorg/projects/distribution-spec/conformance/00_conformance_suite_test.go:23 @ 08/06/24 12:19:33.275&#xA;&lt; Exit [ReportAfterEach] TOP-LEVEL - /Users/igorg/projects/distribution-spec/conformance/00_conformance_suite_test.go:23 @ 08/06/24 12:19:33.275 (0s)&#xA;</system-err>
          </testcase>
          <testcase name="OCI Distribution Conformance Tests Push Cross-Repository Blob Mount Cross-mounting without from, and automatic content discovery disabled should return a 202" classname="conformance tests" status="skipped" time="5.55e-05">
              <skipped message="skipped - you have skipped this test."></skipped>
              <system-err>&gt; Enter [It] Cross-mounting without from, and automatic content discovery disabled should return a 202 - /Users/igorg/projects/distribution-spec/conformance/02_push_test.go:314 @ 08/06/24 12:19:33.275&#xA;[SKIPPED] you have skipped this test.&#xA;In [It] at: /Users/igorg/projects/distribution-spec/conformance/setup.go:585 @ 08/06/24 12:19:33.275&#xA;&lt; Exit [It] Cross-mounting without from, and automatic content discovery disabled should return a 202 - /Users/igorg/projects/distribution-spec/conformance/02_push_test.go:314 @ 08/06/24 12:19:33.275 (0s)&#xA;&gt; Enter [ReportAfterEach] TOP-LEVEL - /Users/igorg/projects/distribution-spec/conformance/00_conformance_suite_test.go:23 @ 08/06/24 12:19:33.275&#xA;&lt; Exit [ReportAfterEach] TOP-LEVEL - /Users/igorg/projects/distribution-spec/conformance/00_conformance_suite_test.go:23 @ 08/06/24 12:19:33.275 (0s)&#xA;</system-err>
          </testcase>
          <testcase name="OCI Distribution Conformance Tests Push Manifest Upload GET nonexistent manifest should return 404" classname="conformance tests" status="passed" time="0.015551584">
              <system-err>&gt; Enter [It] GET nonexistent manifest should return 404 - /Users/igorg/projects/distribution-spec/conformance/02_push_test.go:329 @ 08/06/24 12:19:33.275&#xA;&lt; Exit [It] GET nonexistent manifest should return 404 - /Users/igorg/projects/distribution-spec/conformance/02_push_test.go:329 @ 08/06/24 12:19:33.291 (16ms)&#xA;&gt; Enter [ReportAfterEach] TOP-LEVEL - /Users/igorg/projects/distribution-spec/conformance/00_conformance_suite_test.go:23 @ 08/06/24 12:19:33.291&#xA;&lt; Exit [ReportAfterEach] TOP-LEVEL - /Users/igorg/projects/distribution-spec/conformance/00_conformance_suite_test.go:23 @ 08/06/24 12:19:33.291 (0s)&#xA;</system-err>
          </testcase>
          <testcase name="OCI Distribution Conformance Tests Push Manifest Upload PUT should accept a manifest upload" classname="conformance tests" status="passed" time="0.159432">
              <system-err>&gt; Enter [It] PUT should accept a manifest upload - /Users/igorg/projects/distribution-spec/conformance/02_push_test.go:338 @ 08/06/24 12:19:33.291&#xA;&lt; Exit [It] PUT should accept a manifest upload - /Users/igorg/projects/distribution-spec/conformance/02_push_test.go:338 @ 08/06/24 12:19:33.45 (159ms)&#xA;&gt; Enter [ReportAfterEach] TOP-LEVEL - /Users/igorg/projects/distribution-spec/conformance/00_conformance_suite_test.go:23 @ 08/06/24 12:19:33.45&#xA;&lt; Exit [ReportAfterEach] TOP-LEVEL - /Users/igorg/projects/distribution-spec/conformance/00_conformance_suite_test.go:23 @ 08/06/24 12:19:33.45 (0s)&#xA;</system-err>
          </testcase>
          <testcase name="OCI Distribution Conformance Tests Push Manifest Upload Registry should accept a manifest upload with no layers" classname="conformance tests" status="passed" time="0.034521083">
              <system-err>&gt; Enter [It] Registry should accept a manifest upload with no layers - /Users/igorg/projects/distribution-spec/conformance/02_push_test.go:354 @ 08/06/24 12:19:33.45&#xA;&lt; Exit [It] Registry should accept a manifest upload with no layers - /Users/igorg/projects/distribution-spec/conformance/02_push_test.go:354 @ 08/06/24 12:19:33.485 (35ms)&#xA;&gt; Enter [ReportAfterEach] TOP-LEVEL - /Users/igorg/projects/distribution-spec/conformance/00_conformance_suite_test.go:23 @ 08/06/24 12:19:33.485&#xA;&lt; Exit [ReportAfterEach] TOP-LEVEL - /Users/igorg/projects/distribution-spec/conformance/00_conformance_suite_test.go:23 @ 08/06/24 12:19:33.485 (0s)&#xA;</system-err>
          </testcase>
          <testcase name="OCI Distribution Conformance Tests Push Manifest Upload GET request to manifest URL (digest) should yield 200 response" classname="conformance tests" status="passed" time="0.012209625">
              <system-err>&gt; Enter [It] GET request to manifest URL (digest) should yield 200 response - /Users/igorg/projects/distribution-spec/conformance/02_push_test.go:372 @ 08/06/24 12:19:33.485&#xA;&lt; Exit [It] GET request to manifest URL (digest) should yield 200 response - /Users/igorg/projects/distribution-spec/conformance/02_push_test.go:372 @ 08/06/24 12:19:33.497 (12ms)&#xA;&gt; Enter [ReportAfterEach] TOP-LEVEL - /Users/igorg/projects/distribution-spec/conformance/00_conformance_suite_test.go:23 @ 08/06/24 12:19:33.497&#xA;&lt; Exit [ReportAfterEach] TOP-LEVEL - /Users/igorg/projects/distribution-spec/conformance/00_conformance_suite_test.go:23 @ 08/06/24 12:19:33.497 (0s)&#xA;</system-err>
          </testcase>
          <testcase name="OCI Distribution Conformance Tests Push Teardown Delete manifest created in tests" classname="conformance tests" status="passed" time="0.151273084">
              <system-err>&gt; Enter [It] Delete manifest created in tests - /Users/igorg/projects/distribution-spec/conformance/02_push_test.go:384 @ 08/06/24 12:19:33.497&#xA;&lt; Exit [It] Delete manifest created in tests - /Users/igorg/projects/distribution-spec/conformance/02_push_test.go:384 @ 08/06/24 12:19:33.649 (151ms)&#xA;&gt; Enter [ReportAfterEach] TOP-LEVEL - /Users/igorg/projects/distribution-spec/conformance/00_conformance_suite_test.go:23 @ 08/06/24 12:19:33.649&#xA;&lt; Exit [ReportAfterEach] TOP-LEVEL - /Users/igorg/projects/distribution-spec/conformance/00_conformance_suite_test.go:23 @ 08/06/24 12:19:33.649 (0s)&#xA;</system-err>
          </testcase>
          <testcase name="OCI Distribution Conformance Tests Push Teardown Delete config blob created in tests" classname="conformance tests" status="passed" time="0.005567">
              <system-err>&gt; Enter [It] Delete config blob created in tests - /Users/igorg/projects/distribution-spec/conformance/02_push_test.go:412 @ 08/06/24 12:19:33.649&#xA;&lt; Exit [It] Delete config blob created in tests - /Users/igorg/projects/distribution-spec/conformance/02_push_test.go:412 @ 08/06/24 12:19:33.654 (6ms)&#xA;&gt; Enter [ReportAfterEach] TOP-LEVEL - /Users/igorg/projects/distribution-spec/conformance/00_conformance_suite_test.go:23 @ 08/06/24 12:19:33.654&#xA;&lt; Exit [ReportAfterEach] TOP-LEVEL - /Users/igorg/projects/distribution-spec/conformance/00_conformance_suite_test.go:23 @ 08/06/24 12:19:33.654 (0s)&#xA;</system-err>
          </testcase>
          <testcase name="OCI Distribution Conformance Tests Push Teardown Delete layer blob created in setup" classname="conformance tests" status="passed" time="0.005170958">
              <system-err>&gt; Enter [It] Delete layer blob created in setup - /Users/igorg/projects/distribution-spec/conformance/02_push_test.go:428 @ 08/06/24 12:19:33.654&#xA;&lt; Exit [It] Delete layer blob created in setup - /Users/igorg/projects/distribution-spec/conformance/02_push_test.go:428 @ 08/06/24 12:19:33.659 (5ms)&#xA;&gt; Enter [ReportAfterEach] TOP-LEVEL - /Users/igorg/projects/distribution-spec/conformance/00_conformance_suite_test.go:23 @ 08/06/24 12:19:33.659&#xA;&lt; Exit [ReportAfterEach] TOP-LEVEL - /Users/igorg/projects/distribution-spec/conformance/00_conformance_suite_test.go:23 @ 08/06/24 12:19:33.659 (0s)&#xA;</system-err>
          </testcase>
          <testcase name="OCI Distribution Conformance Tests Content Discovery Setup Populate registry with test blob" classname="conformance tests" status="passed" time="0.020238584">
              <system-err>&gt; Enter [It] Populate registry with test blob - /Users/igorg/projects/distribution-spec/conformance/03_discovery_test.go:24 @ 08/06/24 12:19:33.659&#xA;&lt; Exit [It] Populate registry with test blob - /Users/igorg/projects/distribution-spec/conformance/03_discovery_test.go:24 @ 08/06/24 12:19:33.68 (20ms)&#xA;&gt; Enter [ReportAfterEach] TOP-LEVEL - /Users/igorg/projects/distribution-spec/conformance/00_conformance_suite_test.go:23 @ 08/06/24 12:19:33.68&#xA;&lt; Exit [ReportAfterEach] TOP-LEVEL - /Users/igorg/projects/distribution-spec/conformance/00_conformance_suite_test.go:23 @ 08/06/24 12:19:33.68 (0s)&#xA;</system-err>
          </testcase>
          <testcase name="OCI Distribution Conformance Tests Content Discovery Setup Populate registry with test layer" classname="conformance tests" status="passed" time="0.018389542">
              <system-err>&gt; Enter [It] Populate registry with test layer - /Users/igorg/projects/distribution-spec/conformance/03_discovery_test.go:42 @ 08/06/24 12:19:33.68&#xA;&lt; Exit [It] Populate registry with test layer - /Users/igorg/projects/distribution-spec/conformance/03_discovery_test.go:42 @ 08/06/24 12:19:33.698 (18ms)&#xA;&gt; Enter [ReportAfterEach] TOP-LEVEL - /Users/igorg/projects/distribution-spec/conformance/00_conformance_suite_test.go:23 @ 08/06/24 12:19:33.698&#xA;&lt; Exit [ReportAfterEach] TOP-LEVEL - /Users/igorg/projects/distribution-spec/conformance/00_conformance_suite_test.go:23 @ 08/06/24 12:19:33.698 (0s)&#xA;</system-err>
          </testcase>
          <testcase name="OCI Distribution Conformance Tests Content Discovery Setup Populate registry with test tags" classname="conformance tests" status="passed" time="0.125409208">
              <system-err>&gt; Enter [It] Populate registry with test tags - /Users/igorg/projects/distribution-spec/conformance/03_discovery_test.go:60 @ 08/06/24 12:19:33.698&#xA;&lt; Exit [It] Populate registry with test tags - /Users/igorg/projects/distribution-spec/conformance/03_discovery_test.go:60 @ 08/06/24 12:19:33.824 (125ms)&#xA;&gt; Enter [ReportAfterEach] TOP-LEVEL - /Users/igorg/projects/distribution-spec/conformance/00_conformance_suite_test.go:23 @ 08/06/24 12:19:33.824&#xA;&lt; Exit [ReportAfterEach] TOP-LEVEL - /Users/igorg/projects/distribution-spec/conformance/00_conformance_suite_test.go:23 @ 08/06/24 12:19:33.824 (0s)&#xA;</system-err>
          </testcase>
          <testcase name="OCI Distribution Conformance Tests Content Discovery Setup Populate registry with test tags (no push)" classname="conformance tests" status="skipped" time="0.000218083">
              <skipped message="skipped - you have skipped this test."></skipped>
              <system-err>&gt; Enter [It] Populate registry with test tags (no push) - /Users/igorg/projects/distribution-spec/conformance/03_discovery_test.go:82 @ 08/06/24 12:19:33.824&#xA;[SKIPPED] you have skipped this test.&#xA;In [It] at: /Users/igorg/projects/distribution-spec/conformance/setup.go:591 @ 08/06/24 12:19:33.824&#xA;&lt; Exit [It] Populate registry with test tags (no push) - /Users/igorg/projects/distribution-spec/conformance/03_discovery_test.go:82 @ 08/06/24 12:19:33.824 (0s)&#xA;&gt; Enter [ReportAfterEach] TOP-LEVEL - /Users/igorg/projects/distribution-spec/conformance/00_conformance_suite_test.go:23 @ 08/06/24 12:19:33.824&#xA;&lt; Exit [ReportAfterEach] TOP-LEVEL - /Users/igorg/projects/distribution-spec/conformance/00_conformance_suite_test.go:23 @ 08/06/24 12:19:33.824 (0s)&#xA;</system-err>
          </testcase>
          <testcase name="OCI Distribution Conformance Tests Content Discovery Setup References setup" classname="conformance tests" status="passed" time="0.38697375">
              <system-err>&gt; Enter [It] References setup - /Users/igorg/projects/distribution-spec/conformance/03_discovery_test.go:88 @ 08/06/24 12:19:33.824&#xA;&lt; Exit [It] References setup - /Users/igorg/projects/distribution-spec/conformance/03_discovery_test.go:88 @ 08/06/24 12:19:34.211 (387ms)&#xA;&gt; Enter [ReportAfterEach] TOP-LEVEL - /Users/igorg/projects/distribution-spec/conformance/00_conformance_suite_test.go:23 @ 08/06/24 12:19:34.211&#xA;&lt; Exit [ReportAfterEach] TOP-LEVEL - /Users/igorg/projects/distribution-spec/conformance/00_conformance_suite_test.go:23 @ 08/06/24 12:19:34.211 (0s)&#xA;</system-err>
          </testcase>
          <testcase name="OCI Distribution Conformance Tests Content Discovery Test content discovery endpoints (listing tags) GET request to list tags should yield 200 response" classname="conformance tests" status="passed" time="0.012499209">
              <system-err>&gt; Enter [It] GET request to list tags should yield 200 response - /Users/igorg/projects/distribution-spec/conformance/03_discovery_test.go:256 @ 08/06/24 12:19:34.211&#xA;&lt; Exit [It] GET request to list tags should yield 200 response - /Users/igorg/projects/distribution-spec/conformance/03_discovery_test.go:256 @ 08/06/24 12:19:34.224 (12ms)&#xA;&gt; Enter [ReportAfterEach] TOP-LEVEL - /Users/igorg/projects/distribution-spec/conformance/00_conformance_suite_test.go:23 @ 08/06/24 12:19:34.224&#xA;&lt; Exit [ReportAfterEach] TOP-LEVEL - /Users/igorg/projects/distribution-spec/conformance/00_conformance_suite_test.go:23 @ 08/06/24 12:19:34.224 (0s)&#xA;</system-err>
          </testcase>
          <testcase name="OCI Distribution Conformance Tests Content Discovery Test content discovery endpoints (listing tags) GET number of tags should be limitable by `n` query parameter" classname="conformance tests" status="passed" time="0.00629875">
              <system-err>&gt; Enter [It] GET number of tags should be limitable by `n` query parameter - /Users/igorg/projects/distribution-spec/conformance/03_discovery_test.go:266 @ 08/06/24 12:19:34.224&#xA;&lt; Exit [It] GET number of tags should be limitable by `n` query parameter - /Users/igorg/projects/distribution-spec/conformance/03_discovery_test.go:266 @ 08/06/24 12:19:34.23 (6ms)&#xA;&gt; Enter [ReportAfterEach] TOP-LEVEL - /Users/igorg/projects/distribution-spec/conformance/00_conformance_suite_test.go:23 @ 08/06/24 12:19:34.23&#xA;&lt; Exit [ReportAfterEach] TOP-LEVEL - /Users/igorg/projects/distribution-spec/conformance/00_conformance_suite_test.go:23 @ 08/06/24 12:19:34.23 (0s)&#xA;</system-err>
          </testcase>
          <testcase name="OCI Distribution Conformance Tests Content Discovery Test content discovery endpoints (listing tags) GET start of tag is set by `last` query parameter" classname="conformance tests" status="passed" time="0.0121965">
              <system-err>&gt; Enter [It] GET start of tag is set by `last` query parameter - /Users/igorg/projects/distribution-spec/conformance/03_discovery_test.go:279 @ 08/06/24 12:19:34.23&#xA;&lt; Exit [It] GET start of tag is set by `last` query parameter - /Users/igorg/projects/distribution-spec/conformance/03_discovery_test.go:279 @ 08/06/24 12:19:34.242 (12ms)&#xA;&gt; Enter [ReportAfterEach] TOP-LEVEL - /Users/igorg/projects/distribution-spec/conformance/00_conformance_suite_test.go:23 @ 08/06/24 12:19:34.242&#xA;&lt; Exit [ReportAfterEach] TOP-LEVEL - /Users/igorg/projects/distribution-spec/conformance/00_conformance_suite_test.go:23 @ 08/06/24 12:19:34.242 (0s)&#xA;</system-err>
          </testcase>
          <testcase name="OCI Distribution Conformance Tests Content Discovery Test content discovery endpoints (listing references) GET request to nonexistent blob should result in empty 200 response" classname="conformance tests" status="passed" time="0.006015209">
              <system-err>&gt; Enter [It] GET request to nonexistent blob should result in empty 200 response - /Users/igorg/projects/distribution-spec/conformance/03_discovery_test.go:300 @ 08/06/24 12:19:34.242&#xA;&lt; Exit [It] GET request to nonexistent blob should result in empty 200 response - /Users/igorg/projects/distribution-spec/conformance/03_discovery_test.go:300 @ 08/06/24 12:19:34.248 (6ms)&#xA;&gt; Enter [ReportAfterEach] TOP-LEVEL - /Users/igorg/projects/distribution-spec/conformance/00_conformance_suite_test.go:23 @ 08/06/24 12:19:34.248&#xA;&lt; Exit [ReportAfterEach] TOP-LEVEL - /Users/igorg/projects/distribution-spec/conformance/00_conformance_suite_test.go:23 @ 08/06/24 12:19:34.248 (0s)&#xA;</system-err>
          </testcase>
          <testcase name="OCI Distribution Conformance Tests Content Discovery Test content discovery endpoints (listing references) GET request to existing blob should yield 200" classname="conformance tests" status="passed" time="0.0066735">
              <system-err>&gt; Enter [It] GET request to existing blob should yield 200 - /Users/igorg/projects/distribution-spec/conformance/03_discovery_test.go:315 @ 08/06/24 12:19:34.248&#xA;&lt; Exit [It] GET request to existing blob should yield 200 - /Users/igorg/projects/distribution-spec/conformance/03_discovery_test.go:315 @ 08/06/24 12:19:34.255 (7ms)&#xA;&gt; Enter [ReportAfterEach] TOP-LEVEL - /Users/igorg/projects/distribution-spec/conformance/00_conformance_suite_test.go:23 @ 08/06/24 12:19:34.255&#xA;&lt; Exit [ReportAfterEach] TOP-LEVEL - /Users/igorg/projects/distribution-spec/conformance/00_conformance_suite_test.go:23 @ 08/06/24 12:19:34.255 (0s)&#xA;</system-err>
          </testcase>
          <testcase name="OCI Distribution Conformance Tests Content Discovery Test content discovery endpoints (listing references) GET request to existing blob with filter should yield 200" classname="conformance tests" status="passed" time="0.005794291">
              <system-err>&gt; Enter [It] GET request to existing blob with filter should yield 200 - /Users/igorg/projects/distribution-spec/conformance/03_discovery_test.go:335 @ 08/06/24 12:19:34.255&#xA;&lt; Exit [It] GET request to existing blob with filter should yield 200 - /Users/igorg/projects/distribution-spec/conformance/03_discovery_test.go:335 @ 08/06/24 12:19:34.261 (6ms)&#xA;&gt; Enter [ReportAfterEach] TOP-LEVEL - /Users/igorg/projects/distribution-spec/conformance/00_conformance_suite_test.go:23 @ 08/06/24 12:19:34.261&#xA;&lt; Exit [ReportAfterEach] TOP-LEVEL - /Users/igorg/projects/distribution-spec/conformance/00_conformance_suite_test.go:23 @ 08/06/24 12:19:34.261 (0s)&#xA;</system-err>
          </testcase>
          <testcase name="OCI Distribution Conformance Tests Content Discovery Test content discovery endpoints (listing references) GET request to missing manifest should yield 200" classname="conformance tests" status="passed" time="0.009758416">
              <system-err>&gt; Enter [It] GET request to missing manifest should yield 200 - /Users/igorg/projects/distribution-spec/conformance/03_discovery_test.go:367 @ 08/06/24 12:19:34.261&#xA;&lt; Exit [It] GET request to missing manifest should yield 200 - /Users/igorg/projects/distribution-spec/conformance/03_discovery_test.go:367 @ 08/06/24 12:19:34.271 (10ms)&#xA;&gt; Enter [ReportAfterEach] TOP-LEVEL - /Users/igorg/projects/distribution-spec/conformance/00_conformance_suite_test.go:23 @ 08/06/24 12:19:34.271&#xA;&lt; Exit [ReportAfterEach] TOP-LEVEL - /Users/igorg/projects/distribution-spec/conformance/00_conformance_suite_test.go:23 @ 08/06/24 12:19:34.271 (0s)&#xA;</system-err>
          </testcase>
          <testcase name="OCI Distribution Conformance Tests Content Discovery Teardown Delete created manifest &amp; associated tags" classname="conformance tests" status="passed" time="0.351970167">
              <system-err>&gt; Enter [It] Delete created manifest &amp; associated tags - /Users/igorg/projects/distribution-spec/conformance/03_discovery_test.go:386 @ 08/06/24 12:19:34.271&#xA;&lt; Exit [It] Delete created manifest &amp; associated tags - /Users/igorg/projects/distribution-spec/conformance/03_discovery_test.go:386 @ 08/06/24 12:19:34.623 (352ms)&#xA;&gt; Enter [ReportAfterEach] TOP-LEVEL - /Users/igorg/projects/distribution-spec/conformance/00_conformance_suite_test.go:23 @ 08/06/24 12:19:34.623&#xA;&lt; Exit [ReportAfterEach] TOP-LEVEL - /Users/igorg/projects/distribution-spec/conformance/00_conformance_suite_test.go:23 @ 08/06/24 12:19:34.623 (0s)&#xA;</system-err>
          </testcase>
          <testcase name="OCI Distribution Conformance Tests Content Discovery Teardown Delete config blob created in tests" classname="conformance tests" status="passed" time="0.006070334">
              <system-err>&gt; Enter [It] Delete config blob created in tests - /Users/igorg/projects/distribution-spec/conformance/03_discovery_test.go:415 @ 08/06/24 12:19:34.623&#xA;&lt; Exit [It] Delete config blob created in tests - /Users/igorg/projects/distribution-spec/conformance/03_discovery_test.go:415 @ 08/06/24 12:19:34.629 (6ms)&#xA;&gt; Enter [ReportAfterEach] TOP-LEVEL - /Users/igorg/projects/distribution-spec/conformance/00_conformance_suite_test.go:23 @ 08/06/24 12:19:34.629&#xA;&lt; Exit [ReportAfterEach] TOP-LEVEL - /Users/igorg/projects/distribution-spec/conformance/00_conformance_suite_test.go:23 @ 08/06/24 12:19:34.629 (0s)&#xA;</system-err>
          </testcase>
          <testcase name="OCI Distribution Conformance Tests Content Discovery Teardown Delete layer blob created in setup" classname="conformance tests" status="passed" time="0.004845083">
              <system-err>&gt; Enter [It] Delete layer blob created in setup - /Users/igorg/projects/distribution-spec/conformance/03_discovery_test.go:430 @ 08/06/24 12:19:34.629&#xA;&lt; Exit [It] Delete layer blob created in setup - /Users/igorg/projects/distribution-spec/conformance/03_discovery_test.go:430 @ 08/06/24 12:19:34.634 (5ms)&#xA;&gt; Enter [ReportAfterEach] TOP-LEVEL - /Users/igorg/projects/distribution-spec/conformance/00_conformance_suite_test.go:23 @ 08/06/24 12:19:34.634&#xA;&lt; Exit [ReportAfterEach] TOP-LEVEL - /Users/igorg/projects/distribution-spec/conformance/00_conformance_suite_test.go:23 @ 08/06/24 12:19:34.634 (0s)&#xA;</system-err>
          </testcase>
          <testcase name="OCI Distribution Conformance Tests Content Discovery Teardown References teardown" classname="conformance tests" status="passed" time="0.053366875">
              <system-err>&gt; Enter [It] References teardown - /Users/igorg/projects/distribution-spec/conformance/03_discovery_test.go:475 @ 08/06/24 12:19:34.634&#xA;&lt; Exit [It] References teardown - /Users/igorg/projects/distribution-spec/conformance/03_discovery_test.go:475 @ 08/06/24 12:19:34.688 (53ms)&#xA;&gt; Enter [ReportAfterEach] TOP-LEVEL - /Users/igorg/projects/distribution-spec/conformance/00_conformance_suite_test.go:23 @ 08/06/24 12:19:34.688&#xA;&lt; Exit [ReportAfterEach] TOP-LEVEL - /Users/igorg/projects/distribution-spec/conformance/00_conformance_suite_test.go:23 @ 08/06/24 12:19:34.688 (0s)&#xA;</system-err>
          </testcase>
          <testcase name="OCI Distribution Conformance Tests Content Management Setup Populate registry with test config blob" classname="conformance tests" status="passed" time="0.026948834">
              <system-err>&gt; Enter [It] Populate registry with test config blob - /Users/igorg/projects/distribution-spec/conformance/04_management_test.go:21 @ 08/06/24 12:19:34.688&#xA;&lt; Exit [It] Populate registry with test config blob - /Users/igorg/projects/distribution-spec/conformance/04_management_test.go:21 @ 08/06/24 12:19:34.715 (27ms)&#xA;&gt; Enter [ReportAfterEach] TOP-LEVEL - /Users/igorg/projects/distribution-spec/conformance/00_conformance_suite_test.go:23 @ 08/06/24 12:19:34.715&#xA;&lt; Exit [ReportAfterEach] TOP-LEVEL - /Users/igorg/projects/distribution-spec/conformance/00_conformance_suite_test.go:23 @ 08/06/24 12:19:34.715 (0s)&#xA;</system-err>
          </testcase>
          <testcase name="OCI Distribution Conformance Tests Content Management Setup Populate registry with test layer" classname="conformance tests" status="passed" time="0.022798958">
              <system-err>&gt; Enter [It] Populate registry with test layer - /Users/igorg/projects/distribution-spec/conformance/04_management_test.go:39 @ 08/06/24 12:19:34.715&#xA;&lt; Exit [It] Populate registry with test layer - /Users/igorg/projects/distribution-spec/conformance/04_management_test.go:39 @ 08/06/24 12:19:34.738 (23ms)&#xA;&gt; Enter [ReportAfterEach] TOP-LEVEL - /Users/igorg/projects/distribution-spec/conformance/00_conformance_suite_test.go:23 @ 08/06/24 12:19:34.738&#xA;&lt; Exit [ReportAfterEach] TOP-LEVEL - /Users/igorg/projects/distribution-spec/conformance/00_conformance_suite_test.go:23 @ 08/06/24 12:19:34.738 (0s)&#xA;</system-err>
          </testcase>
          <testcase name="OCI Distribution Conformance Tests Content Management Setup Populate registry with test tag" classname="conformance tests" status="passed" time="0.039507042">
              <system-err>&gt; Enter [It] Populate registry with test tag - /Users/igorg/projects/distribution-spec/conformance/04_management_test.go:57 @ 08/06/24 12:19:34.738&#xA;&lt; Exit [It] Populate registry with test tag - /Users/igorg/projects/distribution-spec/conformance/04_management_test.go:57 @ 08/06/24 12:19:34.777 (40ms)&#xA;&gt; Enter [ReportAfterEach] TOP-LEVEL - /Users/igorg/projects/distribution-spec/conformance/00_conformance_suite_test.go:23 @ 08/06/24 12:19:34.777&#xA;&lt; Exit [ReportAfterEach] TOP-LEVEL - /Users/igorg/projects/distribution-spec/conformance/00_conformance_suite_test.go:23 @ 08/06/24 12:19:34.777 (0s)&#xA;</system-err>
          </testcase>
          <testcase name="OCI Distribution Conformance Tests Content Management Setup Check how many tags there are before anything gets deleted" classname="conformance tests" status="passed" time="0.012249834">
              <system-err>&gt; Enter [It] Check how many tags there are before anything gets deleted - /Users/igorg/projects/distribution-spec/conformance/04_management_test.go:72 @ 08/06/24 12:19:34.777&#xA;&lt; Exit [It] Check how many tags there are before anything gets deleted - /Users/igorg/projects/distribution-spec/conformance/04_management_test.go:72 @ 08/06/24 12:19:34.789 (12ms)&#xA;&gt; Enter [ReportAfterEach] TOP-LEVEL - /Users/igorg/projects/distribution-spec/conformance/00_conformance_suite_test.go:23 @ 08/06/24 12:19:34.789&#xA;&lt; Exit [ReportAfterEach] TOP-LEVEL - /Users/igorg/projects/distribution-spec/conformance/00_conformance_suite_test.go:23 @ 08/06/24 12:19:34.789 (0s)&#xA;</system-err>
          </testcase>
          <testcase name="OCI Distribution Conformance Tests Content Management Manifest delete DELETE request to manifest tag should return 202, unless tag deletion is disallowed (400/405)" classname="conformance tests" status="passed" time="0.028415666">
              <system-err>&gt; Enter [It] DELETE request to manifest tag should return 202, unless tag deletion is disallowed (400/405) - /Users/igorg/projects/distribution-spec/conformance/04_management_test.go:88 @ 08/06/24 12:19:34.789&#xA;&lt; Exit [It] DELETE request to manifest tag should return 202, unless tag deletion is disallowed (400/405) - /Users/igorg/projects/distribution-spec/conformance/04_management_test.go:88 @ 08/06/24 12:19:34.818 (28ms)&#xA;&gt; Enter [ReportAfterEach] TOP-LEVEL - /Users/igorg/projects/distribution-spec/conformance/00_conformance_suite_test.go:23 @ 08/06/24 12:19:34.818&#xA;&lt; Exit [ReportAfterEach] TOP-LEVEL - /Users/igorg/projects/distribution-spec/conformance/00_conformance_suite_test.go:23 @ 08/06/24 12:19:34.818 (0s)&#xA;</system-err>
          </testcase>
          <testcase name="OCI Distribution Conformance Tests Content Management Manifest delete DELETE request to manifest (digest) should yield 202 response unless already deleted" classname="conformance tests" status="passed" time="0.015276625">
              <system-err>&gt; Enter [It] DELETE request to manifest (digest) should yield 202 response unless already deleted - /Users/igorg/projects/distribution-spec/conformance/04_management_test.go:106 @ 08/06/24 12:19:34.818&#xA;&lt; Exit [It] DELETE request to manifest (digest) should yield 202 response unless already deleted - /Users/igorg/projects/distribution-spec/conformance/04_management_test.go:106 @ 08/06/24 12:19:34.833 (15ms)&#xA;&gt; Enter [ReportAfterEach] TOP-LEVEL - /Users/igorg/projects/distribution-spec/conformance/00_conformance_suite_test.go:23 @ 08/06/24 12:19:34.833&#xA;&lt; Exit [ReportAfterEach] TOP-LEVEL - /Users/igorg/projects/distribution-spec/conformance/00_conformance_suite_test.go:23 @ 08/06/24 12:19:34.833 (0s)&#xA;</system-err>
          </testcase>
          <testcase name="OCI Distribution Conformance Tests Content Management Manifest delete GET request to deleted manifest URL should yield 404 response, unless delete is disallowed" classname="conformance tests" status="passed" time="0.00658125">
              <system-err>&gt; Enter [It] GET request to deleted manifest URL should yield 404 response, unless delete is disallowed - /Users/igorg/projects/distribution-spec/conformance/04_management_test.go:118 @ 08/06/24 12:19:34.833&#xA;&lt; Exit [It] GET request to deleted manifest URL should yield 404 response, unless delete is disallowed - /Users/igorg/projects/distribution-spec/conformance/04_management_test.go:118 @ 08/06/24 12:19:34.84 (7ms)&#xA;&gt; Enter [ReportAfterEach] TOP-LEVEL - /Users/igorg/projects/distribution-spec/conformance/00_conformance_suite_test.go:23 @ 08/06/24 12:19:34.84&#xA;&lt; Exit [ReportAfterEach] TOP-LEVEL - /Users/igorg/projects/distribution-spec/conformance/00_conformance_suite_test.go:23 @ 08/06/24 12:19:34.84 (0s)&#xA;</system-err>
          </testcase>
          <testcase name="OCI Distribution Conformance Tests Content Management Manifest delete GET request to tags list should reflect manifest deletion" classname="conformance tests" status="passed" time="0.011217792">
              <system-err>&gt; Enter [It] GET request to tags list should reflect manifest deletion - /Users/igorg/projects/distribution-spec/conformance/04_management_test.go:129 @ 08/06/24 12:19:34.84&#xA;&lt; Exit [It] GET request to tags list should reflect manifest deletion - /Users/igorg/projects/distribution-spec/conformance/04_management_test.go:129 @ 08/06/24 12:19:34.851 (11ms)&#xA;&gt; Enter [ReportAfterEach] TOP-LEVEL - /Users/igorg/projects/distribution-spec/conformance/00_conformance_suite_test.go:23 @ 08/06/24 12:19:34.851&#xA;&lt; Exit [ReportAfterEach] TOP-LEVEL - /Users/igorg/projects/distribution-spec/conformance/00_conformance_suite_test.go:23 @ 08/06/24 12:19:34.851 (0s)&#xA;</system-err>
          </testcase>
          <testcase name="OCI Distribution Conformance Tests Content Management Blob delete DELETE request to blob URL should yield 202 response" classname="conformance tests" status="passed" time="0.008338042">
              <system-err>&gt; Enter [It] DELETE request to blob URL should yield 202 response - /Users/igorg/projects/distribution-spec/conformance/04_management_test.go:153 @ 08/06/24 12:19:34.851&#xA;&lt; Exit [It] DELETE request to blob URL should yield 202 response - /Users/igorg/projects/distribution-spec/conformance/04_management_test.go:153 @ 08/06/24 12:19:34.86 (8ms)&#xA;&gt; Enter [ReportAfterEach] TOP-LEVEL - /Users/igorg/projects/distribution-spec/conformance/00_conformance_suite_test.go:23 @ 08/06/24 12:19:34.86&#xA;&lt; Exit [ReportAfterEach] TOP-LEVEL - /Users/igorg/projects/distribution-spec/conformance/00_conformance_suite_test.go:23 @ 08/06/24 12:19:34.86 (0s)&#xA;</system-err>
          </testcase>
          <testcase name="OCI Distribution Conformance Tests Content Management Blob delete GET request to deleted blob URL should yield 404 response" classname="conformance tests" status="skipped" time="8.4125e-05">
              <skipped message="skipped - you have skipped this test."></skipped>
              <system-err>&gt; Enter [It] GET request to deleted blob URL should yield 404 response - /Users/igorg/projects/distribution-spec/conformance/04_management_test.go:180 @ 08/06/24 12:19:34.86&#xA;[SKIPPED] you have skipped this test.&#xA;In [It] at: /Users/igorg/projects/distribution-spec/conformance/setup.go:585 @ 08/06/24 12:19:34.86&#xA;&lt; Exit [It] GET request to deleted blob URL should yield 404 response - /Users/igorg/projects/distribution-spec/conformance/04_management_test.go:180 @ 08/06/24 12:19:34.86 (0s)&#xA;&gt; Enter [ReportAfterEach] TOP-LEVEL - /Users/igorg/projects/distribution-spec/conformance/00_conformance_suite_test.go:23 @ 08/06/24 12:19:34.86&#xA;&lt; Exit [ReportAfterEach] TOP-LEVEL - /Users/igorg/projects/distribution-spec/conformance/00_conformance_suite_test.go:23 @ 08/06/24 12:19:34.86 (0s)&#xA;</system-err>
          </testcase>
          <testcase name="html custom reporter" classname="conformance tests" status="passed" time="0.008627292">
              <system-err>&gt; Enter [ReportAfterSuite] TOP-LEVEL - /Users/igorg/projects/distribution-spec/conformance/00_conformance_suite_test.go:24 @ 08/06/24 12:19:34.86&#xA;&lt; Exit [ReportAfterSuite] TOP-LEVEL - /Users/igorg/projects/distribution-spec/conformance/00_conformance_suite_test.go:24 @ 08/06/24 12:19:34.868 (9ms)&#xA;</system-err>
          </testcase>
      </testsuite>
  </testsuites>