<?xml version="1.0" encoding="UTF-8"?>
  <testsuites tests="81" disabled="6" errors="0" failures="0" time="0.284780631">
      <testsuite name="conformance tests" package="/git/github.com/opencontainers/distribution-spec/conformance/results" tests="81" disabled="0" skipped="6" errors="0" failures="0" time="0.284780631" timestamp="2024-04-03T15:51:16">
          <properties>
              <property name="SuiteSucceeded" value="true"></property>
              <property name="SuiteHasProgrammaticFocus" value="false"></property>
              <property name="SpecialSuiteFailureReason" value=""></property>
              <property name="SuiteLabels" value="[]"></property>
              <property name="RandomSeed" value="1712173876"></property>
              <property name="RandomizeAllSpecs" value="false"></property>
              <property name="LabelFilter" value=""></property>
              <property name="FocusStrings" value=""></property>
              <property name="SkipStrings" value=""></property>
              <property name="FocusFiles" value=""></property>
              <property name="SkipFiles" value=""></property>
              <property name="FailOnPending" value="false"></property>
              <property name="FailFast" value="false"></property>
              <property name="FlakeAttempts" value="0"></property>
              <property name="DryRun" value="false"></property>
              <property name="ParallelTotal" value="1"></property>
              <property name="OutputInterceptorMode" value=""></property>
          </properties>
          <testcase name="OCI Distribution Conformance Tests Pull Setup Populate registry with test blob" classname="conformance tests" status="passed" time="0.012527928">
              <system-err>&gt; Enter [It] Populate registry with test blob - /git/github.com/opencontainers/distribution-spec/conformance/01_pull_test.go:18 @ 04/03/24 15:51:16.576&#xA;&lt; Exit [It] Populate registry with test blob - /git/github.com/opencontainers/distribution-spec/conformance/01_pull_test.go:18 @ 04/03/24 15:51:16.588 (12ms)&#xA;&gt; Enter [ReportAfterEach] TOP-LEVEL - /git/github.com/opencontainers/distribution-spec/conformance/00_conformance_suite_test.go:25 @ 04/03/24 15:51:16.588&#xA;&lt; Exit [ReportAfterEach] TOP-LEVEL - /git/github.com/opencontainers/distribution-spec/conformance/00_conformance_suite_test.go:25 @ 04/03/24 15:51:16.588 (0s)&#xA;</system-err>
          </testcase>
          <testcase name="OCI Distribution Conformance Tests Pull Setup Populate registry with test blob" classname="conformance tests" status="passed" time="0.002774803">
              <system-err>&gt; Enter [It] Populate registry with test blob - /git/github.com/opencontainers/distribution-spec/conformance/01_pull_test.go:36 @ 04/03/24 15:51:16.588&#xA;&lt; Exit [It] Populate registry with test blob - /git/github.com/opencontainers/distribution-spec/conformance/01_pull_test.go:36 @ 04/03/24 15:51:16.591 (3ms)&#xA;&gt; Enter [ReportAfterEach] TOP-LEVEL - /git/github.com/opencontainers/distribution-spec/conformance/00_conformance_suite_test.go:25 @ 04/03/24 15:51:16.591&#xA;&lt; Exit [ReportAfterEach] TOP-LEVEL - /git/github.com/opencontainers/distribution-spec/conformance/00_conformance_suite_test.go:25 @ 04/03/24 15:51:16.591 (0s)&#xA;</system-err>
          </testcase>
          <testcase name="OCI Distribution Conformance Tests Pull Setup Populate registry with test layer" classname="conformance tests" status="passed" time="0.003610961">
              <system-err>&gt; Enter [It] Populate registry with test layer - /git/github.com/opencontainers/distribution-spec/conformance/01_pull_test.go:54 @ 04/03/24 15:51:16.591&#xA;&lt; Exit [It] Populate registry with test layer - /git/github.com/opencontainers/distribution-spec/conformance/01_pull_test.go:54 @ 04/03/24 15:51:16.595 (4ms)&#xA;&gt; Enter [ReportAfterEach] TOP-LEVEL - /git/github.com/opencontainers/distribution-spec/conformance/00_conformance_suite_test.go:25 @ 04/03/24 15:51:16.595&#xA;&lt; Exit [ReportAfterEach] TOP-LEVEL - /git/github.com/opencontainers/distribution-spec/conformance/00_conformance_suite_test.go:25 @ 04/03/24 15:51:16.595 (0s)&#xA;</system-err>
          </testcase>
          <testcase name="OCI Distribution Conformance Tests Pull Setup Populate registry with test manifest" classname="conformance tests" status="passed" time="0.003577841">
              <system-err>&gt; Enter [It] Populate registry with test manifest - /git/github.com/opencontainers/distribution-spec/conformance/01_pull_test.go:72 @ 04/03/24 15:51:16.595&#xA;&lt; Exit [It] Populate registry with test manifest - /git/github.com/opencontainers/distribution-spec/conformance/01_pull_test.go:72 @ 04/03/24 15:51:16.599 (4ms)&#xA;&gt; Enter [ReportAfterEach] TOP-LEVEL - /git/github.com/opencontainers/distribution-spec/conformance/00_conformance_suite_test.go:25 @ 04/03/24 15:51:16.599&#xA;&lt; Exit [ReportAfterEach] TOP-LEVEL - /git/github.com/opencontainers/distribution-spec/conformance/00_conformance_suite_test.go:25 @ 04/03/24 15:51:16.599 (0s)&#xA;</system-err>
          </testcase>
          <testcase name="OCI Distribution Conformance Tests Pull Setup Populate registry with test manifest" classname="conformance tests" status="passed" time="0.003291873">
              <system-err>&gt; Enter [It] Populate registry with test manifest - /git/github.com/opencontainers/distribution-spec/conformance/01_pull_test.go:87 @ 04/03/24 15:51:16.599&#xA;&lt; Exit [It] Populate registry with test manifest - /git/github.com/opencontainers/distribution-spec/conformance/01_pull_test.go:87 @ 04/03/24 15:51:16.602 (3ms)&#xA;&gt; Enter [ReportAfterEach] TOP-LEVEL - /git/github.com/opencontainers/distribution-spec/conformance/00_conformance_suite_test.go:25 @ 04/03/24 15:51:16.602&#xA;&lt; Exit [ReportAfterEach] TOP-LEVEL - /git/github.com/opencontainers/distribution-spec/conformance/00_conformance_suite_test.go:25 @ 04/03/24 15:51:16.602 (0s)&#xA;</system-err>
          </testcase>
          <testcase name="OCI Distribution Conformance Tests Pull Setup Get the name of a tag" classname="conformance tests" status="passed" time="0.004673743">
              <system-err>&gt; Enter [It] Get the name of a tag - /git/github.com/opencontainers/distribution-spec/conformance/01_pull_test.go:101 @ 04/03/24 15:51:16.602&#xA;&lt; Exit [It] Get the name of a tag - /git/github.com/opencontainers/distribution-spec/conformance/01_pull_test.go:101 @ 04/03/24 15:51:16.607 (5ms)&#xA;&gt; Enter [ReportAfterEach] TOP-LEVEL - /git/github.com/opencontainers/distribution-spec/conformance/00_conformance_suite_test.go:25 @ 04/03/24 15:51:16.607&#xA;&lt; Exit [ReportAfterEach] TOP-LEVEL - /git/github.com/opencontainers/distribution-spec/conformance/00_conformance_suite_test.go:25 @ 04/03/24 15:51:16.607 (0s)&#xA;</system-err>
          </testcase>
          <testcase name="OCI Distribution Conformance Tests Pull Setup Get tag name from environment" classname="conformance tests" status="skipped" time="0.000549641">
              <skipped message="skipped - you have skipped this test."></skipped>
              <system-err>&gt; Enter [It] Get tag name from environment - /git/github.com/opencontainers/distribution-spec/conformance/01_pull_test.go:117 @ 04/03/24 15:51:16.607&#xA;[SKIPPED] you have skipped this test.&#xA;In [It] at: /git/github.com/opencontainers/distribution-spec/conformance/setup.go:591 @ 04/03/24 15:51:16.608&#xA;&lt; Exit [It] Get tag name from environment - /git/github.com/opencontainers/distribution-spec/conformance/01_pull_test.go:117 @ 04/03/24 15:51:16.608 (1ms)&#xA;&gt; Enter [ReportAfterEach] TOP-LEVEL - /git/github.com/opencontainers/distribution-spec/conformance/00_conformance_suite_test.go:25 @ 04/03/24 15:51:16.608&#xA;&lt; Exit [ReportAfterEach] TOP-LEVEL - /git/github.com/opencontainers/distribution-spec/conformance/00_conformance_suite_test.go:25 @ 04/03/24 15:51:16.608 (0s)&#xA;</system-err>
          </testcase>
          <testcase name="OCI Distribution Conformance Tests Pull Pull blobs HEAD request to nonexistent blob should result in 404 response" classname="conformance tests" status="passed" time="0.001903869">
              <system-err>&gt; Enter [It] HEAD request to nonexistent blob should result in 404 response - /git/github.com/opencontainers/distribution-spec/conformance/01_pull_test.go:125 @ 04/03/24 15:51:16.608&#xA;&lt; Exit [It] HEAD request to nonexistent blob should result in 404 response - /git/github.com/opencontainers/distribution-spec/conformance/01_pull_test.go:125 @ 04/03/24 15:51:16.61 (2ms)&#xA;&gt; Enter [ReportAfterEach] TOP-LEVEL - /git/github.com/opencontainers/distribution-spec/conformance/00_conformance_suite_test.go:25 @ 04/03/24 15:51:16.61&#xA;&lt; Exit [ReportAfterEach] TOP-LEVEL - /git/github.com/opencontainers/distribution-spec/conformance/00_conformance_suite_test.go:25 @ 04/03/24 15:51:16.61 (0s)&#xA;</system-err>
          </testcase>
          <testcase name="OCI Distribution Conformance Tests Pull Pull blobs HEAD request to existing blob should yield 200" classname="conformance tests" status="passed" time="0.001557538">
              <system-err>&gt; Enter [It] HEAD request to existing blob should yield 200 - /git/github.com/opencontainers/distribution-spec/conformance/01_pull_test.go:134 @ 04/03/24 15:51:16.61&#xA;&lt; Exit [It] HEAD request to existing blob should yield 200 - /git/github.com/opencontainers/distribution-spec/conformance/01_pull_test.go:134 @ 04/03/24 15:51:16.611 (2ms)&#xA;&gt; Enter [ReportAfterEach] TOP-LEVEL - /git/github.com/opencontainers/distribution-spec/conformance/00_conformance_suite_test.go:25 @ 04/03/24 15:51:16.611&#xA;&lt; Exit [ReportAfterEach] TOP-LEVEL - /git/github.com/opencontainers/distribution-spec/conformance/00_conformance_suite_test.go:25 @ 04/03/24 15:51:16.611 (0s)&#xA;</system-err>
          </testcase>
          <testcase name="OCI Distribution Conformance Tests Pull Pull blobs GET nonexistent blob should result in 404 response" classname="conformance tests" status="passed" time="0.001597092">
              <system-err>&gt; Enter [It] GET nonexistent blob should result in 404 response - /git/github.com/opencontainers/distribution-spec/conformance/01_pull_test.go:146 @ 04/03/24 15:51:16.612&#xA;&lt; Exit [It] GET nonexistent blob should result in 404 response - /git/github.com/opencontainers/distribution-spec/conformance/01_pull_test.go:146 @ 04/03/24 15:51:16.613 (2ms)&#xA;&gt; Enter [ReportAfterEach] TOP-LEVEL - /git/github.com/opencontainers/distribution-spec/conformance/00_conformance_suite_test.go:25 @ 04/03/24 15:51:16.613&#xA;&lt; Exit [ReportAfterEach] TOP-LEVEL - /git/github.com/opencontainers/distribution-spec/conformance/00_conformance_suite_test.go:25 @ 04/03/24 15:51:16.613 (0s)&#xA;</system-err>
          </testcase>
          <testcase name="OCI Distribution Conformance Tests Pull Pull blobs GET request to existing blob URL should yield 200" classname="conformance tests" status="passed" time="0.001780476">
              <system-err>&gt; Enter [It] GET request to existing blob URL should yield 200 - /git/github.com/opencontainers/distribution-spec/conformance/01_pull_test.go:155 @ 04/03/24 15:51:16.613&#xA;&lt; Exit [It] GET request to existing blob URL should yield 200 - /git/github.com/opencontainers/distribution-spec/conformance/01_pull_test.go:155 @ 04/03/24 15:51:16.615 (2ms)&#xA;&gt; Enter [ReportAfterEach] TOP-LEVEL - /git/github.com/opencontainers/distribution-spec/conformance/00_conformance_suite_test.go:25 @ 04/03/24 15:51:16.615&#xA;&lt; Exit [ReportAfterEach] TOP-LEVEL - /git/github.com/opencontainers/distribution-spec/conformance/00_conformance_suite_test.go:25 @ 04/03/24 15:51:16.615 (0s)&#xA;</system-err>
          </testcase>
          <testcase name="OCI Distribution Conformance Tests Pull Pull manifests HEAD request to nonexistent manifest should return 404" classname="conformance tests" status="passed" time="0.001338958">
              <system-err>&gt; Enter [It] HEAD request to nonexistent manifest should return 404 - /git/github.com/opencontainers/distribution-spec/conformance/01_pull_test.go:165 @ 04/03/24 15:51:16.615&#xA;&lt; Exit [It] HEAD request to nonexistent manifest should return 404 - /git/github.com/opencontainers/distribution-spec/conformance/01_pull_test.go:165 @ 04/03/24 15:51:16.617 (1ms)&#xA;&gt; Enter [ReportAfterEach] TOP-LEVEL - /git/github.com/opencontainers/distribution-spec/conformance/00_conformance_suite_test.go:25 @ 04/03/24 15:51:16.617&#xA;&lt; Exit [ReportAfterEach] TOP-LEVEL - /git/github.com/opencontainers/distribution-spec/conformance/00_conformance_suite_test.go:25 @ 04/03/24 15:51:16.617 (0s)&#xA;</system-err>
          </testcase>
          <testcase name="OCI Distribution Conformance Tests Pull Pull manifests HEAD request to manifest[0] path (digest) should yield 200 response" classname="conformance tests" status="passed" time="0.001754058">
              <system-err>&gt; Enter [It] HEAD request to manifest[0] path (digest) should yield 200 response - /git/github.com/opencontainers/distribution-spec/conformance/01_pull_test.go:174 @ 04/03/24 15:51:16.617&#xA;&lt; Exit [It] HEAD request to manifest[0] path (digest) should yield 200 response - /git/github.com/opencontainers/distribution-spec/conformance/01_pull_test.go:174 @ 04/03/24 15:51:16.618 (2ms)&#xA;&gt; Enter [ReportAfterEach] TOP-LEVEL - /git/github.com/opencontainers/distribution-spec/conformance/00_conformance_suite_test.go:25 @ 04/03/24 15:51:16.618&#xA;&lt; Exit [ReportAfterEach] TOP-LEVEL - /git/github.com/opencontainers/distribution-spec/conformance/00_conformance_suite_test.go:25 @ 04/03/24 15:51:16.619 (0s)&#xA;</system-err>
          </testcase>
          <testcase name="OCI Distribution Conformance Tests Pull Pull manifests HEAD request to manifest[1] path (digest) should yield 200 response" classname="conformance tests" status="passed" time="0.001932358">
              <system-err>&gt; Enter [It] HEAD request to manifest[1] path (digest) should yield 200 response - /git/github.com/opencontainers/distribution-spec/conformance/01_pull_test.go:186 @ 04/03/24 15:51:16.619&#xA;&lt; Exit [It] HEAD request to manifest[1] path (digest) should yield 200 response - /git/github.com/opencontainers/distribution-spec/conformance/01_pull_test.go:186 @ 04/03/24 15:51:16.62 (2ms)&#xA;&gt; Enter [ReportAfterEach] TOP-LEVEL - /git/github.com/opencontainers/distribution-spec/conformance/00_conformance_suite_test.go:25 @ 04/03/24 15:51:16.621&#xA;&lt; Exit [ReportAfterEach] TOP-LEVEL - /git/github.com/opencontainers/distribution-spec/conformance/00_conformance_suite_test.go:25 @ 04/03/24 15:51:16.621 (0s)&#xA;</system-err>
          </testcase>
          <testcase name="OCI Distribution Conformance Tests Pull Pull manifests HEAD request to manifest path (tag) should yield 200 response" classname="conformance tests" status="passed" time="0.001791006">
              <system-err>&gt; Enter [It] HEAD request to manifest path (tag) should yield 200 response - /git/github.com/opencontainers/distribution-spec/conformance/01_pull_test.go:198 @ 04/03/24 15:51:16.621&#xA;&lt; Exit [It] HEAD request to manifest path (tag) should yield 200 response - /git/github.com/opencontainers/distribution-spec/conformance/01_pull_test.go:198 @ 04/03/24 15:51:16.622 (2ms)&#xA;&gt; Enter [ReportAfterEach] TOP-LEVEL - /git/github.com/opencontainers/distribution-spec/conformance/00_conformance_suite_test.go:25 @ 04/03/24 15:51:16.622&#xA;&lt; Exit [ReportAfterEach] TOP-LEVEL - /git/github.com/opencontainers/distribution-spec/conformance/00_conformance_suite_test.go:25 @ 04/03/24 15:51:16.623 (0s)&#xA;</system-err>
          </testcase>
          <testcase name="OCI Distribution Conformance Tests Pull Pull manifests GET nonexistent manifest should return 404" classname="conformance tests" status="passed" time="0.001698318">
              <system-err>&gt; Enter [It] GET nonexistent manifest should return 404 - /git/github.com/opencontainers/distribution-spec/conformance/01_pull_test.go:211 @ 04/03/24 15:51:16.623&#xA;&lt; Exit [It] GET nonexistent manifest should return 404 - /git/github.com/opencontainers/distribution-spec/conformance/01_pull_test.go:211 @ 04/03/24 15:51:16.624 (2ms)&#xA;&gt; Enter [ReportAfterEach] TOP-LEVEL - /git/github.com/opencontainers/distribution-spec/conformance/00_conformance_suite_test.go:25 @ 04/03/24 15:51:16.624&#xA;&lt; Exit [ReportAfterEach] TOP-LEVEL - /git/github.com/opencontainers/distribution-spec/conformance/00_conformance_suite_test.go:25 @ 04/03/24 15:51:16.624 (0s)&#xA;</system-err>
          </testcase>
          <testcase name="OCI Distribution Conformance Tests Pull Pull manifests GET request to manifest[0] path (digest) should yield 200 response" classname="conformance tests" status="passed" time="0.002797263">
              <system-err>&gt; Enter [It] GET request to manifest[0] path (digest) should yield 200 response - /git/github.com/opencontainers/distribution-spec/conformance/01_pull_test.go:220 @ 04/03/24 15:51:16.624&#xA;&lt; Exit [It] GET request to manifest[0] path (digest) should yield 200 response - /git/github.com/opencontainers/distribution-spec/conformance/01_pull_test.go:220 @ 04/03/24 15:51:16.627 (3ms)&#xA;&gt; Enter [ReportAfterEach] TOP-LEVEL - /git/github.com/opencontainers/distribution-spec/conformance/00_conformance_suite_test.go:25 @ 04/03/24 15:51:16.627&#xA;&lt; Exit [ReportAfterEach] TOP-LEVEL - /git/github.com/opencontainers/distribution-spec/conformance/00_conformance_suite_test.go:25 @ 04/03/24 15:51:16.627 (0s)&#xA;</system-err>
          </testcase>
          <testcase name="OCI Distribution Conformance Tests Pull Pull manifests GET request to manifest[1] path (digest) should yield 200 response" classname="conformance tests" status="passed" time="0.003336899">
              <system-err>&gt; Enter [It] GET request to manifest[1] path (digest) should yield 200 response - /git/github.com/opencontainers/distribution-spec/conformance/01_pull_test.go:229 @ 04/03/24 15:51:16.628&#xA;&lt; Exit [It] GET request to manifest[1] path (digest) should yield 200 response - /git/github.com/opencontainers/distribution-spec/conformance/01_pull_test.go:229 @ 04/03/24 15:51:16.631 (3ms)&#xA;&gt; Enter [ReportAfterEach] TOP-LEVEL - /git/github.com/opencontainers/distribution-spec/conformance/00_conformance_suite_test.go:25 @ 04/03/24 15:51:16.631&#xA;&lt; Exit [ReportAfterEach] TOP-LEVEL - /git/github.com/opencontainers/distribution-spec/conformance/00_conformance_suite_test.go:25 @ 04/03/24 15:51:16.631 (0s)&#xA;</system-err>
          </testcase>
          <testcase name="OCI Distribution Conformance Tests Pull Pull manifests GET request to manifest path (tag) should yield 200 response" classname="conformance tests" status="passed" time="0.003109584">
              <system-err>&gt; Enter [It] GET request to manifest path (tag) should yield 200 response - /git/github.com/opencontainers/distribution-spec/conformance/01_pull_test.go:238 @ 04/03/24 15:51:16.631&#xA;&lt; Exit [It] GET request to manifest path (tag) should yield 200 response - /git/github.com/opencontainers/distribution-spec/conformance/01_pull_test.go:238 @ 04/03/24 15:51:16.634 (3ms)&#xA;&gt; Enter [ReportAfterEach] TOP-LEVEL - /git/github.com/opencontainers/distribution-spec/conformance/00_conformance_suite_test.go:25 @ 04/03/24 15:51:16.634&#xA;&lt; Exit [ReportAfterEach] TOP-LEVEL - /git/github.com/opencontainers/distribution-spec/conformance/00_conformance_suite_test.go:25 @ 04/03/24 15:51:16.634 (0s)&#xA;</system-err>
          </testcase>
          <testcase name="OCI Distribution Conformance Tests Pull Error codes 400 response body should contain OCI-conforming JSON message" classname="conformance tests" status="passed" time="0.001518274">
              <system-err>&gt; Enter [It] 400 response body should contain OCI-conforming JSON message - /git/github.com/opencontainers/distribution-spec/conformance/01_pull_test.go:250 @ 04/03/24 15:51:16.634&#xA;&lt; Exit [It] 400 response body should contain OCI-conforming JSON message - /git/github.com/opencontainers/distribution-spec/conformance/01_pull_test.go:250 @ 04/03/24 15:51:16.636 (2ms)&#xA;&gt; Enter [ReportAfterEach] TOP-LEVEL - /git/github.com/opencontainers/distribution-spec/conformance/00_conformance_suite_test.go:25 @ 04/03/24 15:51:16.636&#xA;&lt; Exit [ReportAfterEach] TOP-LEVEL - /git/github.com/opencontainers/distribution-spec/conformance/00_conformance_suite_test.go:25 @ 04/03/24 15:51:16.636 (0s)&#xA;</system-err>
          </testcase>
          <testcase name="OCI Distribution Conformance Tests Pull Teardown Delete manifest[0] created in setup" classname="conformance tests" status="passed" time="0.002003791">
              <system-err>&gt; Enter [It] Delete manifest[0] created in setup - /git/github.com/opencontainers/distribution-spec/conformance/01_pull_test.go:273 @ 04/03/24 15:51:16.636&#xA;&lt; Exit [It] Delete manifest[0] created in setup - /git/github.com/opencontainers/distribution-spec/conformance/01_pull_test.go:273 @ 04/03/24 15:51:16.638 (2ms)&#xA;&gt; Enter [ReportAfterEach] TOP-LEVEL - /git/github.com/opencontainers/distribution-spec/conformance/00_conformance_suite_test.go:25 @ 04/03/24 15:51:16.638&#xA;&lt; Exit [ReportAfterEach] TOP-LEVEL - /git/github.com/opencontainers/distribution-spec/conformance/00_conformance_suite_test.go:25 @ 04/03/24 15:51:16.638 (0s)&#xA;</system-err>
          </testcase>
          <testcase name="OCI Distribution Conformance Tests Pull Teardown Delete manifest[1] created in setup" classname="conformance tests" status="passed" time="0.002591155">
              <system-err>&gt; Enter [It] Delete manifest[1] created in setup - /git/github.com/opencontainers/distribution-spec/conformance/01_pull_test.go:287 @ 04/03/24 15:51:16.638&#xA;&lt; Exit [It] Delete manifest[1] created in setup - /git/github.com/opencontainers/distribution-spec/conformance/01_pull_test.go:287 @ 04/03/24 15:51:16.641 (3ms)&#xA;&gt; Enter [ReportAfterEach] TOP-LEVEL - /git/github.com/opencontainers/distribution-spec/conformance/00_conformance_suite_test.go:25 @ 04/03/24 15:51:16.641&#xA;&lt; Exit [ReportAfterEach] TOP-LEVEL - /git/github.com/opencontainers/distribution-spec/conformance/00_conformance_suite_test.go:25 @ 04/03/24 15:51:16.641 (0s)&#xA;</system-err>
          </testcase>
          <testcase name="OCI Distribution Conformance Tests Pull Teardown Delete config[0] blob created in setup" classname="conformance tests" status="passed" time="0.00140656">
              <system-err>&gt; Enter [It] Delete config[0] blob created in setup - /git/github.com/opencontainers/distribution-spec/conformance/01_pull_test.go:303 @ 04/03/24 15:51:16.641&#xA;&lt; Exit [It] Delete config[0] blob created in setup - /git/github.com/opencontainers/distribution-spec/conformance/01_pull_test.go:303 @ 04/03/24 15:51:16.642 (1ms)&#xA;&gt; Enter [ReportAfterEach] TOP-LEVEL - /git/github.com/opencontainers/distribution-spec/conformance/00_conformance_suite_test.go:25 @ 04/03/24 15:51:16.642&#xA;&lt; Exit [ReportAfterEach] TOP-LEVEL - /git/github.com/opencontainers/distribution-spec/conformance/00_conformance_suite_test.go:25 @ 04/03/24 15:51:16.643 (0s)&#xA;</system-err>
          </testcase>
          <testcase name="OCI Distribution Conformance Tests Pull Teardown Delete config[1] blob created in setup" classname="conformance tests" status="passed" time="0.001341653">
              <system-err>&gt; Enter [It] Delete config[1] blob created in setup - /git/github.com/opencontainers/distribution-spec/conformance/01_pull_test.go:317 @ 04/03/24 15:51:16.643&#xA;&lt; Exit [It] Delete config[1] blob created in setup - /git/github.com/opencontainers/distribution-spec/conformance/01_pull_test.go:317 @ 04/03/24 15:51:16.644 (1ms)&#xA;&gt; Enter [ReportAfterEach] TOP-LEVEL - /git/github.com/opencontainers/distribution-spec/conformance/00_conformance_suite_test.go:25 @ 04/03/24 15:51:16.644&#xA;&lt; Exit [ReportAfterEach] TOP-LEVEL - /git/github.com/opencontainers/distribution-spec/conformance/00_conformance_suite_test.go:25 @ 04/03/24 15:51:16.644 (0s)&#xA;</system-err>
          </testcase>
          <testcase name="OCI Distribution Conformance Tests Pull Teardown Delete layer blob created in setup" classname="conformance tests" status="passed" time="0.001543516">
              <system-err>&gt; Enter [It] Delete layer blob created in setup - /git/github.com/opencontainers/distribution-spec/conformance/01_pull_test.go:332 @ 04/03/24 15:51:16.644&#xA;&lt; Exit [It] Delete layer blob created in setup - /git/github.com/opencontainers/distribution-spec/conformance/01_pull_test.go:332 @ 04/03/24 15:51:16.646 (2ms)&#xA;&gt; Enter [ReportAfterEach] TOP-LEVEL - /git/github.com/opencontainers/distribution-spec/conformance/00_conformance_suite_test.go:25 @ 04/03/24 15:51:16.646&#xA;&lt; Exit [ReportAfterEach] TOP-LEVEL - /git/github.com/opencontainers/distribution-spec/conformance/00_conformance_suite_test.go:25 @ 04/03/24 15:51:16.646 (0s)&#xA;</system-err>
          </testcase>
          <testcase name="OCI Distribution Conformance Tests Push Blob Upload Streamed PATCH request with blob in body should yield 202 response" classname="conformance tests" status="passed" time="0.003251343">
              <system-err>&gt; Enter [It] PATCH request with blob in body should yield 202 response - /git/github.com/opencontainers/distribution-spec/conformance/02_push_test.go:25 @ 04/03/24 15:51:16.646&#xA;&lt; Exit [It] PATCH request with blob in body should yield 202 response - /git/github.com/opencontainers/distribution-spec/conformance/02_push_test.go:25 @ 04/03/24 15:51:16.649 (3ms)&#xA;&gt; Enter [ReportAfterEach] TOP-LEVEL - /git/github.com/opencontainers/distribution-spec/conformance/00_conformance_suite_test.go:25 @ 04/03/24 15:51:16.649&#xA;&lt; Exit [ReportAfterEach] TOP-LEVEL - /git/github.com/opencontainers/distribution-spec/conformance/00_conformance_suite_test.go:25 @ 04/03/24 15:51:16.649 (0s)&#xA;</system-err>
          </testcase>
          <testcase name="OCI Distribution Conformance Tests Push Blob Upload Streamed PUT request to session URL with digest should yield 201 response" classname="conformance tests" status="passed" time="0.00172565">
              <system-err>&gt; Enter [It] PUT request to session URL with digest should yield 201 response - /git/github.com/opencontainers/distribution-spec/conformance/02_push_test.go:42 @ 04/03/24 15:51:16.649&#xA;&lt; Exit [It] PUT request to session URL with digest should yield 201 response - /git/github.com/opencontainers/distribution-spec/conformance/02_push_test.go:42 @ 04/03/24 15:51:16.651 (2ms)&#xA;&gt; Enter [ReportAfterEach] TOP-LEVEL - /git/github.com/opencontainers/distribution-spec/conformance/00_conformance_suite_test.go:25 @ 04/03/24 15:51:16.651&#xA;&lt; Exit [ReportAfterEach] TOP-LEVEL - /git/github.com/opencontainers/distribution-spec/conformance/00_conformance_suite_test.go:25 @ 04/03/24 15:51:16.651 (0s)&#xA;</system-err>
          </testcase>
          <testcase name="OCI Distribution Conformance Tests Push Blob Upload Monolithic GET nonexistent blob should result in 404 response" classname="conformance tests" status="passed" time="0.001535955">
              <system-err>&gt; Enter [It] GET nonexistent blob should result in 404 response - /git/github.com/opencontainers/distribution-spec/conformance/02_push_test.go:58 @ 04/03/24 15:51:16.651&#xA;&lt; Exit [It] GET nonexistent blob should result in 404 response - /git/github.com/opencontainers/distribution-spec/conformance/02_push_test.go:58 @ 04/03/24 15:51:16.653 (2ms)&#xA;&gt; Enter [ReportAfterEach] TOP-LEVEL - /git/github.com/opencontainers/distribution-spec/conformance/00_conformance_suite_test.go:25 @ 04/03/24 15:51:16.653&#xA;&lt; Exit [ReportAfterEach] TOP-LEVEL - /git/github.com/opencontainers/distribution-spec/conformance/00_conformance_suite_test.go:25 @ 04/03/24 15:51:16.653 (0s)&#xA;</system-err>
          </testcase>
          <testcase name="OCI Distribution Conformance Tests Push Blob Upload Monolithic POST request with digest and blob should yield a 201 or 202" classname="conformance tests" status="passed" time="0.001511185">
              <system-err>&gt; Enter [It] POST request with digest and blob should yield a 201 or 202 - /git/github.com/opencontainers/distribution-spec/conformance/02_push_test.go:67 @ 04/03/24 15:51:16.653&#xA;&lt; Exit [It] POST request with digest and blob should yield a 201 or 202 - /git/github.com/opencontainers/distribution-spec/conformance/02_push_test.go:67 @ 04/03/24 15:51:16.654 (1ms)&#xA;&gt; Enter [ReportAfterEach] TOP-LEVEL - /git/github.com/opencontainers/distribution-spec/conformance/00_conformance_suite_test.go:25 @ 04/03/24 15:51:16.654&#xA;&lt; Exit [ReportAfterEach] TOP-LEVEL - /git/github.com/opencontainers/distribution-spec/conformance/00_conformance_suite_test.go:25 @ 04/03/24 15:51:16.654 (0s)&#xA;</system-err>
          </testcase>
          <testcase name="OCI Distribution Conformance Tests Push Blob Upload Monolithic GET request to blob URL from prior request should yield 200 or 404 based on response code" classname="conformance tests" status="passed" time="0.001612799">
              <system-err>&gt; Enter [It] GET request to blob URL from prior request should yield 200 or 404 based on response code - /git/github.com/opencontainers/distribution-spec/conformance/02_push_test.go:85 @ 04/03/24 15:51:16.654&#xA;&lt; Exit [It] GET request to blob URL from prior request should yield 200 or 404 based on response code - /git/github.com/opencontainers/distribution-spec/conformance/02_push_test.go:85 @ 04/03/24 15:51:16.656 (2ms)&#xA;&gt; Enter [ReportAfterEach] TOP-LEVEL - /git/github.com/opencontainers/distribution-spec/conformance/00_conformance_suite_test.go:25 @ 04/03/24 15:51:16.656&#xA;&lt; Exit [ReportAfterEach] TOP-LEVEL - /git/github.com/opencontainers/distribution-spec/conformance/00_conformance_suite_test.go:25 @ 04/03/24 15:51:16.656 (0s)&#xA;</system-err>
          </testcase>
          <testcase name="OCI Distribution Conformance Tests Push Blob Upload Monolithic POST request should yield a session ID" classname="conformance tests" status="passed" time="0.001855359">
              <system-err>&gt; Enter [It] POST request should yield a session ID - /git/github.com/opencontainers/distribution-spec/conformance/02_push_test.go:98 @ 04/03/24 15:51:16.656&#xA;&lt; Exit [It] POST request should yield a session ID - /git/github.com/opencontainers/distribution-spec/conformance/02_push_test.go:98 @ 04/03/24 15:51:16.658 (2ms)&#xA;&gt; Enter [ReportAfterEach] TOP-LEVEL - /git/github.com/opencontainers/distribution-spec/conformance/00_conformance_suite_test.go:25 @ 04/03/24 15:51:16.658&#xA;&lt; Exit [ReportAfterEach] TOP-LEVEL - /git/github.com/opencontainers/distribution-spec/conformance/00_conformance_suite_test.go:25 @ 04/03/24 15:51:16.658 (0s)&#xA;</system-err>
          </testcase>
          <testcase name="OCI Distribution Conformance Tests Push Blob Upload Monolithic PUT upload of a blob should yield a 201 Response" classname="conformance tests" status="passed" time="0.002344979">
              <system-err>&gt; Enter [It] PUT upload of a blob should yield a 201 Response - /git/github.com/opencontainers/distribution-spec/conformance/02_push_test.go:107 @ 04/03/24 15:51:16.658&#xA;&lt; Exit [It] PUT upload of a blob should yield a 201 Response - /git/github.com/opencontainers/distribution-spec/conformance/02_push_test.go:107 @ 04/03/24 15:51:16.66 (2ms)&#xA;&gt; Enter [ReportAfterEach] TOP-LEVEL - /git/github.com/opencontainers/distribution-spec/conformance/00_conformance_suite_test.go:25 @ 04/03/24 15:51:16.66&#xA;&lt; Exit [ReportAfterEach] TOP-LEVEL - /git/github.com/opencontainers/distribution-spec/conformance/00_conformance_suite_test.go:25 @ 04/03/24 15:51:16.66 (0s)&#xA;</system-err>
          </testcase>
          <testcase name="OCI Distribution Conformance Tests Push Blob Upload Monolithic GET request to existing blob should yield 200 response" classname="conformance tests" status="passed" time="0.001734369">
              <system-err>&gt; Enter [It] GET request to existing blob should yield 200 response - /git/github.com/opencontainers/distribution-spec/conformance/02_push_test.go:121 @ 04/03/24 15:51:16.661&#xA;&lt; Exit [It] GET request to existing blob should yield 200 response - /git/github.com/opencontainers/distribution-spec/conformance/02_push_test.go:121 @ 04/03/24 15:51:16.662 (2ms)&#xA;&gt; Enter [ReportAfterEach] TOP-LEVEL - /git/github.com/opencontainers/distribution-spec/conformance/00_conformance_suite_test.go:25 @ 04/03/24 15:51:16.662&#xA;&lt; Exit [ReportAfterEach] TOP-LEVEL - /git/github.com/opencontainers/distribution-spec/conformance/00_conformance_suite_test.go:25 @ 04/03/24 15:51:16.662 (0s)&#xA;</system-err>
          </testcase>
          <testcase name="OCI Distribution Conformance Tests Push Blob Upload Monolithic PUT upload of a layer blob should yield a 201 Response" classname="conformance tests" status="passed" time="0.003457065">
              <system-err>&gt; Enter [It] PUT upload of a layer blob should yield a 201 Response - /git/github.com/opencontainers/distribution-spec/conformance/02_push_test.go:129 @ 04/03/24 15:51:16.662&#xA;&lt; Exit [It] PUT upload of a layer blob should yield a 201 Response - /git/github.com/opencontainers/distribution-spec/conformance/02_push_test.go:129 @ 04/03/24 15:51:16.666 (3ms)&#xA;&gt; Enter [ReportAfterEach] TOP-LEVEL - /git/github.com/opencontainers/distribution-spec/conformance/00_conformance_suite_test.go:25 @ 04/03/24 15:51:16.666&#xA;&lt; Exit [ReportAfterEach] TOP-LEVEL - /git/github.com/opencontainers/distribution-spec/conformance/00_conformance_suite_test.go:25 @ 04/03/24 15:51:16.666 (0s)&#xA;</system-err>
          </testcase>
          <testcase name="OCI Distribution Conformance Tests Push Blob Upload Monolithic GET request to existing layer should yield 200 response" classname="conformance tests" status="passed" time="0.001660216">
              <system-err>&gt; Enter [It] GET request to existing layer should yield 200 response - /git/github.com/opencontainers/distribution-spec/conformance/02_push_test.go:146 @ 04/03/24 15:51:16.666&#xA;&lt; Exit [It] GET request to existing layer should yield 200 response - /git/github.com/opencontainers/distribution-spec/conformance/02_push_test.go:146 @ 04/03/24 15:51:16.668 (2ms)&#xA;&gt; Enter [ReportAfterEach] TOP-LEVEL - /git/github.com/opencontainers/distribution-spec/conformance/00_conformance_suite_test.go:25 @ 04/03/24 15:51:16.668&#xA;&lt; Exit [ReportAfterEach] TOP-LEVEL - /git/github.com/opencontainers/distribution-spec/conformance/00_conformance_suite_test.go:25 @ 04/03/24 15:51:16.668 (0s)&#xA;</system-err>
          </testcase>
          <testcase name="OCI Distribution Conformance Tests Push Blob Upload Chunked Out-of-order blob upload should return 416" classname="conformance tests" status="passed" time="0.003122745">
              <system-err>&gt; Enter [It] Out-of-order blob upload should return 416 - /git/github.com/opencontainers/distribution-spec/conformance/02_push_test.go:156 @ 04/03/24 15:51:16.668&#xA;&lt; Exit [It] Out-of-order blob upload should return 416 - /git/github.com/opencontainers/distribution-spec/conformance/02_push_test.go:156 @ 04/03/24 15:51:16.671 (3ms)&#xA;&gt; Enter [ReportAfterEach] TOP-LEVEL - /git/github.com/opencontainers/distribution-spec/conformance/00_conformance_suite_test.go:25 @ 04/03/24 15:51:16.671&#xA;&lt; Exit [ReportAfterEach] TOP-LEVEL - /git/github.com/opencontainers/distribution-spec/conformance/00_conformance_suite_test.go:25 @ 04/03/24 15:51:16.671 (0s)&#xA;</system-err>
          </testcase>
          <testcase name="OCI Distribution Conformance Tests Push Blob Upload Chunked PATCH request with first chunk should return 202" classname="conformance tests" status="passed" time="0.00379666">
              <system-err>&gt; Enter [It] PATCH request with first chunk should return 202 - /git/github.com/opencontainers/distribution-spec/conformance/02_push_test.go:185 @ 04/03/24 15:51:16.671&#xA;&lt; Exit [It] PATCH request with first chunk should return 202 - /git/github.com/opencontainers/distribution-spec/conformance/02_push_test.go:185 @ 04/03/24 15:51:16.675 (4ms)&#xA;&gt; Enter [ReportAfterEach] TOP-LEVEL - /git/github.com/opencontainers/distribution-spec/conformance/00_conformance_suite_test.go:25 @ 04/03/24 15:51:16.675&#xA;&lt; Exit [ReportAfterEach] TOP-LEVEL - /git/github.com/opencontainers/distribution-spec/conformance/00_conformance_suite_test.go:25 @ 04/03/24 15:51:16.675 (0s)&#xA;</system-err>
          </testcase>
          <testcase name="OCI Distribution Conformance Tests Push Blob Upload Chunked Retry previous blob chunk should return 416" classname="conformance tests" status="passed" time="0.001827729">
              <system-err>&gt; Enter [It] Retry previous blob chunk should return 416 - /git/github.com/opencontainers/distribution-spec/conformance/02_push_test.go:206 @ 04/03/24 15:51:16.675&#xA;&lt; Exit [It] Retry previous blob chunk should return 416 - /git/github.com/opencontainers/distribution-spec/conformance/02_push_test.go:206 @ 04/03/24 15:51:16.677 (2ms)&#xA;&gt; Enter [ReportAfterEach] TOP-LEVEL - /git/github.com/opencontainers/distribution-spec/conformance/00_conformance_suite_test.go:25 @ 04/03/24 15:51:16.677&#xA;&lt; Exit [ReportAfterEach] TOP-LEVEL - /git/github.com/opencontainers/distribution-spec/conformance/00_conformance_suite_test.go:25 @ 04/03/24 15:51:16.677 (0s)&#xA;</system-err>
          </testcase>
          <testcase name="OCI Distribution Conformance Tests Push Blob Upload Chunked Get on stale blob upload should return 204 with a range and location" classname="conformance tests" status="passed" time="0.00152901">
              <system-err>&gt; Enter [It] Get on stale blob upload should return 204 with a range and location - /git/github.com/opencontainers/distribution-spec/conformance/02_push_test.go:218 @ 04/03/24 15:51:16.677&#xA;&lt; Exit [It] Get on stale blob upload should return 204 with a range and location - /git/github.com/opencontainers/distribution-spec/conformance/02_push_test.go:218 @ 04/03/24 15:51:16.678 (2ms)&#xA;&gt; Enter [ReportAfterEach] TOP-LEVEL - /git/github.com/opencontainers/distribution-spec/conformance/00_conformance_suite_test.go:25 @ 04/03/24 15:51:16.678&#xA;&lt; Exit [ReportAfterEach] TOP-LEVEL - /git/github.com/opencontainers/distribution-spec/conformance/00_conformance_suite_test.go:25 @ 04/03/24 15:51:16.679 (0s)&#xA;</system-err>
          </testcase>
          <testcase name="OCI Distribution Conformance Tests Push Blob Upload Chunked PATCH request with second chunk should return 202" classname="conformance tests" status="passed" time="0.001917619">
              <system-err>&gt; Enter [It] PATCH request with second chunk should return 202 - /git/github.com/opencontainers/distribution-spec/conformance/02_push_test.go:229 @ 04/03/24 15:51:16.679&#xA;&lt; Exit [It] PATCH request with second chunk should return 202 - /git/github.com/opencontainers/distribution-spec/conformance/02_push_test.go:229 @ 04/03/24 15:51:16.681 (2ms)&#xA;&gt; Enter [ReportAfterEach] TOP-LEVEL - /git/github.com/opencontainers/distribution-spec/conformance/00_conformance_suite_test.go:25 @ 04/03/24 15:51:16.681&#xA;&lt; Exit [ReportAfterEach] TOP-LEVEL - /git/github.com/opencontainers/distribution-spec/conformance/00_conformance_suite_test.go:25 @ 04/03/24 15:51:16.681 (0s)&#xA;</system-err>
          </testcase>
          <testcase name="OCI Distribution Conformance Tests Push Blob Upload Chunked PUT request with digest should return 201" classname="conformance tests" status="passed" time="0.002124517">
              <system-err>&gt; Enter [It] PUT request with digest should return 201 - /git/github.com/opencontainers/distribution-spec/conformance/02_push_test.go:244 @ 04/03/24 15:51:16.681&#xA;&lt; Exit [It] PUT request with digest should return 201 - /git/github.com/opencontainers/distribution-spec/conformance/02_push_test.go:244 @ 04/03/24 15:51:16.683 (2ms)&#xA;&gt; Enter [ReportAfterEach] TOP-LEVEL - /git/github.com/opencontainers/distribution-spec/conformance/00_conformance_suite_test.go:25 @ 04/03/24 15:51:16.683&#xA;&lt; Exit [ReportAfterEach] TOP-LEVEL - /git/github.com/opencontainers/distribution-spec/conformance/00_conformance_suite_test.go:25 @ 04/03/24 15:51:16.683 (0s)&#xA;</system-err>
          </testcase>
          <testcase name="OCI Distribution Conformance Tests Push Cross-Repository Blob Mount Cross-mounting of a blob without the from argument should yield session id" classname="conformance tests" status="passed" time="0.002434194">
              <system-err>&gt; Enter [It] Cross-mounting of a blob without the from argument should yield session id - /git/github.com/opencontainers/distribution-spec/conformance/02_push_test.go:259 @ 04/03/24 15:51:16.683&#xA;&lt; Exit [It] Cross-mounting of a blob without the from argument should yield session id - /git/github.com/opencontainers/distribution-spec/conformance/02_push_test.go:259 @ 04/03/24 15:51:16.685 (2ms)&#xA;&gt; Enter [ReportAfterEach] TOP-LEVEL - /git/github.com/opencontainers/distribution-spec/conformance/00_conformance_suite_test.go:25 @ 04/03/24 15:51:16.686&#xA;&lt; Exit [ReportAfterEach] TOP-LEVEL - /git/github.com/opencontainers/distribution-spec/conformance/00_conformance_suite_test.go:25 @ 04/03/24 15:51:16.686 (0s)&#xA;</system-err>
          </testcase>
          <testcase name="OCI Distribution Conformance Tests Push Cross-Repository Blob Mount POST request to mount another repository&#39;s blob should return 201 or 202" classname="conformance tests" status="passed" time="0.002101959">
              <system-err>&gt; Enter [It] POST request to mount another repository&#39;s blob should return 201 or 202 - /git/github.com/opencontainers/distribution-spec/conformance/02_push_test.go:270 @ 04/03/24 15:51:16.686&#xA;&lt; Exit [It] POST request to mount another repository&#39;s blob should return 201 or 202 - /git/github.com/opencontainers/distribution-spec/conformance/02_push_test.go:270 @ 04/03/24 15:51:16.688 (2ms)&#xA;&gt; Enter [ReportAfterEach] TOP-LEVEL - /git/github.com/opencontainers/distribution-spec/conformance/00_conformance_suite_test.go:25 @ 04/03/24 15:51:16.688&#xA;&lt; Exit [ReportAfterEach] TOP-LEVEL - /git/github.com/opencontainers/distribution-spec/conformance/00_conformance_suite_test.go:25 @ 04/03/24 15:51:16.688 (0s)&#xA;</system-err>
          </testcase>
          <testcase name="OCI Distribution Conformance Tests Push Cross-Repository Blob Mount GET request to test digest within cross-mount namespace should return 200" classname="conformance tests" status="passed" time="0.001591456">
              <system-err>&gt; Enter [It] GET request to test digest within cross-mount namespace should return 200 - /git/github.com/opencontainers/distribution-spec/conformance/02_push_test.go:285 @ 04/03/24 15:51:16.688&#xA;&lt; Exit [It] GET request to test digest within cross-mount namespace should return 200 - /git/github.com/opencontainers/distribution-spec/conformance/02_push_test.go:285 @ 04/03/24 15:51:16.689 (2ms)&#xA;&gt; Enter [ReportAfterEach] TOP-LEVEL - /git/github.com/opencontainers/distribution-spec/conformance/00_conformance_suite_test.go:25 @ 04/03/24 15:51:16.689&#xA;&lt; Exit [ReportAfterEach] TOP-LEVEL - /git/github.com/opencontainers/distribution-spec/conformance/00_conformance_suite_test.go:25 @ 04/03/24 15:51:16.69 (0s)&#xA;</system-err>
          </testcase>
          <testcase name="OCI Distribution Conformance Tests Push Cross-Repository Blob Mount Cross-mounting of nonexistent blob should yield session id" classname="conformance tests" status="skipped" time="0.000505864">
              <skipped message="skipped - you have skipped this test."></skipped>
              <system-err>&gt; Enter [It] Cross-mounting of nonexistent blob should yield session id - /git/github.com/opencontainers/distribution-spec/conformance/02_push_test.go:295 @ 04/03/24 15:51:16.69&#xA;[SKIPPED] you have skipped this test.&#xA;In [It] at: /git/github.com/opencontainers/distribution-spec/conformance/setup.go:585 @ 04/03/24 15:51:16.69&#xA;&lt; Exit [It] Cross-mounting of nonexistent blob should yield session id - /git/github.com/opencontainers/distribution-spec/conformance/02_push_test.go:295 @ 04/03/24 15:51:16.69 (0s)&#xA;&gt; Enter [ReportAfterEach] TOP-LEVEL - /git/github.com/opencontainers/distribution-spec/conformance/00_conformance_suite_test.go:25 @ 04/03/24 15:51:16.69&#xA;&lt; Exit [ReportAfterEach] TOP-LEVEL - /git/github.com/opencontainers/distribution-spec/conformance/00_conformance_suite_test.go:25 @ 04/03/24 15:51:16.69 (0s)&#xA;</system-err>
          </testcase>
          <testcase name="OCI Distribution Conformance Tests Push Cross-Repository Blob Mount Cross-mounting without from, and automatic content discovery enabled should return a 201" classname="conformance tests" status="skipped" time="0.000457169">
              <skipped message="skipped - you have skipped this test."></skipped>
              <system-err>&gt; Enter [It] Cross-mounting without from, and automatic content discovery enabled should return a 201 - /git/github.com/opencontainers/distribution-spec/conformance/02_push_test.go:301 @ 04/03/24 15:51:16.69&#xA;[SKIPPED] you have skipped this test.&#xA;In [It] at: /git/github.com/opencontainers/distribution-spec/conformance/setup.go:585 @ 04/03/24 15:51:16.691&#xA;&lt; Exit [It] Cross-mounting without from, and automatic content discovery enabled should return a 201 - /git/github.com/opencontainers/distribution-spec/conformance/02_push_test.go:301 @ 04/03/24 15:51:16.691 (0s)&#xA;&gt; Enter [ReportAfterEach] TOP-LEVEL - /git/github.com/opencontainers/distribution-spec/conformance/00_conformance_suite_test.go:25 @ 04/03/24 15:51:16.691&#xA;&lt; Exit [ReportAfterEach] TOP-LEVEL - /git/github.com/opencontainers/distribution-spec/conformance/00_conformance_suite_test.go:25 @ 04/03/24 15:51:16.691 (0s)&#xA;</system-err>
          </testcase>
          <testcase name="OCI Distribution Conformance Tests Push Cross-Repository Blob Mount Cross-mounting without from, and automatic content discovery disabled should return a 202" classname="conformance tests" status="skipped" time="0.000411637">
              <skipped message="skipped - you have skipped this test."></skipped>
              <system-err>&gt; Enter [It] Cross-mounting without from, and automatic content discovery disabled should return a 202 - /git/github.com/opencontainers/distribution-spec/conformance/02_push_test.go:314 @ 04/03/24 15:51:16.691&#xA;[SKIPPED] you have skipped this test.&#xA;In [It] at: /git/github.com/opencontainers/distribution-spec/conformance/setup.go:585 @ 04/03/24 15:51:16.691&#xA;&lt; Exit [It] Cross-mounting without from, and automatic content discovery disabled should return a 202 - /git/github.com/opencontainers/distribution-spec/conformance/02_push_test.go:314 @ 04/03/24 15:51:16.691 (0s)&#xA;&gt; Enter [ReportAfterEach] TOP-LEVEL - /git/github.com/opencontainers/distribution-spec/conformance/00_conformance_suite_test.go:25 @ 04/03/24 15:51:16.691&#xA;&lt; Exit [ReportAfterEach] TOP-LEVEL - /git/github.com/opencontainers/distribution-spec/conformance/00_conformance_suite_test.go:25 @ 04/03/24 15:51:16.691 (0s)&#xA;</system-err>
          </testcase>
          <testcase name="OCI Distribution Conformance Tests Push Manifest Upload GET nonexistent manifest should return 404" classname="conformance tests" status="passed" time="0.001870863">
              <system-err>&gt; Enter [It] GET nonexistent manifest should return 404 - /git/github.com/opencontainers/distribution-spec/conformance/02_push_test.go:329 @ 04/03/24 15:51:16.691&#xA;&lt; Exit [It] GET nonexistent manifest should return 404 - /git/github.com/opencontainers/distribution-spec/conformance/02_push_test.go:329 @ 04/03/24 15:51:16.693 (2ms)&#xA;&gt; Enter [ReportAfterEach] TOP-LEVEL - /git/github.com/opencontainers/distribution-spec/conformance/00_conformance_suite_test.go:25 @ 04/03/24 15:51:16.693&#xA;&lt; Exit [ReportAfterEach] TOP-LEVEL - /git/github.com/opencontainers/distribution-spec/conformance/00_conformance_suite_test.go:25 @ 04/03/24 15:51:16.695 (2ms)&#xA;</system-err>
          </testcase>
          <testcase name="OCI Distribution Conformance Tests Push Manifest Upload PUT should accept a manifest upload" classname="conformance tests" status="passed" time="0.012554778">
              <system-err>&gt; Enter [It] PUT should accept a manifest upload - /git/github.com/opencontainers/distribution-spec/conformance/02_push_test.go:338 @ 04/03/24 15:51:16.695&#xA;&lt; Exit [It] PUT should accept a manifest upload - /git/github.com/opencontainers/distribution-spec/conformance/02_push_test.go:338 @ 04/03/24 15:51:16.708 (13ms)&#xA;&gt; Enter [ReportAfterEach] TOP-LEVEL - /git/github.com/opencontainers/distribution-spec/conformance/00_conformance_suite_test.go:25 @ 04/03/24 15:51:16.708&#xA;&lt; Exit [ReportAfterEach] TOP-LEVEL - /git/github.com/opencontainers/distribution-spec/conformance/00_conformance_suite_test.go:25 @ 04/03/24 15:51:16.708 (0s)&#xA;</system-err>
          </testcase>
          <testcase name="OCI Distribution Conformance Tests Push Manifest Upload Registry should accept a manifest upload with no layers" classname="conformance tests" status="passed" time="0.002737505">
              <system-err>&gt; Enter [It] Registry should accept a manifest upload with no layers - /git/github.com/opencontainers/distribution-spec/conformance/02_push_test.go:354 @ 04/03/24 15:51:16.708&#xA;&lt; Exit [It] Registry should accept a manifest upload with no layers - /git/github.com/opencontainers/distribution-spec/conformance/02_push_test.go:354 @ 04/03/24 15:51:16.711 (3ms)&#xA;&gt; Enter [ReportAfterEach] TOP-LEVEL - /git/github.com/opencontainers/distribution-spec/conformance/00_conformance_suite_test.go:25 @ 04/03/24 15:51:16.711&#xA;&lt; Exit [ReportAfterEach] TOP-LEVEL - /git/github.com/opencontainers/distribution-spec/conformance/00_conformance_suite_test.go:25 @ 04/03/24 15:51:16.711 (0s)&#xA;</system-err>
          </testcase>
          <testcase name="OCI Distribution Conformance Tests Push Manifest Upload GET request to manifest URL (digest) should yield 200 response" classname="conformance tests" status="passed" time="0.002236876">
              <system-err>&gt; Enter [It] GET request to manifest URL (digest) should yield 200 response - /git/github.com/opencontainers/distribution-spec/conformance/02_push_test.go:372 @ 04/03/24 15:51:16.711&#xA;&lt; Exit [It] GET request to manifest URL (digest) should yield 200 response - /git/github.com/opencontainers/distribution-spec/conformance/02_push_test.go:372 @ 04/03/24 15:51:16.713 (2ms)&#xA;&gt; Enter [ReportAfterEach] TOP-LEVEL - /git/github.com/opencontainers/distribution-spec/conformance/00_conformance_suite_test.go:25 @ 04/03/24 15:51:16.713&#xA;&lt; Exit [ReportAfterEach] TOP-LEVEL - /git/github.com/opencontainers/distribution-spec/conformance/00_conformance_suite_test.go:25 @ 04/03/24 15:51:16.713 (0s)&#xA;</system-err>
          </testcase>
          <testcase name="OCI Distribution Conformance Tests Push Teardown Delete manifest created in tests" classname="conformance tests" status="passed" time="0.003554008">
              <system-err>&gt; Enter [It] Delete manifest created in tests - /git/github.com/opencontainers/distribution-spec/conformance/02_push_test.go:384 @ 04/03/24 15:51:16.713&#xA;&lt; Exit [It] Delete manifest created in tests - /git/github.com/opencontainers/distribution-spec/conformance/02_push_test.go:384 @ 04/03/24 15:51:16.717 (4ms)&#xA;&gt; Enter [ReportAfterEach] TOP-LEVEL - /git/github.com/opencontainers/distribution-spec/conformance/00_conformance_suite_test.go:25 @ 04/03/24 15:51:16.717&#xA;&lt; Exit [ReportAfterEach] TOP-LEVEL - /git/github.com/opencontainers/distribution-spec/conformance/00_conformance_suite_test.go:25 @ 04/03/24 15:51:16.717 (0s)&#xA;</system-err>
          </testcase>
          <testcase name="OCI Distribution Conformance Tests Push Teardown Delete config blob created in tests" classname="conformance tests" status="passed" time="0.001528772">
              <system-err>&gt; Enter [It] Delete config blob created in tests - /git/github.com/opencontainers/distribution-spec/conformance/02_push_test.go:412 @ 04/03/24 15:51:16.717&#xA;&lt; Exit [It] Delete config blob created in tests - /git/github.com/opencontainers/distribution-spec/conformance/02_push_test.go:412 @ 04/03/24 15:51:16.718 (2ms)&#xA;&gt; Enter [ReportAfterEach] TOP-LEVEL - /git/github.com/opencontainers/distribution-spec/conformance/00_conformance_suite_test.go:25 @ 04/03/24 15:51:16.718&#xA;&lt; Exit [ReportAfterEach] TOP-LEVEL - /git/github.com/opencontainers/distribution-spec/conformance/00_conformance_suite_test.go:25 @ 04/03/24 15:51:16.718 (0s)&#xA;</system-err>
          </testcase>
          <testcase name="OCI Distribution Conformance Tests Push Teardown Delete layer blob created in setup" classname="conformance tests" status="passed" time="0.001388713">
              <system-err>&gt; Enter [It] Delete layer blob created in setup - /git/github.com/opencontainers/distribution-spec/conformance/02_push_test.go:428 @ 04/03/24 15:51:16.718&#xA;&lt; Exit [It] Delete layer blob created in setup - /git/github.com/opencontainers/distribution-spec/conformance/02_push_test.go:428 @ 04/03/24 15:51:16.72 (1ms)&#xA;&gt; Enter [ReportAfterEach] TOP-LEVEL - /git/github.com/opencontainers/distribution-spec/conformance/00_conformance_suite_test.go:25 @ 04/03/24 15:51:16.72&#xA;&lt; Exit [ReportAfterEach] TOP-LEVEL - /git/github.com/opencontainers/distribution-spec/conformance/00_conformance_suite_test.go:25 @ 04/03/24 15:51:16.72 (0s)&#xA;</system-err>
          </testcase>
          <testcase name="OCI Distribution Conformance Tests Content Discovery Setup Populate registry with test blob" classname="conformance tests" status="passed" time="0.003709164">
              <system-err>&gt; Enter [It] Populate registry with test blob - /git/github.com/opencontainers/distribution-spec/conformance/03_discovery_test.go:24 @ 04/03/24 15:51:16.72&#xA;&lt; Exit [It] Populate registry with test blob - /git/github.com/opencontainers/distribution-spec/conformance/03_discovery_test.go:24 @ 04/03/24 15:51:16.724 (4ms)&#xA;&gt; Enter [ReportAfterEach] TOP-LEVEL - /git/github.com/opencontainers/distribution-spec/conformance/00_conformance_suite_test.go:25 @ 04/03/24 15:51:16.724&#xA;&lt; Exit [ReportAfterEach] TOP-LEVEL - /git/github.com/opencontainers/distribution-spec/conformance/00_conformance_suite_test.go:25 @ 04/03/24 15:51:16.724 (0s)&#xA;</system-err>
          </testcase>
          <testcase name="OCI Distribution Conformance Tests Content Discovery Setup Populate registry with test layer" classname="conformance tests" status="passed" time="0.003618561">
              <system-err>&gt; Enter [It] Populate registry with test layer - /git/github.com/opencontainers/distribution-spec/conformance/03_discovery_test.go:42 @ 04/03/24 15:51:16.724&#xA;&lt; Exit [It] Populate registry with test layer - /git/github.com/opencontainers/distribution-spec/conformance/03_discovery_test.go:42 @ 04/03/24 15:51:16.727 (4ms)&#xA;&gt; Enter [ReportAfterEach] TOP-LEVEL - /git/github.com/opencontainers/distribution-spec/conformance/00_conformance_suite_test.go:25 @ 04/03/24 15:51:16.727&#xA;&lt; Exit [ReportAfterEach] TOP-LEVEL - /git/github.com/opencontainers/distribution-spec/conformance/00_conformance_suite_test.go:25 @ 04/03/24 15:51:16.727 (0s)&#xA;</system-err>
          </testcase>
          <testcase name="OCI Distribution Conformance Tests Content Discovery Setup Populate registry with test tags" classname="conformance tests" status="passed" time="0.011289409">
              <system-err>&gt; Enter [It] Populate registry with test tags - /git/github.com/opencontainers/distribution-spec/conformance/03_discovery_test.go:60 @ 04/03/24 15:51:16.727&#xA;&lt; Exit [It] Populate registry with test tags - /git/github.com/opencontainers/distribution-spec/conformance/03_discovery_test.go:60 @ 04/03/24 15:51:16.739 (11ms)&#xA;&gt; Enter [ReportAfterEach] TOP-LEVEL - /git/github.com/opencontainers/distribution-spec/conformance/00_conformance_suite_test.go:25 @ 04/03/24 15:51:16.739&#xA;&lt; Exit [ReportAfterEach] TOP-LEVEL - /git/github.com/opencontainers/distribution-spec/conformance/00_conformance_suite_test.go:25 @ 04/03/24 15:51:16.739 (0s)&#xA;</system-err>
          </testcase>
          <testcase name="OCI Distribution Conformance Tests Content Discovery Setup Populate registry with test tags (no push)" classname="conformance tests" status="skipped" time="0.000577361">
              <skipped message="skipped - you have skipped this test."></skipped>
              <system-err>&gt; Enter [It] Populate registry with test tags (no push) - /git/github.com/opencontainers/distribution-spec/conformance/03_discovery_test.go:82 @ 04/03/24 15:51:16.739&#xA;[SKIPPED] you have skipped this test.&#xA;In [It] at: /git/github.com/opencontainers/distribution-spec/conformance/setup.go:591 @ 04/03/24 15:51:16.739&#xA;&lt; Exit [It] Populate registry with test tags (no push) - /git/github.com/opencontainers/distribution-spec/conformance/03_discovery_test.go:82 @ 04/03/24 15:51:16.739 (1ms)&#xA;&gt; Enter [ReportAfterEach] TOP-LEVEL - /git/github.com/opencontainers/distribution-spec/conformance/00_conformance_suite_test.go:25 @ 04/03/24 15:51:16.74&#xA;&lt; Exit [ReportAfterEach] TOP-LEVEL - /git/github.com/opencontainers/distribution-spec/conformance/00_conformance_suite_test.go:25 @ 04/03/24 15:51:16.74 (0s)&#xA;</system-err>
          </testcase>
          <testcase name="OCI Distribution Conformance Tests Content Discovery Setup References setup" classname="conformance tests" status="passed" time="0.042097026">
              <system-err>&gt; Enter [It] References setup - /git/github.com/opencontainers/distribution-spec/conformance/03_discovery_test.go:88 @ 04/03/24 15:51:16.74&#xA;&lt; Exit [It] References setup - /git/github.com/opencontainers/distribution-spec/conformance/03_discovery_test.go:88 @ 04/03/24 15:51:16.782 (42ms)&#xA;&gt; Enter [ReportAfterEach] TOP-LEVEL - /git/github.com/opencontainers/distribution-spec/conformance/00_conformance_suite_test.go:25 @ 04/03/24 15:51:16.782&#xA;&lt; Exit [ReportAfterEach] TOP-LEVEL - /git/github.com/opencontainers/distribution-spec/conformance/00_conformance_suite_test.go:25 @ 04/03/24 15:51:16.782 (0s)&#xA;</system-err>
          </testcase>
          <testcase name="OCI Distribution Conformance Tests Content Discovery Test content discovery endpoints (listing tags) GET request to list tags should yield 200 response" classname="conformance tests" status="passed" time="0.001429496">
              <system-err>&gt; Enter [It] GET request to list tags should yield 200 response - /git/github.com/opencontainers/distribution-spec/conformance/03_discovery_test.go:256 @ 04/03/24 15:51:16.782&#xA;&lt; Exit [It] GET request to list tags should yield 200 response - /git/github.com/opencontainers/distribution-spec/conformance/03_discovery_test.go:256 @ 04/03/24 15:51:16.783 (1ms)&#xA;&gt; Enter [ReportAfterEach] TOP-LEVEL - /git/github.com/opencontainers/distribution-spec/conformance/00_conformance_suite_test.go:25 @ 04/03/24 15:51:16.783&#xA;&lt; Exit [ReportAfterEach] TOP-LEVEL - /git/github.com/opencontainers/distribution-spec/conformance/00_conformance_suite_test.go:25 @ 04/03/24 15:51:16.784 (0s)&#xA;</system-err>
          </testcase>
          <testcase name="OCI Distribution Conformance Tests Content Discovery Test content discovery endpoints (listing tags) GET number of tags should be limitable by `n` query parameter" classname="conformance tests" status="passed" time="0.001456266">
              <system-err>&gt; Enter [It] GET number of tags should be limitable by `n` query parameter - /git/github.com/opencontainers/distribution-spec/conformance/03_discovery_test.go:266 @ 04/03/24 15:51:16.784&#xA;&lt; Exit [It] GET number of tags should be limitable by `n` query parameter - /git/github.com/opencontainers/distribution-spec/conformance/03_discovery_test.go:266 @ 04/03/24 15:51:16.785 (1ms)&#xA;&gt; Enter [ReportAfterEach] TOP-LEVEL - /git/github.com/opencontainers/distribution-spec/conformance/00_conformance_suite_test.go:25 @ 04/03/24 15:51:16.785&#xA;&lt; Exit [ReportAfterEach] TOP-LEVEL - /git/github.com/opencontainers/distribution-spec/conformance/00_conformance_suite_test.go:25 @ 04/03/24 15:51:16.785 (0s)&#xA;</system-err>
          </testcase>
          <testcase name="OCI Distribution Conformance Tests Content Discovery Test content discovery endpoints (listing tags) GET start of tag is set by `last` query parameter" classname="conformance tests" status="passed" time="0.002985934">
              <system-err>&gt; Enter [It] GET start of tag is set by `last` query parameter - /git/github.com/opencontainers/distribution-spec/conformance/03_discovery_test.go:279 @ 04/03/24 15:51:16.785&#xA;&lt; Exit [It] GET start of tag is set by `last` query parameter - /git/github.com/opencontainers/distribution-spec/conformance/03_discovery_test.go:279 @ 04/03/24 15:51:16.788 (3ms)&#xA;&gt; Enter [ReportAfterEach] TOP-LEVEL - /git/github.com/opencontainers/distribution-spec/conformance/00_conformance_suite_test.go:25 @ 04/03/24 15:51:16.788&#xA;&lt; Exit [ReportAfterEach] TOP-LEVEL - /git/github.com/opencontainers/distribution-spec/conformance/00_conformance_suite_test.go:25 @ 04/03/24 15:51:16.788 (0s)&#xA;</system-err>
          </testcase>
          <testcase name="OCI Distribution Conformance Tests Content Discovery Test content discovery endpoints (listing references) GET request to nonexistent blob should result in empty 200 response" classname="conformance tests" status="passed" time="0.001858615">
              <system-err>&gt; Enter [It] GET request to nonexistent blob should result in empty 200 response - /git/github.com/opencontainers/distribution-spec/conformance/03_discovery_test.go:300 @ 04/03/24 15:51:16.788&#xA;&lt; Exit [It] GET request to nonexistent blob should result in empty 200 response - /git/github.com/opencontainers/distribution-spec/conformance/03_discovery_test.go:300 @ 04/03/24 15:51:16.79 (2ms)&#xA;&gt; Enter [ReportAfterEach] TOP-LEVEL - /git/github.com/opencontainers/distribution-spec/conformance/00_conformance_suite_test.go:25 @ 04/03/24 15:51:16.79&#xA;&lt; Exit [ReportAfterEach] TOP-LEVEL - /git/github.com/opencontainers/distribution-spec/conformance/00_conformance_suite_test.go:25 @ 04/03/24 15:51:16.79 (0s)&#xA;</system-err>
          </testcase>
          <testcase name="OCI Distribution Conformance Tests Content Discovery Test content discovery endpoints (listing references) GET request to existing blob should yield 200" classname="conformance tests" status="passed" time="0.002808915">
              <system-err>&gt; Enter [It] GET request to existing blob should yield 200 - /git/github.com/opencontainers/distribution-spec/conformance/03_discovery_test.go:315 @ 04/03/24 15:51:16.79&#xA;&lt; Exit [It] GET request to existing blob should yield 200 - /git/github.com/opencontainers/distribution-spec/conformance/03_discovery_test.go:315 @ 04/03/24 15:51:16.793 (3ms)&#xA;&gt; Enter [ReportAfterEach] TOP-LEVEL - /git/github.com/opencontainers/distribution-spec/conformance/00_conformance_suite_test.go:25 @ 04/03/24 15:51:16.793&#xA;&lt; Exit [ReportAfterEach] TOP-LEVEL - /git/github.com/opencontainers/distribution-spec/conformance/00_conformance_suite_test.go:25 @ 04/03/24 15:51:16.793 (0s)&#xA;</system-err>
          </testcase>
          <testcase name="OCI Distribution Conformance Tests Content Discovery Test content discovery endpoints (listing references) GET request to existing blob with filter should yield 200" classname="conformance tests" status="passed" time="0.002854758">
              <system-err>&gt; Enter [It] GET request to existing blob with filter should yield 200 - /git/github.com/opencontainers/distribution-spec/conformance/03_discovery_test.go:335 @ 04/03/24 15:51:16.793&#xA;&lt; Exit [It] GET request to existing blob with filter should yield 200 - /git/github.com/opencontainers/distribution-spec/conformance/03_discovery_test.go:335 @ 04/03/24 15:51:16.796 (3ms)&#xA;&gt; Enter [ReportAfterEach] TOP-LEVEL - /git/github.com/opencontainers/distribution-spec/conformance/00_conformance_suite_test.go:25 @ 04/03/24 15:51:16.796&#xA;&lt; Exit [ReportAfterEach] TOP-LEVEL - /git/github.com/opencontainers/distribution-spec/conformance/00_conformance_suite_test.go:25 @ 04/03/24 15:51:16.796 (0s)&#xA;</system-err>
          </testcase>
          <testcase name="OCI Distribution Conformance Tests Content Discovery Test content discovery endpoints (listing references) GET request to missing manifest should yield 200" classname="conformance tests" status="passed" time="0.001827152">
              <system-err>&gt; Enter [It] GET request to missing manifest should yield 200 - /git/github.com/opencontainers/distribution-spec/conformance/03_discovery_test.go:367 @ 04/03/24 15:51:16.796&#xA;&lt; Exit [It] GET request to missing manifest should yield 200 - /git/github.com/opencontainers/distribution-spec/conformance/03_discovery_test.go:367 @ 04/03/24 15:51:16.798 (2ms)&#xA;&gt; Enter [ReportAfterEach] TOP-LEVEL - /git/github.com/opencontainers/distribution-spec/conformance/00_conformance_suite_test.go:25 @ 04/03/24 15:51:16.798&#xA;&lt; Exit [ReportAfterEach] TOP-LEVEL - /git/github.com/opencontainers/distribution-spec/conformance/00_conformance_suite_test.go:25 @ 04/03/24 15:51:16.798 (0s)&#xA;</system-err>
          </testcase>
          <testcase name="OCI Distribution Conformance Tests Content Discovery Teardown Delete created manifest &amp; associated tags" classname="conformance tests" status="passed" time="0.018482832">
              <system-err>&gt; Enter [It] Delete created manifest &amp; associated tags - /git/github.com/opencontainers/distribution-spec/conformance/03_discovery_test.go:386 @ 04/03/24 15:51:16.798&#xA;&lt; Exit [It] Delete created manifest &amp; associated tags - /git/github.com/opencontainers/distribution-spec/conformance/03_discovery_test.go:386 @ 04/03/24 15:51:16.817 (18ms)&#xA;&gt; Enter [ReportAfterEach] TOP-LEVEL - /git/github.com/opencontainers/distribution-spec/conformance/00_conformance_suite_test.go:25 @ 04/03/24 15:51:16.817&#xA;&lt; Exit [ReportAfterEach] TOP-LEVEL - /git/github.com/opencontainers/distribution-spec/conformance/00_conformance_suite_test.go:25 @ 04/03/24 15:51:16.817 (0s)&#xA;</system-err>
          </testcase>
          <testcase name="OCI Distribution Conformance Tests Content Discovery Teardown Delete config blob created in tests" classname="conformance tests" status="passed" time="0.001347878">
              <system-err>&gt; Enter [It] Delete config blob created in tests - /git/github.com/opencontainers/distribution-spec/conformance/03_discovery_test.go:415 @ 04/03/24 15:51:16.817&#xA;&lt; Exit [It] Delete config blob created in tests - /git/github.com/opencontainers/distribution-spec/conformance/03_discovery_test.go:415 @ 04/03/24 15:51:16.818 (1ms)&#xA;&gt; Enter [ReportAfterEach] TOP-LEVEL - /git/github.com/opencontainers/distribution-spec/conformance/00_conformance_suite_test.go:25 @ 04/03/24 15:51:16.818&#xA;&lt; Exit [ReportAfterEach] TOP-LEVEL - /git/github.com/opencontainers/distribution-spec/conformance/00_conformance_suite_test.go:25 @ 04/03/24 15:51:16.818 (0s)&#xA;</system-err>
          </testcase>
          <testcase name="OCI Distribution Conformance Tests Content Discovery Teardown Delete layer blob created in setup" classname="conformance tests" status="passed" time="0.00298663">
              <system-err>&gt; Enter [It] Delete layer blob created in setup - /git/github.com/opencontainers/distribution-spec/conformance/03_discovery_test.go:430 @ 04/03/24 15:51:16.818&#xA;&lt; Exit [It] Delete layer blob created in setup - /git/github.com/opencontainers/distribution-spec/conformance/03_discovery_test.go:430 @ 04/03/24 15:51:16.821 (3ms)&#xA;&gt; Enter [ReportAfterEach] TOP-LEVEL - /git/github.com/opencontainers/distribution-spec/conformance/00_conformance_suite_test.go:25 @ 04/03/24 15:51:16.821&#xA;&lt; Exit [ReportAfterEach] TOP-LEVEL - /git/github.com/opencontainers/distribution-spec/conformance/00_conformance_suite_test.go:25 @ 04/03/24 15:51:16.822 (0s)&#xA;</system-err>
          </testcase>
          <testcase name="OCI Distribution Conformance Tests Content Discovery Teardown References teardown" classname="conformance tests" status="passed" time="0.013501764">
              <system-err>&gt; Enter [It] References teardown - /git/github.com/opencontainers/distribution-spec/conformance/03_discovery_test.go:475 @ 04/03/24 15:51:16.822&#xA;&lt; Exit [It] References teardown - /git/github.com/opencontainers/distribution-spec/conformance/03_discovery_test.go:475 @ 04/03/24 15:51:16.835 (13ms)&#xA;&gt; Enter [ReportAfterEach] TOP-LEVEL - /git/github.com/opencontainers/distribution-spec/conformance/00_conformance_suite_test.go:25 @ 04/03/24 15:51:16.835&#xA;&lt; Exit [ReportAfterEach] TOP-LEVEL - /git/github.com/opencontainers/distribution-spec/conformance/00_conformance_suite_test.go:25 @ 04/03/24 15:51:16.835 (0s)&#xA;</system-err>
          </testcase>
          <testcase name="OCI Distribution Conformance Tests Content Management Setup Populate registry with test config blob" classname="conformance tests" status="passed" time="0.003472144">
              <system-err>&gt; Enter [It] Populate registry with test config blob - /git/github.com/opencontainers/distribution-spec/conformance/04_management_test.go:21 @ 04/03/24 15:51:16.835&#xA;&lt; Exit [It] Populate registry with test config blob - /git/github.com/opencontainers/distribution-spec/conformance/04_management_test.go:21 @ 04/03/24 15:51:16.839 (3ms)&#xA;&gt; Enter [ReportAfterEach] TOP-LEVEL - /git/github.com/opencontainers/distribution-spec/conformance/00_conformance_suite_test.go:25 @ 04/03/24 15:51:16.839&#xA;&lt; Exit [ReportAfterEach] TOP-LEVEL - /git/github.com/opencontainers/distribution-spec/conformance/00_conformance_suite_test.go:25 @ 04/03/24 15:51:16.839 (0s)&#xA;</system-err>
          </testcase>
          <testcase name="OCI Distribution Conformance Tests Content Management Setup Populate registry with test layer" classname="conformance tests" status="passed" time="0.004168478">
              <system-err>&gt; Enter [It] Populate registry with test layer - /git/github.com/opencontainers/distribution-spec/conformance/04_management_test.go:39 @ 04/03/24 15:51:16.839&#xA;&lt; Exit [It] Populate registry with test layer - /git/github.com/opencontainers/distribution-spec/conformance/04_management_test.go:39 @ 04/03/24 15:51:16.843 (4ms)&#xA;&gt; Enter [ReportAfterEach] TOP-LEVEL - /git/github.com/opencontainers/distribution-spec/conformance/00_conformance_suite_test.go:25 @ 04/03/24 15:51:16.843&#xA;&lt; Exit [ReportAfterEach] TOP-LEVEL - /git/github.com/opencontainers/distribution-spec/conformance/00_conformance_suite_test.go:25 @ 04/03/24 15:51:16.843 (0s)&#xA;</system-err>
          </testcase>
          <testcase name="OCI Distribution Conformance Tests Content Management Setup Populate registry with test tag" classname="conformance tests" status="passed" time="0.002819652">
              <system-err>&gt; Enter [It] Populate registry with test tag - /git/github.com/opencontainers/distribution-spec/conformance/04_management_test.go:57 @ 04/03/24 15:51:16.843&#xA;&lt; Exit [It] Populate registry with test tag - /git/github.com/opencontainers/distribution-spec/conformance/04_management_test.go:57 @ 04/03/24 15:51:16.846 (3ms)&#xA;&gt; Enter [ReportAfterEach] TOP-LEVEL - /git/github.com/opencontainers/distribution-spec/conformance/00_conformance_suite_test.go:25 @ 04/03/24 15:51:16.846&#xA;&lt; Exit [ReportAfterEach] TOP-LEVEL - /git/github.com/opencontainers/distribution-spec/conformance/00_conformance_suite_test.go:25 @ 04/03/24 15:51:16.846 (0s)&#xA;</system-err>
          </testcase>
          <testcase name="OCI Distribution Conformance Tests Content Management Setup Check how many tags there are before anything gets deleted" classname="conformance tests" status="passed" time="0.001275831">
              <system-err>&gt; Enter [It] Check how many tags there are before anything gets deleted - /git/github.com/opencontainers/distribution-spec/conformance/04_management_test.go:72 @ 04/03/24 15:51:16.846&#xA;&lt; Exit [It] Check how many tags there are before anything gets deleted - /git/github.com/opencontainers/distribution-spec/conformance/04_management_test.go:72 @ 04/03/24 15:51:16.847 (1ms)&#xA;&gt; Enter [ReportAfterEach] TOP-LEVEL - /git/github.com/opencontainers/distribution-spec/conformance/00_conformance_suite_test.go:25 @ 04/03/24 15:51:16.847&#xA;&lt; Exit [ReportAfterEach] TOP-LEVEL - /git/github.com/opencontainers/distribution-spec/conformance/00_conformance_suite_test.go:25 @ 04/03/24 15:51:16.848 (0s)&#xA;</system-err>
          </testcase>
          <testcase name="OCI Distribution Conformance Tests Content Management Manifest delete DELETE request to manifest tag should return 202, unless tag deletion is disallowed (400/405)" classname="conformance tests" status="passed" time="0.001798706">
              <system-err>&gt; Enter [It] DELETE request to manifest tag should return 202, unless tag deletion is disallowed (400/405) - /git/github.com/opencontainers/distribution-spec/conformance/04_management_test.go:88 @ 04/03/24 15:51:16.848&#xA;&lt; Exit [It] DELETE request to manifest tag should return 202, unless tag deletion is disallowed (400/405) - /git/github.com/opencontainers/distribution-spec/conformance/04_management_test.go:88 @ 04/03/24 15:51:16.849 (2ms)&#xA;&gt; Enter [ReportAfterEach] TOP-LEVEL - /git/github.com/opencontainers/distribution-spec/conformance/00_conformance_suite_test.go:25 @ 04/03/24 15:51:16.849&#xA;&lt; Exit [ReportAfterEach] TOP-LEVEL - /git/github.com/opencontainers/distribution-spec/conformance/00_conformance_suite_test.go:25 @ 04/03/24 15:51:16.849 (0s)&#xA;</system-err>
          </testcase>
          <testcase name="OCI Distribution Conformance Tests Content Management Manifest delete DELETE request to manifest (digest) should yield 202 response unless already deleted" classname="conformance tests" status="passed" time="0.00182279">
              <system-err>&gt; Enter [It] DELETE request to manifest (digest) should yield 202 response unless already deleted - /git/github.com/opencontainers/distribution-spec/conformance/04_management_test.go:106 @ 04/03/24 15:51:16.85&#xA;&lt; Exit [It] DELETE request to manifest (digest) should yield 202 response unless already deleted - /git/github.com/opencontainers/distribution-spec/conformance/04_management_test.go:106 @ 04/03/24 15:51:16.851 (2ms)&#xA;&gt; Enter [ReportAfterEach] TOP-LEVEL - /git/github.com/opencontainers/distribution-spec/conformance/00_conformance_suite_test.go:25 @ 04/03/24 15:51:16.851&#xA;&lt; Exit [ReportAfterEach] TOP-LEVEL - /git/github.com/opencontainers/distribution-spec/conformance/00_conformance_suite_test.go:25 @ 04/03/24 15:51:16.851 (0s)&#xA;</system-err>
          </testcase>
          <testcase name="OCI Distribution Conformance Tests Content Management Manifest delete GET request to deleted manifest URL should yield 404 response, unless delete is disallowed" classname="conformance tests" status="passed" time="0.00174836">
              <system-err>&gt; Enter [It] GET request to deleted manifest URL should yield 404 response, unless delete is disallowed - /git/github.com/opencontainers/distribution-spec/conformance/04_management_test.go:118 @ 04/03/24 15:51:16.852&#xA;&lt; Exit [It] GET request to deleted manifest URL should yield 404 response, unless delete is disallowed - /git/github.com/opencontainers/distribution-spec/conformance/04_management_test.go:118 @ 04/03/24 15:51:16.853 (2ms)&#xA;&gt; Enter [ReportAfterEach] TOP-LEVEL - /git/github.com/opencontainers/distribution-spec/conformance/00_conformance_suite_test.go:25 @ 04/03/24 15:51:16.853&#xA;&lt; Exit [ReportAfterEach] TOP-LEVEL - /git/github.com/opencontainers/distribution-spec/conformance/00_conformance_suite_test.go:25 @ 04/03/24 15:51:16.854 (0s)&#xA;</system-err>
          </testcase>
          <testcase name="OCI Distribution Conformance Tests Content Management Manifest delete GET request to tags list should reflect manifest deletion" classname="conformance tests" status="passed" time="0.001334246">
              <system-err>&gt; Enter [It] GET request to tags list should reflect manifest deletion - /git/github.com/opencontainers/distribution-spec/conformance/04_management_test.go:129 @ 04/03/24 15:51:16.854&#xA;&lt; Exit [It] GET request to tags list should reflect manifest deletion - /git/github.com/opencontainers/distribution-spec/conformance/04_management_test.go:129 @ 04/03/24 15:51:16.855 (1ms)&#xA;&gt; Enter [ReportAfterEach] TOP-LEVEL - /git/github.com/opencontainers/distribution-spec/conformance/00_conformance_suite_test.go:25 @ 04/03/24 15:51:16.855&#xA;&lt; Exit [ReportAfterEach] TOP-LEVEL - /git/github.com/opencontainers/distribution-spec/conformance/00_conformance_suite_test.go:25 @ 04/03/24 15:51:16.855 (0s)&#xA;</system-err>
          </testcase>
          <testcase name="OCI Distribution Conformance Tests Content Management Blob delete DELETE request to blob URL should yield 202 response" classname="conformance tests" status="passed" time="0.002529481">
              <system-err>&gt; Enter [It] DELETE request to blob URL should yield 202 response - /git/github.com/opencontainers/distribution-spec/conformance/04_management_test.go:153 @ 04/03/24 15:51:16.855&#xA;&lt; Exit [It] DELETE request to blob URL should yield 202 response - /git/github.com/opencontainers/distribution-spec/conformance/04_management_test.go:153 @ 04/03/24 15:51:16.858 (3ms)&#xA;&gt; Enter [ReportAfterEach] TOP-LEVEL - /git/github.com/opencontainers/distribution-spec/conformance/00_conformance_suite_test.go:25 @ 04/03/24 15:51:16.858&#xA;&lt; Exit [ReportAfterEach] TOP-LEVEL - /git/github.com/opencontainers/distribution-spec/conformance/00_conformance_suite_test.go:25 @ 04/03/24 15:51:16.858 (0s)&#xA;</system-err>
          </testcase>
          <testcase name="OCI Distribution Conformance Tests Content Management Blob delete GET request to deleted blob URL should yield 404 response" classname="conformance tests" status="skipped" time="0.000542415">
              <skipped message="skipped - you have skipped this test."></skipped>
              <system-err>&gt; Enter [It] GET request to deleted blob URL should yield 404 response - /git/github.com/opencontainers/distribution-spec/conformance/04_management_test.go:180 @ 04/03/24 15:51:16.858&#xA;[SKIPPED] you have skipped this test.&#xA;In [It] at: /git/github.com/opencontainers/distribution-spec/conformance/setup.go:585 @ 04/03/24 15:51:16.858&#xA;&lt; Exit [It] GET request to deleted blob URL should yield 404 response - /git/github.com/opencontainers/distribution-spec/conformance/04_management_test.go:180 @ 04/03/24 15:51:16.858 (1ms)&#xA;&gt; Enter [ReportAfterEach] TOP-LEVEL - /git/github.com/opencontainers/distribution-spec/conformance/00_conformance_suite_test.go:25 @ 04/03/24 15:51:16.858&#xA;&lt; Exit [ReportAfterEach] TOP-LEVEL - /git/github.com/opencontainers/distribution-spec/conformance/00_conformance_suite_test.go:25 @ 04/03/24 15:51:16.858 (0s)&#xA;</system-err>
          </testcase>
          <testcase name="html custom reporter" classname="conformance tests" status="passed" time="0.025438538">
              <system-err>&gt; Enter [ReportAfterSuite] TOP-LEVEL - /git/github.com/opencontainers/distribution-spec/conformance/00_conformance_suite_test.go:26 @ 04/03/24 15:51:16.858&#xA;&lt; Exit [ReportAfterSuite] TOP-LEVEL - /git/github.com/opencontainers/distribution-spec/conformance/00_conformance_suite_test.go:26 @ 04/03/24 15:51:16.884 (25ms)&#xA;</system-err>
          </testcase>
      </testsuite>
  </testsuites>